{"meta": {"format": 3, "version": "7.6.8", "timestamp": "2026-01-02T19:05:28.410573", "branch_coverage": false, "show_contexts": false}, "files": {"app\\__init__.py": {"executed_lines": [1, 5, 6, 7, 10, 20, 23, 24, 27, 28, 29, 30, 31, 32, 35, 38, 39, 42, 43, 45, 46, 48, 49, 51, 52, 53, 56, 57, 58, 61, 62, 65, 66, 75, 76, 85, 86, 95, 96, 105, 106, 117, 118, 128, 129, 164, 165, 177, 178, 217, 218, 227, 228, 238, 239, 241], "summary": {"covered_lines": 55, "num_statements": 105, "percent_covered": 52.38095238095238, "percent_covered_display": "52", "missing_lines": 50, "excluded_lines": 0}, "missing_lines": [68, 69, 78, 79, 88, 89, 98, 99, 108, 109, 110, 120, 121, 131, 132, 133, 135, 138, 139, 140, 147, 149, 150, 157, 171, 184, 185, 187, 194, 195, 196, 197, 198, 199, 200, 203, 204, 205, 206, 207, 209, 210, 211, 212, 214, 215, 224, 230, 231, 232], "excluded_lines": [], "functions": {"create_app": {"executed_lines": [20, 23, 24, 27, 28, 29, 30, 31, 32, 35, 38, 39, 42, 43, 48, 49, 56, 57, 58, 61, 62, 65, 66, 75, 76, 85, 86, 95, 96, 105, 106, 117, 118, 128, 129, 164, 165, 177, 178, 217, 218, 227, 228, 238, 239, 241], "summary": {"covered_lines": 46, "num_statements": 46, "percent_covered": 100.0, "percent_covered_display": "100", "missing_lines": 0, "excluded_lines": 0}, "missing_lines": [], "excluded_lines": []}, "create_app.log_request": {"executed_lines": [45, 46], "summary": {"covered_lines": 2, "num_statements": 2, "percent_covered": 100.0, "percent_covered_display": "100", "missing_lines": 0, "excluded_lines": 0}, "missing_lines": [], "excluded_lines": []}, "create_app.log_response": {"executed_lines": [51, 52, 53], "summary": {"covered_lines": 3, "num_statements": 3, "percent_covered": 100.0, "percent_covered_display": "100", "missing_lines": 0, "excluded_lines": 0}, "missing_lines": [], "excluded_lines": []}, "create_app.bad_request": {"executed_lines": [], "summary": {"covered_lines": 0, "num_statements": 2, "percent_covered": 0.0, "percent_covered_display": "0", "missing_lines": 2, "excluded_lines": 0}, "missing_lines": [68, 69], "excluded_lines": []}, "create_app.unauthorized": {"executed_lines": [], "summary": {"covered_lines": 0, "num_statements": 2, "percent_covered": 0.0, "percent_covered_display": "0", "missing_lines": 2, "excluded_lines": 0}, "missing_lines": [78, 79], "excluded_lines": []}, "create_app.forbidden": {"executed_lines": [], "summary": {"covered_lines": 0, "num_statements": 2, "percent_covered": 0.0, "percent_covered_display": "0", "missing_lines": 2, "excluded_lines": 0}, "missing_lines": [88, 89], "excluded_lines": []}, "create_app.not_found": {"executed_lines": [], "summary": {"covered_lines": 0, "num_statements": 2, "percent_covered": 0.0, "percent_covered_display": "0", "missing_lines": 2, "excluded_lines": 0}, "missing_lines": [98, 99], "excluded_lines": []}, "create_app.method_not_allowed": {"executed_lines": [], "summary": {"covered_lines": 0, "num_statements": 3, "percent_covered": 0.0, "percent_covered_display": "0", "missing_lines": 3, "excluded_lines": 0}, "missing_lines": [108, 109, 110], "excluded_lines": []}, "create_app.unprocessable_entity": {"executed_lines": [], "summary": {"covered_lines": 0, "num_statements": 2, "percent_covered": 0.0, "percent_covered_display": "0", "missing_lines": 2, "excluded_lines": 0}, "missing_lines": [120, 121], "excluded_lines": []}, "create_app.handle_exception": {"executed_lines": [], "summary": {"covered_lines": 0, "num_statements": 11, "percent_covered": 0.0, "percent_covered_display": "0", "missing_lines": 11, "excluded_lines": 0}, "missing_lines": [131, 132, 133, 135, 138, 139, 140, 147, 149, 150, 157], "excluded_lines": []}, "create_app.health_check": {"executed_lines": [], "summary": {"covered_lines": 0, "num_statements": 1, "percent_covered": 0.0, "percent_covered_display": "0", "missing_lines": 1, "excluded_lines": 0}, "missing_lines": [171], "excluded_lines": []}, "create_app.readiness_check": {"executed_lines": [], "summary": {"covered_lines": 0, "num_statements": 21, "percent_covered": 0.0, "percent_covered_display": "0", "missing_lines": 21, "excluded_lines": 0}, "missing_lines": [184, 185, 187, 194, 195, 196, 197, 198, 199, 200, 203, 204, 205, 206, 207, 209, 210, 211, 212, 214, 215], "excluded_lines": []}, "create_app.liveness_check": {"executed_lines": [], "summary": {"covered_lines": 0, "num_statements": 1, "percent_covered": 0.0, "percent_covered_display": "0", "missing_lines": 1, "excluded_lines": 0}, "missing_lines": [224], "excluded_lines": []}, "create_app.test_endpoint": {"executed_lines": [], "summary": {"covered_lines": 0, "num_statements": 3, "percent_covered": 0.0, "percent_covered_display": "0", "missing_lines": 3, "excluded_lines": 0}, "missing_lines": [230, 231, 232], "excluded_lines": []}, "": {"executed_lines": [1, 5, 6, 7, 10], "summary": {"covered_lines": 4, "num_statements": 4, "percent_covered": 100.0, "percent_covered_display": "100", "missing_lines": 0, "excluded_lines": 0}, "missing_lines": [], "excluded_lines": []}}, "classes": {"": {"executed_lines": [1, 5, 6, 7, 10, 20, 23, 24, 27, 28, 29, 30, 31, 32, 35, 38, 39, 42, 43, 45, 46, 48, 49, 51, 52, 53, 56, 57, 58, 61, 62, 65, 66, 75, 76, 85, 86, 95, 96, 105, 106, 117, 118, 128, 129, 164, 165, 177, 178, 217, 218, 227, 228, 238, 239, 241], "summary": {"covered_lines": 55, "num_statements": 105, "percent_covered": 52.38095238095238, "percent_covered_display": "52", "missing_lines": 50, "excluded_lines": 0}, "missing_lines": [68, 69, 78, 79, 88, 89, 98, 99, 108, 109, 110, 120, 121, 131, 132, 133, 135, 138, 139, 140, 147, 149, 150, 157, 171, 184, 185, 187, 194, 195, 196, 197, 198, 199, 200, 203, 204, 205, 206, 207, 209, 210, 211, 212, 214, 215, 224, 230, 231, 232], "excluded_lines": []}}}, "app\\admin\\__init__.py": {"executed_lines": [1], "summary": {"covered_lines": 0, "num_statements": 0, "percent_covered": 100.0, "percent_covered_display": "100", "missing_lines": 0, "excluded_lines": 0}, "missing_lines": [], "excluded_lines": [], "functions": {"": {"executed_lines": [1], "summary": {"covered_lines": 0, "num_statements": 0, "percent_covered": 100.0, "percent_covered_display": "100", "missing_lines": 0, "excluded_lines": 0}, "missing_lines": [], "excluded_lines": []}}, "classes": {"": {"executed_lines": [1], "summary": {"covered_lines": 0, "num_statements": 0, "percent_covered": 100.0, "percent_covered_display": "100", "missing_lines": 0, "excluded_lines": 0}, "missing_lines": [], "excluded_lines": []}}}, "app\\admin\\controllers\\__init__.py": {"executed_lines": [1, 2, 4], "summary": {"covered_lines": 2, "num_statements": 2, "percent_covered": 100.0, "percent_covered_display": "100", "missing_lines": 0, "excluded_lines": 0}, "missing_lines": [], "excluded_lines": [], "functions": {"": {"executed_lines": [1, 2, 4], "summary": {"covered_lines": 2, "num_statements": 2, "percent_covered": 100.0, "percent_covered_display": "100", "missing_lines": 0, "excluded_lines": 0}, "missing_lines": [], "excluded_lines": []}}, "classes": {"": {"executed_lines": [1, 2, 4], "summary": {"covered_lines": 2, "num_statements": 2, "percent_covered": 100.0, "percent_covered_display": "100", "missing_lines": 0, "excluded_lines": 0}, "missing_lines": [], "excluded_lines": []}}}, "app\\admin\\controllers\\admin_controller.py": {"executed_lines": [1, 5, 6, 7, 8, 9, 12, 13, 15, 16, 18, 23, 24, 25, 26, 28, 33, 34, 35, 36, 38, 49, 54, 55, 56, 59, 60, 61, 62, 63, 64, 66, 76, 93, 120, 125, 126, 127, 128, 130, 131, 136, 137, 139, 146, 152, 163, 168, 169, 172, 173, 174, 175, 176, 178, 179, 188, 205, 210, 211, 212, 215, 221, 227, 228, 233, 235, 236, 242, 248, 259, 264, 265, 268, 269, 270, 271, 274, 275, 276, 281, 282, 289, 296, 305, 317, 322, 323, 324, 325, 328, 329, 330, 331, 332, 333, 335, 345, 358, 375, 405], "summary": {"covered_lines": 99, "num_statements": 136, "percent_covered": 72.79411764705883, "percent_covered_display": "73", "missing_lines": 37, "excluded_lines": 0}, "missing_lines": [43, 44, 87, 88, 98, 99, 100, 101, 103, 104, 109, 114, 115, 147, 157, 158, 199, 200, 216, 222, 243, 253, 254, 290, 299, 311, 312, 369, 370, 380, 381, 383, 384, 387, 392, 397, 398], "excluded_lines": [], "functions": {"AdminController.__init__": {"executed_lines": [16], "summary": {"covered_lines": 1, "num_statements": 1, "percent_covered": 100.0, "percent_covered_display": "100", "missing_lines": 0, "excluded_lines": 0}, "missing_lines": [], "excluded_lines": []}, "AdminController._get_service": {"executed_lines": [23, 24, 25, 26], "summary": {"covered_lines": 4, "num_statements": 4, "percent_covered": 100.0, "percent_covered_display": "100", "missing_lines": 0, "excluded_lines": 0}, "missing_lines": [], "excluded_lines": []}, "AdminController.dashboard": {"executed_lines": [33, 34, 35, 36, 38], "summary": {"covered_lines": 5, "num_statements": 7, "percent_covered": 71.42857142857143, "percent_covered_display": "71", "missing_lines": 2, "excluded_lines": 0}, "missing_lines": [43, 44], "excluded_lines": []}, "AdminController.list_chefs": {"executed_lines": [54, 55, 56, 59, 60, 61, 62, 63, 64, 66, 76], "summary": {"covered_lines": 11, "num_statements": 13, "percent_covered": 84.61538461538461, "percent_covered_display": "85", "missing_lines": 2, "excluded_lines": 0}, "missing_lines": [87, 88], "excluded_lines": []}, "AdminController.get_chef": {"executed_lines": [], "summary": {"covered_lines": 0, "num_statements": 9, "percent_covered": 0.0, "percent_covered_display": "0", "missing_lines": 9, "excluded_lines": 0}, "missing_lines": [98, 99, 100, 101, 103, 104, 109, 114, 115], "excluded_lines": []}, "AdminController.update_chef_status": {"executed_lines": [125, 126, 127, 128, 130, 131, 136, 137, 139, 146, 152], "summary": {"covered_lines": 11, "num_statements": 14, "percent_covered": 78.57142857142857, "percent_covered_display": "79", "missing_lines": 3, "excluded_lines": 0}, "missing_lines": [147, 157, 158], "excluded_lines": []}, "AdminController.list_users": {"executed_lines": [168, 169, 172, 173, 174, 175, 176, 178, 179, 188], "summary": {"covered_lines": 10, "num_statements": 12, "percent_covered": 83.33333333333333, "percent_covered_display": "83", "missing_lines": 2, "excluded_lines": 0}, "missing_lines": [199, 200], "excluded_lines": []}, "AdminController.delete_user": {"executed_lines": [210, 211, 212, 215, 221, 227, 228, 233, 235, 236, 242, 248], "summary": {"covered_lines": 12, "num_statements": 17, "percent_covered": 70.58823529411765, "percent_covered_display": "71", "missing_lines": 5, "excluded_lines": 0}, "missing_lines": [216, 222, 243, 253, 254], "excluded_lines": []}, "AdminController.generate_report": {"executed_lines": [264, 265, 268, 269, 270, 271, 274, 275, 276, 281, 282, 289, 296, 305], "summary": {"covered_lines": 14, "num_statements": 18, "percent_covered": 77.77777777777777, "percent_covered_display": "78", "missing_lines": 4, "excluded_lines": 0}, "missing_lines": [290, 299, 311, 312], "excluded_lines": []}, "AdminController.get_audit_logs": {"executed_lines": [322, 323, 324, 325, 328, 329, 330, 331, 332, 333, 335, 345, 358], "summary": {"covered_lines": 13, "num_statements": 15, "percent_covered": 86.66666666666667, "percent_covered_display": "87", "missing_lines": 2, "excluded_lines": 0}, "missing_lines": [369, 370], "excluded_lines": []}, "AdminController.get_audit_statistics": {"executed_lines": [], "summary": {"covered_lines": 0, "num_statements": 8, "percent_covered": 0.0, "percent_covered_display": "0", "missing_lines": 8, "excluded_lines": 0}, "missing_lines": [380, 381, 383, 384, 387, 392, 397, 398], "excluded_lines": []}, "": {"executed_lines": [1, 5, 6, 7, 8, 9, 12, 13, 15, 18, 28, 49, 93, 120, 163, 205, 259, 317, 375, 405], "summary": {"covered_lines": 18, "num_statements": 18, "percent_covered": 100.0, "percent_covered_display": "100", "missing_lines": 0, "excluded_lines": 0}, "missing_lines": [], "excluded_lines": []}}, "classes": {"AdminController": {"executed_lines": [16, 23, 24, 25, 26, 33, 34, 35, 36, 38, 54, 55, 56, 59, 60, 61, 62, 63, 64, 66, 76, 125, 126, 127, 128, 130, 131, 136, 137, 139, 146, 152, 168, 169, 172, 173, 174, 175, 176, 178, 179, 188, 210, 211, 212, 215, 221, 227, 228, 233, 235, 236, 242, 248, 264, 265, 268, 269, 270, 271, 274, 275, 276, 281, 282, 289, 296, 305, 322, 323, 324, 325, 328, 329, 330, 331, 332, 333, 335, 345, 358], "summary": {"covered_lines": 81, "num_statements": 118, "percent_covered": 68.64406779661017, "percent_covered_display": "69", "missing_lines": 37, "excluded_lines": 0}, "missing_lines": [43, 44, 87, 88, 98, 99, 100, 101, 103, 104, 109, 114, 115, 147, 157, 158, 199, 200, 216, 222, 243, 253, 254, 290, 299, 311, 312, 369, 370, 380, 381, 383, 384, 387, 392, 397, 398], "excluded_lines": []}, "": {"executed_lines": [1, 5, 6, 7, 8, 9, 12, 13, 15, 18, 28, 49, 93, 120, 163, 205, 259, 317, 375, 405], "summary": {"covered_lines": 18, "num_statements": 18, "percent_covered": 100.0, "percent_covered_display": "100", "missing_lines": 0, "excluded_lines": 0}, "missing_lines": [], "excluded_lines": []}}}, "app\\admin\\models\\__init__.py": {"executed_lines": [1, 2, 4], "summary": {"covered_lines": 2, "num_statements": 2, "percent_covered": 100.0, "percent_covered_display": "100", "missing_lines": 0, "excluded_lines": 0}, "missing_lines": [], "excluded_lines": [], "functions": {"": {"executed_lines": [1, 2, 4], "summary": {"covered_lines": 2, "num_statements": 2, "percent_covered": 100.0, "percent_covered_display": "100", "missing_lines": 0, "excluded_lines": 0}, "missing_lines": [], "excluded_lines": []}}, "classes": {"": {"executed_lines": [1, 2, 4], "summary": {"covered_lines": 2, "num_statements": 2, "percent_covered": 100.0, "percent_covered_display": "100", "missing_lines": 0, "excluded_lines": 0}, "missing_lines": [], "excluded_lines": []}}}, "app\\admin\\models\\audit_log_model.py": {"executed_lines": [1, 5, 6, 7, 10, 11, 14, 15, 17, 18, 19, 20, 21, 22, 23, 24, 25, 27, 29], "summary": {"covered_lines": 17, "num_statements": 17, "percent_covered": 100.0, "percent_covered_display": "100", "missing_lines": 0, "excluded_lines": 0}, "missing_lines": [], "excluded_lines": [], "functions": {"AuditLog.to_dict": {"executed_lines": [29], "summary": {"covered_lines": 1, "num_statements": 1, "percent_covered": 100.0, "percent_covered_display": "100", "missing_lines": 0, "excluded_lines": 0}, "missing_lines": [], "excluded_lines": []}, "": {"executed_lines": [1, 5, 6, 7, 10, 11, 14, 15, 17, 18, 19, 20, 21, 22, 23, 24, 25, 27], "summary": {"covered_lines": 16, "num_statements": 16, "percent_covered": 100.0, "percent_covered_display": "100", "missing_lines": 0, "excluded_lines": 0}, "missing_lines": [], "excluded_lines": []}}, "classes": {"AuditLog": {"executed_lines": [29], "summary": {"covered_lines": 1, "num_statements": 1, "percent_covered": 100.0, "percent_covered_display": "100", "missing_lines": 0, "excluded_lines": 0}, "missing_lines": [], "excluded_lines": []}, "": {"executed_lines": [1, 5, 6, 7, 10, 11, 14, 15, 17, 18, 19, 20, 21, 22, 23, 24, 25, 27], "summary": {"covered_lines": 16, "num_statements": 16, "percent_covered": 100.0, "percent_covered_display": "100", "missing_lines": 0, "excluded_lines": 0}, "missing_lines": [], "excluded_lines": []}}}, "app\\admin\\repositories\\__init__.py": {"executed_lines": [1, 2, 3, 5], "summary": {"covered_lines": 3, "num_statements": 3, "percent_covered": 100.0, "percent_covered_display": "100", "missing_lines": 0, "excluded_lines": 0}, "missing_lines": [], "excluded_lines": [], "functions": {"": {"executed_lines": [1, 2, 3, 5], "summary": {"covered_lines": 3, "num_statements": 3, "percent_covered": 100.0, "percent_covered_display": "100", "missing_lines": 0, "excluded_lines": 0}, "missing_lines": [], "excluded_lines": []}}, "classes": {"": {"executed_lines": [1, 2, 3, 5], "summary": {"covered_lines": 3, "num_statements": 3, "percent_covered": 100.0, "percent_covered_display": "100", "missing_lines": 0, "excluded_lines": 0}, "missing_lines": [], "excluded_lines": []}}}, "app\\admin\\repositories\\admin_repository.py": {"executed_lines": [1, 5, 6, 7, 8, 9, 10, 11, 12, 13, 14, 17, 18, 20, 21, 23, 31, 32, 33, 36, 37, 38, 39, 40, 43, 44, 46, 47, 48, 51, 62, 88, 106, 117, 119, 123, 124, 125, 134, 137, 139, 142, 144, 147, 150, 153, 154, 157, 175, 177, 268, 275, 276, 280, 283, 284, 285, 287, 288, 290, 307, 310, 311, 312, 314, 315, 317, 318, 321, 323, 327, 337, 340, 343, 344, 347, 348, 349, 359, 361, 373, 377, 378, 382, 392, 395, 396, 397, 398, 400, 401, 403, 415, 418, 419, 423, 424, 429, 434, 439, 444, 449, 454, 460, 468, 471, 479, 481, 499, 574], "summary": {"covered_lines": 108, "num_statements": 166, "percent_covered": 65.06024096385542, "percent_covered_display": "65", "missing_lines": 58, "excluded_lines": 0}, "missing_lines": [118, 120, 138, 140, 145, 185, 190, 191, 193, 196, 197, 198, 199, 200, 203, 210, 211, 214, 221, 222, 225, 229, 233, 277, 313, 322, 324, 328, 329, 374, 379, 383, 388, 389, 421, 426, 507, 508, 509, 512, 524, 535, 541, 586, 589, 590, 592, 594, 595, 597, 600, 605, 608, 616, 619, 620, 623, 637], "excluded_lines": [], "functions": {"AdminRepository.__init__": {"executed_lines": [21], "summary": {"covered_lines": 1, "num_statements": 1, "percent_covered": 100.0, "percent_covered_display": "100", "missing_lines": 0, "excluded_lines": 0}, "missing_lines": [], "excluded_lines": []}, "AdminRepository.get_dashboard_statistics": {"executed_lines": [31, 32, 33, 36, 37, 38, 39, 40, 43, 44, 46, 47, 48, 51, 62], "summary": {"covered_lines": 15, "num_statements": 15, "percent_covered": 100.0, "percent_covered_display": "100", "missing_lines": 0, "excluded_lines": 0}, "missing_lines": [], "excluded_lines": []}, "AdminRepository.get_all_chefs": {"executed_lines": [106, 117, 119, 123, 124, 125, 134, 137, 139, 142, 144, 147, 150, 153, 154, 157, 175], "summary": {"covered_lines": 17, "num_statements": 22, "percent_covered": 77.27272727272727, "percent_covered_display": "77", "missing_lines": 5, "excluded_lines": 0}, "missing_lines": [118, 120, 138, 140, 145], "excluded_lines": []}, "AdminRepository.get_chef_details": {"executed_lines": [], "summary": {"covered_lines": 0, "num_statements": 18, "percent_covered": 0.0, "percent_covered_display": "0", "missing_lines": 18, "excluded_lines": 0}, "missing_lines": [185, 190, 191, 193, 196, 197, 198, 199, 200, 203, 210, 211, 214, 221, 222, 225, 229, 233], "excluded_lines": []}, "AdminRepository.update_chef_status": {"executed_lines": [275, 276, 280, 283, 284, 285, 287, 288], "summary": {"covered_lines": 8, "num_statements": 9, "percent_covered": 88.88888888888889, "percent_covered_display": "89", "missing_lines": 1, "excluded_lines": 0}, "missing_lines": [277], "excluded_lines": []}, "AdminRepository.get_all_users": {"executed_lines": [307, 310, 311, 312, 314, 315, 317, 318, 321, 323, 327, 337, 340, 343, 344, 347, 348, 349, 359], "summary": {"covered_lines": 19, "num_statements": 24, "percent_covered": 79.16666666666667, "percent_covered_display": "79", "missing_lines": 5, "excluded_lines": 0}, "missing_lines": [313, 322, 324, 328, 329], "excluded_lines": []}, "AdminRepository.delete_user": {"executed_lines": [373, 377, 378, 382, 392, 395, 396, 397, 398, 400, 401], "summary": {"covered_lines": 11, "num_statements": 16, "percent_covered": 68.75, "percent_covered_display": "69", "missing_lines": 5, "excluded_lines": 0}, "missing_lines": [374, 379, 383, 388, 389], "excluded_lines": []}, "AdminRepository.generate_activity_report": {"executed_lines": [415, 418, 419, 423, 424, 429, 434, 439, 444, 449, 454, 460, 468, 471, 479, 481], "summary": {"covered_lines": 16, "num_statements": 18, "percent_covered": 88.88888888888889, "percent_covered_display": "89", "missing_lines": 2, "excluded_lines": 0}, "missing_lines": [421, 426], "excluded_lines": []}, "AdminRepository.generate_chefs_report": {"executed_lines": [], "summary": {"covered_lines": 0, "num_statements": 7, "percent_covered": 0.0, "percent_covered_display": "0", "missing_lines": 7, "excluded_lines": 0}, "missing_lines": [507, 508, 509, 512, 524, 535, 541], "excluded_lines": []}, "AdminRepository.generate_quotations_report": {"executed_lines": [], "summary": {"covered_lines": 0, "num_statements": 15, "percent_covered": 0.0, "percent_covered_display": "0", "missing_lines": 15, "excluded_lines": 0}, "missing_lines": [586, 589, 590, 592, 594, 595, 597, 600, 605, 608, 616, 619, 620, 623, 637], "excluded_lines": []}, "": {"executed_lines": [1, 5, 6, 7, 8, 9, 10, 11, 12, 13, 14, 17, 18, 20, 23, 88, 177, 268, 290, 361, 403, 499, 574], "summary": {"covered_lines": 21, "num_statements": 21, "percent_covered": 100.0, "percent_covered_display": "100", "missing_lines": 0, "excluded_lines": 0}, "missing_lines": [], "excluded_lines": []}}, "classes": {"AdminRepository": {"executed_lines": [21, 31, 32, 33, 36, 37, 38, 39, 40, 43, 44, 46, 47, 48, 51, 62, 106, 117, 119, 123, 124, 125, 134, 137, 139, 142, 144, 147, 150, 153, 154, 157, 175, 275, 276, 280, 283, 284, 285, 287, 288, 307, 310, 311, 312, 314, 315, 317, 318, 321, 323, 327, 337, 340, 343, 344, 347, 348, 349, 359, 373, 377, 378, 382, 392, 395, 396, 397, 398, 400, 401, 415, 418, 419, 423, 424, 429, 434, 439, 444, 449, 454, 460, 468, 471, 479, 481], "summary": {"covered_lines": 87, "num_statements": 145, "percent_covered": 60.0, "percent_covered_display": "60", "missing_lines": 58, "excluded_lines": 0}, "missing_lines": [118, 120, 138, 140, 145, 185, 190, 191, 193, 196, 197, 198, 199, 200, 203, 210, 211, 214, 221, 222, 225, 229, 233, 277, 313, 322, 324, 328, 329, 374, 379, 383, 388, 389, 421, 426, 507, 508, 509, 512, 524, 535, 541, 586, 589, 590, 592, 594, 595, 597, 600, 605, 608, 616, 619, 620, 623, 637], "excluded_lines": []}, "": {"executed_lines": [1, 5, 6, 7, 8, 9, 10, 11, 12, 13, 14, 17, 18, 20, 23, 88, 177, 268, 290, 361, 403, 499, 574], "summary": {"covered_lines": 21, "num_statements": 21, "percent_covered": 100.0, "percent_covered_display": "100", "missing_lines": 0, "excluded_lines": 0}, "missing_lines": [], "excluded_lines": []}}}, "app\\admin\\repositories\\audit_log_repository.py": {"executed_lines": [1, 5, 6, 7, 8, 9, 10, 11, 14, 17, 18, 20, 21, 23, 41, 43, 53, 54, 55, 56, 64, 75, 76, 79, 82, 85, 88, 92, 95, 98, 99, 101, 106, 113, 120], "summary": {"covered_lines": 33, "num_statements": 58, "percent_covered": 56.89655172413793, "percent_covered_display": "57", "missing_lines": 25, "excluded_lines": 0}, "missing_lines": [57, 60, 61, 62, 80, 83, 86, 89, 102, 103, 104, 108, 115, 127, 129, 131, 134, 140, 143, 144, 149, 156, 165, 166, 167], "excluded_lines": [], "functions": {"AuditLogRepository.__init__": {"executed_lines": [21], "summary": {"covered_lines": 1, "num_statements": 1, "percent_covered": 100.0, "percent_covered_display": "100", "missing_lines": 0, "excluded_lines": 0}, "missing_lines": [], "excluded_lines": []}, "AuditLogRepository.create": {"executed_lines": [41, 43, 53, 54, 55, 56], "summary": {"covered_lines": 6, "num_statements": 10, "percent_covered": 60.0, "percent_covered_display": "60", "missing_lines": 4, "excluded_lines": 0}, "missing_lines": [57, 60, 61, 62], "excluded_lines": []}, "AuditLogRepository.find_all": {"executed_lines": [75, 76, 79, 82, 85, 88, 92, 95, 98, 99, 101], "summary": {"covered_lines": 11, "num_statements": 18, "percent_covered": 61.111111111111114, "percent_covered_display": "61", "missing_lines": 7, "excluded_lines": 0}, "missing_lines": [80, 83, 86, 89, 102, 103, 104], "excluded_lines": []}, "AuditLogRepository.find_by_admin": {"executed_lines": [], "summary": {"covered_lines": 0, "num_statements": 1, "percent_covered": 0.0, "percent_covered_display": "0", "missing_lines": 1, "excluded_lines": 0}, "missing_lines": [108], "excluded_lines": []}, "AuditLogRepository.find_by_target": {"executed_lines": [], "summary": {"covered_lines": 0, "num_statements": 1, "percent_covered": 0.0, "percent_covered_display": "0", "missing_lines": 1, "excluded_lines": 0}, "missing_lines": [115], "excluded_lines": []}, "AuditLogRepository.get_statistics": {"executed_lines": [], "summary": {"covered_lines": 0, "num_statements": 12, "percent_covered": 0.0, "percent_covered_display": "0", "missing_lines": 12, "excluded_lines": 0}, "missing_lines": [127, 129, 131, 134, 140, 143, 144, 149, 156, 165, 166, 167], "excluded_lines": []}, "": {"executed_lines": [1, 5, 6, 7, 8, 9, 10, 11, 14, 17, 18, 20, 23, 64, 106, 113, 120], "summary": {"covered_lines": 15, "num_statements": 15, "percent_covered": 100.0, "percent_covered_display": "100", "missing_lines": 0, "excluded_lines": 0}, "missing_lines": [], "excluded_lines": []}}, "classes": {"AuditLogRepository": {"executed_lines": [21, 41, 43, 53, 54, 55, 56, 75, 76, 79, 82, 85, 88, 92, 95, 98, 99, 101], "summary": {"covered_lines": 18, "num_statements": 43, "percent_covered": 41.86046511627907, "percent_covered_display": "42", "missing_lines": 25, "excluded_lines": 0}, "missing_lines": [57, 60, 61, 62, 80, 83, 86, 89, 102, 103, 104, 108, 115, 127, 129, 131, 134, 140, 143, 144, 149, 156, 165, 166, 167], "excluded_lines": []}, "": {"executed_lines": [1, 5, 6, 7, 8, 9, 10, 11, 14, 17, 18, 20, 23, 64, 106, 113, 120], "summary": {"covered_lines": 15, "num_statements": 15, "percent_covered": 100.0, "percent_covered_display": "100", "missing_lines": 0, "excluded_lines": 0}, "missing_lines": [], "excluded_lines": []}}}, "app\\admin\\routes\\__init__.py": {"executed_lines": [1, 2, 4], "summary": {"covered_lines": 2, "num_statements": 2, "percent_covered": 100.0, "percent_covered_display": "100", "missing_lines": 0, "excluded_lines": 0}, "missing_lines": [], "excluded_lines": [], "functions": {"": {"executed_lines": [1, 2, 4], "summary": {"covered_lines": 2, "num_statements": 2, "percent_covered": 100.0, "percent_covered_display": "100", "missing_lines": 0, "excluded_lines": 0}, "missing_lines": [], "excluded_lines": []}}, "classes": {"": {"executed_lines": [1, 2, 4], "summary": {"covered_lines": 2, "num_statements": 2, "percent_covered": 100.0, "percent_covered_display": "100", "missing_lines": 0, "excluded_lines": 0}, "missing_lines": [], "excluded_lines": []}}}, "app\\admin\\routes\\admin_routes.py": {"executed_lines": [1, 5, 6, 7, 8, 11, 14, 15, 16, 17, 19, 22, 23, 24, 25, 27, 30, 31, 32, 33, 38, 39, 40, 41, 43, 46, 47, 48, 49, 51, 54, 55, 56, 57, 59, 62, 63, 64, 65, 67, 70, 71, 72, 73, 75, 78, 79, 80, 81, 86, 87, 88, 89, 133, 134, 135, 136], "summary": {"covered_lines": 56, "num_statements": 80, "percent_covered": 70.0, "percent_covered_display": "70", "missing_lines": 24, "excluded_lines": 0}, "missing_lines": [35, 83, 95, 97, 98, 106, 107, 109, 110, 112, 126, 127, 146, 148, 149, 154, 156, 157, 158, 159, 164, 165, 171, 172], "excluded_lines": [], "functions": {"dashboard": {"executed_lines": [19], "summary": {"covered_lines": 1, "num_statements": 1, "percent_covered": 100.0, "percent_covered_display": "100", "missing_lines": 0, "excluded_lines": 0}, "missing_lines": [], "excluded_lines": []}, "list_chefs": {"executed_lines": [27], "summary": {"covered_lines": 1, "num_statements": 1, "percent_covered": 100.0, "percent_covered_display": "100", "missing_lines": 0, "excluded_lines": 0}, "missing_lines": [], "excluded_lines": []}, "get_chef": {"executed_lines": [], "summary": {"covered_lines": 0, "num_statements": 1, "percent_covered": 0.0, "percent_covered_display": "0", "missing_lines": 1, "excluded_lines": 0}, "missing_lines": [35], "excluded_lines": []}, "update_chef_status": {"executed_lines": [43], "summary": {"covered_lines": 1, "num_statements": 1, "percent_covered": 100.0, "percent_covered_display": "100", "missing_lines": 0, "excluded_lines": 0}, "missing_lines": [], "excluded_lines": []}, "list_users": {"executed_lines": [51], "summary": {"covered_lines": 1, "num_statements": 1, "percent_covered": 100.0, "percent_covered_display": "100", "missing_lines": 0, "excluded_lines": 0}, "missing_lines": [], "excluded_lines": []}, "delete_user": {"executed_lines": [59], "summary": {"covered_lines": 1, "num_statements": 1, "percent_covered": 100.0, "percent_covered_display": "100", "missing_lines": 0, "excluded_lines": 0}, "missing_lines": [], "excluded_lines": []}, "generate_report": {"executed_lines": [67], "summary": {"covered_lines": 1, "num_statements": 1, "percent_covered": 100.0, "percent_covered_display": "100", "missing_lines": 0, "excluded_lines": 0}, "missing_lines": [], "excluded_lines": []}, "get_audit_logs": {"executed_lines": [75], "summary": {"covered_lines": 1, "num_statements": 1, "percent_covered": 100.0, "percent_covered_display": "100", "missing_lines": 0, "excluded_lines": 0}, "missing_lines": [], "excluded_lines": []}, "get_audit_statistics": {"executed_lines": [], "summary": {"covered_lines": 0, "num_statements": 1, "percent_covered": 0.0, "percent_covered_display": "0", "missing_lines": 1, "excluded_lines": 0}, "missing_lines": [83], "excluded_lines": []}, "get_cache_stats": {"executed_lines": [], "summary": {"covered_lines": 0, "num_statements": 10, "percent_covered": 0.0, "percent_covered_display": "0", "missing_lines": 10, "excluded_lines": 0}, "missing_lines": [95, 97, 98, 106, 107, 109, 110, 112, 126, 127], "excluded_lines": []}, "clear_cache": {"executed_lines": [], "summary": {"covered_lines": 0, "num_statements": 12, "percent_covered": 0.0, "percent_covered_display": "0", "missing_lines": 12, "excluded_lines": 0}, "missing_lines": [146, 148, 149, 154, 156, 157, 158, 159, 164, 165, 171, 172], "excluded_lines": []}, "": {"executed_lines": [1, 5, 6, 7, 8, 11, 14, 15, 16, 17, 22, 23, 24, 25, 30, 31, 32, 33, 38, 39, 40, 41, 46, 47, 48, 49, 54, 55, 56, 57, 62, 63, 64, 65, 70, 71, 72, 73, 78, 79, 80, 81, 86, 87, 88, 89, 133, 134, 135, 136], "summary": {"covered_lines": 49, "num_statements": 49, "percent_covered": 100.0, "percent_covered_display": "100", "missing_lines": 0, "excluded_lines": 0}, "missing_lines": [], "excluded_lines": []}}, "classes": {"": {"executed_lines": [1, 5, 6, 7, 8, 11, 14, 15, 16, 17, 19, 22, 23, 24, 25, 27, 30, 31, 32, 33, 38, 39, 40, 41, 43, 46, 47, 48, 49, 51, 54, 55, 56, 57, 59, 62, 63, 64, 65, 67, 70, 71, 72, 73, 75, 78, 79, 80, 81, 86, 87, 88, 89, 133, 134, 135, 136], "summary": {"covered_lines": 56, "num_statements": 80, "percent_covered": 70.0, "percent_covered_display": "70", "missing_lines": 24, "excluded_lines": 0}, "missing_lines": [35, 83, 95, 97, 98, 106, 107, 109, 110, 112, 126, 127, 146, 148, 149, 154, 156, 157, 158, 159, 164, 165, 171, 172], "excluded_lines": []}}}, "app\\admin\\schemas\\__init__.py": {"executed_lines": [1, 2, 11], "summary": {"covered_lines": 2, "num_statements": 2, "percent_covered": 100.0, "percent_covered_display": "100", "missing_lines": 0, "excluded_lines": 0}, "missing_lines": [], "excluded_lines": [], "functions": {"": {"executed_lines": [1, 2, 11], "summary": {"covered_lines": 2, "num_statements": 2, "percent_covered": 100.0, "percent_covered_display": "100", "missing_lines": 0, "excluded_lines": 0}, "missing_lines": [], "excluded_lines": []}}, "classes": {"": {"executed_lines": [1, 2, 11], "summary": {"covered_lines": 2, "num_statements": 2, "percent_covered": 100.0, "percent_covered_display": "100", "missing_lines": 0, "excluded_lines": 0}, "missing_lines": [], "excluded_lines": []}}}, "app\\admin\\schemas\\admin_schemas.py": {"executed_lines": [1, 5, 8, 9, 10, 11, 14, 15, 16, 17, 20, 21, 22, 23, 24, 25, 28, 29, 30, 31, 32, 35, 36, 37, 38, 39, 40, 41, 42, 43, 44, 47, 48, 49, 50, 51, 54, 55, 56, 57, 58, 59, 60, 61, 62, 65, 66, 67, 68, 69, 72, 73, 74, 75, 76, 77, 78, 79, 80, 81, 82, 83, 84, 87, 88, 89, 90, 93, 94, 95, 96, 97, 98, 99, 100, 101, 102, 105, 106, 107, 108, 109, 112, 113, 114, 115, 116, 119, 120, 121, 122, 125, 126, 127, 128, 129, 130, 131, 132, 133, 136, 137, 138, 139, 140], "summary": {"covered_lines": 88, "num_statements": 88, "percent_covered": 100.0, "percent_covered_display": "100", "missing_lines": 0, "excluded_lines": 0}, "missing_lines": [], "excluded_lines": [], "functions": {"": {"executed_lines": [1, 5, 8, 9, 10, 11, 14, 15, 16, 17, 20, 21, 22, 23, 24, 25, 28, 29, 30, 31, 32, 35, 36, 37, 38, 39, 40, 41, 42, 43, 44, 47, 48, 49, 50, 51, 54, 55, 56, 57, 58, 59, 60, 61, 62, 65, 66, 67, 68, 69, 72, 73, 74, 75, 76, 77, 78, 79, 80, 81, 82, 83, 84, 87, 88, 89, 90, 93, 94, 95, 96, 97, 98, 99, 100, 101, 102, 105, 106, 107, 108, 109, 112, 113, 114, 115, 116, 119, 120, 121, 122, 125, 126, 127, 128, 129, 130, 131, 132, 133, 136, 137, 138, 139, 140], "summary": {"covered_lines": 88, "num_statements": 88, "percent_covered": 100.0, "percent_covered_display": "100", "missing_lines": 0, "excluded_lines": 0}, "missing_lines": [], "excluded_lines": []}}, "classes": {"ChefStatusUpdateSchema": {"executed_lines": [], "summary": {"covered_lines": 0, "num_statements": 0, "percent_covered": 100.0, "percent_covered_display": "100", "missing_lines": 0, "excluded_lines": 0}, "missing_lines": [], "excluded_lines": []}, "UserDeleteSchema": {"executed_lines": [], "summary": {"covered_lines": 0, "num_statements": 0, "percent_covered": 100.0, "percent_covered_display": "100", "missing_lines": 0, "excluded_lines": 0}, "missing_lines": [], "excluded_lines": []}, "PaginationSchema": {"executed_lines": [], "summary": {"covered_lines": 0, "num_statements": 0, "percent_covered": 100.0, "percent_covered_display": "100", "missing_lines": 0, "excluded_lines": 0}, "missing_lines": [], "excluded_lines": []}, "ChefStatsSchema": {"executed_lines": [], "summary": {"covered_lines": 0, "num_statements": 0, "percent_covered": 100.0, "percent_covered_display": "100", "missing_lines": 0, "excluded_lines": 0}, "missing_lines": [], "excluded_lines": []}, "ChefListItemSchema": {"executed_lines": [], "summary": {"covered_lines": 0, "num_statements": 0, "percent_covered": 100.0, "percent_covered_display": "100", "missing_lines": 0, "excluded_lines": 0}, "missing_lines": [], "excluded_lines": []}, "ChefListResponseSchema": {"executed_lines": [], "summary": {"covered_lines": 0, "num_statements": 0, "percent_covered": 100.0, "percent_covered_display": "100", "missing_lines": 0, "excluded_lines": 0}, "missing_lines": [], "excluded_lines": []}, "DetailedStatsSchema": {"executed_lines": [], "summary": {"covered_lines": 0, "num_statements": 0, "percent_covered": 100.0, "percent_covered_display": "100", "missing_lines": 0, "excluded_lines": 0}, "missing_lines": [], "excluded_lines": []}, "RecentActivitySchema": {"executed_lines": [], "summary": {"covered_lines": 0, "num_statements": 0, "percent_covered": 100.0, "percent_covered_display": "100", "missing_lines": 0, "excluded_lines": 0}, "missing_lines": [], "excluded_lines": []}, "ChefDetailsSchema": {"executed_lines": [], "summary": {"covered_lines": 0, "num_statements": 0, "percent_covered": 100.0, "percent_covered_display": "100", "missing_lines": 0, "excluded_lines": 0}, "missing_lines": [], "excluded_lines": []}, "ChefDetailsResponseSchema": {"executed_lines": [], "summary": {"covered_lines": 0, "num_statements": 0, "percent_covered": 100.0, "percent_covered_display": "100", "missing_lines": 0, "excluded_lines": 0}, "missing_lines": [], "excluded_lines": []}, "DashboardStatisticsSchema": {"executed_lines": [], "summary": {"covered_lines": 0, "num_statements": 0, "percent_covered": 100.0, "percent_covered_display": "100", "missing_lines": 0, "excluded_lines": 0}, "missing_lines": [], "excluded_lines": []}, "RecentActivityStatsSchema": {"executed_lines": [], "summary": {"covered_lines": 0, "num_statements": 0, "percent_covered": 100.0, "percent_covered_display": "100", "missing_lines": 0, "excluded_lines": 0}, "missing_lines": [], "excluded_lines": []}, "TopChefSchema": {"executed_lines": [], "summary": {"covered_lines": 0, "num_statements": 0, "percent_covered": 100.0, "percent_covered_display": "100", "missing_lines": 0, "excluded_lines": 0}, "missing_lines": [], "excluded_lines": []}, "DashboardResponseSchema": {"executed_lines": [], "summary": {"covered_lines": 0, "num_statements": 0, "percent_covered": 100.0, "percent_covered_display": "100", "missing_lines": 0, "excluded_lines": 0}, "missing_lines": [], "excluded_lines": []}, "UserListItemSchema": {"executed_lines": [], "summary": {"covered_lines": 0, "num_statements": 0, "percent_covered": 100.0, "percent_covered_display": "100", "missing_lines": 0, "excluded_lines": 0}, "missing_lines": [], "excluded_lines": []}, "UserListResponseSchema": {"executed_lines": [], "summary": {"covered_lines": 0, "num_statements": 0, "percent_covered": 100.0, "percent_covered_display": "100", "missing_lines": 0, "excluded_lines": 0}, "missing_lines": [], "excluded_lines": []}, "": {"executed_lines": [1, 5, 8, 9, 10, 11, 14, 15, 16, 17, 20, 21, 22, 23, 24, 25, 28, 29, 30, 31, 32, 35, 36, 37, 38, 39, 40, 41, 42, 43, 44, 47, 48, 49, 50, 51, 54, 55, 56, 57, 58, 59, 60, 61, 62, 65, 66, 67, 68, 69, 72, 73, 74, 75, 76, 77, 78, 79, 80, 81, 82, 83, 84, 87, 88, 89, 90, 93, 94, 95, 96, 97, 98, 99, 100, 101, 102, 105, 106, 107, 108, 109, 112, 113, 114, 115, 116, 119, 120, 121, 122, 125, 126, 127, 128, 129, 130, 131, 132, 133, 136, 137, 138, 139, 140], "summary": {"covered_lines": 88, "num_statements": 88, "percent_covered": 100.0, "percent_covered_display": "100", "missing_lines": 0, "excluded_lines": 0}, "missing_lines": [], "excluded_lines": []}}}, "app\\admin\\services\\__init__.py": {"executed_lines": [1, 2, 3, 5], "summary": {"covered_lines": 3, "num_statements": 3, "percent_covered": 100.0, "percent_covered_display": "100", "missing_lines": 0, "excluded_lines": 0}, "missing_lines": [], "excluded_lines": [], "functions": {"": {"executed_lines": [1, 2, 3, 5], "summary": {"covered_lines": 3, "num_statements": 3, "percent_covered": 100.0, "percent_covered_display": "100", "missing_lines": 0, "excluded_lines": 0}, "missing_lines": [], "excluded_lines": []}}, "classes": {"": {"executed_lines": [1, 2, 3, 5], "summary": {"covered_lines": 3, "num_statements": 3, "percent_covered": 100.0, "percent_covered_display": "100", "missing_lines": 0, "excluded_lines": 0}, "missing_lines": [], "excluded_lines": []}}}, "app\\admin\\services\\admin_service.py": {"executed_lines": [1, 5, 6, 7, 8, 11, 12, 14, 15, 16, 18, 28, 31, 36, 38, 56, 66, 77, 85, 111, 125, 127, 131, 132, 141, 143, 160, 169, 181, 189, 202, 204, 208, 216, 218, 233, 235, 236, 245, 255], "summary": {"covered_lines": 38, "num_statements": 50, "percent_covered": 76.0, "percent_covered_display": "76", "missing_lines": 12, "excluded_lines": 0}, "missing_lines": [96, 98, 99, 102, 109, 128, 205, 237, 238, 239, 240, 242], "excluded_lines": [], "functions": {"AdminService.__init__": {"executed_lines": [15, 16], "summary": {"covered_lines": 2, "num_statements": 2, "percent_covered": 100.0, "percent_covered_display": "100", "missing_lines": 0, "excluded_lines": 0}, "missing_lines": [], "excluded_lines": []}, "AdminService.get_dashboard": {"executed_lines": [28, 31, 36], "summary": {"covered_lines": 3, "num_statements": 3, "percent_covered": 100.0, "percent_covered_display": "100", "missing_lines": 0, "excluded_lines": 0}, "missing_lines": [], "excluded_lines": []}, "AdminService.get_all_chefs": {"executed_lines": [56, 66, 77], "summary": {"covered_lines": 3, "num_statements": 3, "percent_covered": 100.0, "percent_covered_display": "100", "missing_lines": 0, "excluded_lines": 0}, "missing_lines": [], "excluded_lines": []}, "AdminService.get_chef_details": {"executed_lines": [], "summary": {"covered_lines": 0, "num_statements": 5, "percent_covered": 0.0, "percent_covered_display": "0", "missing_lines": 5, "excluded_lines": 0}, "missing_lines": [96, 98, 99, 102, 109], "excluded_lines": []}, "AdminService.update_chef_status": {"executed_lines": [125, 127, 131, 132, 141], "summary": {"covered_lines": 5, "num_statements": 6, "percent_covered": 83.33333333333333, "percent_covered_display": "83", "missing_lines": 1, "excluded_lines": 0}, "missing_lines": [128], "excluded_lines": []}, "AdminService.get_all_users": {"executed_lines": [160, 169, 181], "summary": {"covered_lines": 3, "num_statements": 3, "percent_covered": 100.0, "percent_covered_display": "100", "missing_lines": 0, "excluded_lines": 0}, "missing_lines": [], "excluded_lines": []}, "AdminService.delete_user": {"executed_lines": [202, 204, 208, 216], "summary": {"covered_lines": 4, "num_statements": 5, "percent_covered": 80.0, "percent_covered_display": "80", "missing_lines": 1, "excluded_lines": 0}, "missing_lines": [205], "excluded_lines": []}, "AdminService.generate_report": {"executed_lines": [233, 235, 236, 245, 255], "summary": {"covered_lines": 5, "num_statements": 10, "percent_covered": 50.0, "percent_covered_display": "50", "missing_lines": 5, "excluded_lines": 0}, "missing_lines": [237, 238, 239, 240, 242], "excluded_lines": []}, "": {"executed_lines": [1, 5, 6, 7, 8, 11, 12, 14, 18, 38, 85, 111, 143, 189, 218], "summary": {"covered_lines": 13, "num_statements": 13, "percent_covered": 100.0, "percent_covered_display": "100", "missing_lines": 0, "excluded_lines": 0}, "missing_lines": [], "excluded_lines": []}}, "classes": {"AdminService": {"executed_lines": [15, 16, 28, 31, 36, 56, 66, 77, 125, 127, 131, 132, 141, 160, 169, 181, 202, 204, 208, 216, 233, 235, 236, 245, 255], "summary": {"covered_lines": 25, "num_statements": 37, "percent_covered": 67.56756756756756, "percent_covered_display": "68", "missing_lines": 12, "excluded_lines": 0}, "missing_lines": [96, 98, 99, 102, 109, 128, 205, 237, 238, 239, 240, 242], "excluded_lines": []}, "": {"executed_lines": [1, 5, 6, 7, 8, 11, 12, 14, 18, 38, 85, 111, 143, 189, 218], "summary": {"covered_lines": 13, "num_statements": 13, "percent_covered": 100.0, "percent_covered_display": "100", "missing_lines": 0, "excluded_lines": 0}, "missing_lines": [], "excluded_lines": []}}}, "app\\admin\\services\\audit_service.py": {"executed_lines": [1, 5, 6, 9, 10, 12, 13, 15, 32, 41, 47, 56, 64], "summary": {"covered_lines": 11, "num_statements": 12, "percent_covered": 91.66666666666667, "percent_covered_display": "92", "missing_lines": 1, "excluded_lines": 0}, "missing_lines": [71], "excluded_lines": [], "functions": {"AuditService.__init__": {"executed_lines": [13], "summary": {"covered_lines": 1, "num_statements": 1, "percent_covered": 100.0, "percent_covered_display": "100", "missing_lines": 0, "excluded_lines": 0}, "missing_lines": [], "excluded_lines": []}, "AuditService.log_action": {"executed_lines": [32], "summary": {"covered_lines": 1, "num_statements": 1, "percent_covered": 100.0, "percent_covered_display": "100", "missing_lines": 0, "excluded_lines": 0}, "missing_lines": [], "excluded_lines": []}, "AuditService.get_logs": {"executed_lines": [47, 56], "summary": {"covered_lines": 2, "num_statements": 2, "percent_covered": 100.0, "percent_covered_display": "100", "missing_lines": 0, "excluded_lines": 0}, "missing_lines": [], "excluded_lines": []}, "AuditService.get_audit_statistics": {"executed_lines": [], "summary": {"covered_lines": 0, "num_statements": 1, "percent_covered": 0.0, "percent_covered_display": "0", "missing_lines": 1, "excluded_lines": 0}, "missing_lines": [71], "excluded_lines": []}, "": {"executed_lines": [1, 5, 6, 9, 10, 12, 15, 41, 64], "summary": {"covered_lines": 7, "num_statements": 7, "percent_covered": 100.0, "percent_covered_display": "100", "missing_lines": 0, "excluded_lines": 0}, "missing_lines": [], "excluded_lines": []}}, "classes": {"AuditService": {"executed_lines": [13, 32, 47, 56], "summary": {"covered_lines": 4, "num_statements": 5, "percent_covered": 80.0, "percent_covered_display": "80", "missing_lines": 1, "excluded_lines": 0}, "missing_lines": [71], "excluded_lines": []}, "": {"executed_lines": [1, 5, 6, 9, 10, 12, 15, 41, 64], "summary": {"covered_lines": 7, "num_statements": 7, "percent_covered": 100.0, "percent_covered_display": "100", "missing_lines": 0, "excluded_lines": 0}, "missing_lines": [], "excluded_lines": []}}}, "app\\appointments\\__init__.py": {"executed_lines": [1], "summary": {"covered_lines": 0, "num_statements": 0, "percent_covered": 100.0, "percent_covered_display": "100", "missing_lines": 0, "excluded_lines": 0}, "missing_lines": [], "excluded_lines": [], "functions": {"": {"executed_lines": [1], "summary": {"covered_lines": 0, "num_statements": 0, "percent_covered": 100.0, "percent_covered_display": "100", "missing_lines": 0, "excluded_lines": 0}, "missing_lines": [], "excluded_lines": []}}, "classes": {"": {"executed_lines": [1], "summary": {"covered_lines": 0, "num_statements": 0, "percent_covered": 100.0, "percent_covered_display": "100", "missing_lines": 0, "excluded_lines": 0}, "missing_lines": [], "excluded_lines": []}}}, "app\\appointments\\controllers\\__init__.py": {"executed_lines": [1, 3], "summary": {"covered_lines": 2, "num_statements": 2, "percent_covered": 100.0, "percent_covered_display": "100", "missing_lines": 0, "excluded_lines": 0}, "missing_lines": [], "excluded_lines": [], "functions": {"": {"executed_lines": [1, 3], "summary": {"covered_lines": 2, "num_statements": 2, "percent_covered": 100.0, "percent_covered_display": "100", "missing_lines": 0, "excluded_lines": 0}, "missing_lines": [], "excluded_lines": []}}, "classes": {"": {"executed_lines": [1, 3], "summary": {"covered_lines": 2, "num_statements": 2, "percent_covered": 100.0, "percent_covered_display": "100", "missing_lines": 0, "excluded_lines": 0}, "missing_lines": [], "excluded_lines": []}}}, "app\\appointments\\controllers\\appointment_controller.py": {"executed_lines": [1, 4, 5, 6, 12, 13, 14, 15, 16, 17, 18, 19, 21, 24, 25, 27, 29, 31, 36, 37, 38, 39, 40, 42, 43, 64, 65, 66, 68, 71, 72, 74, 75, 88, 103, 104, 107, 109, 114, 115, 116, 119, 120, 122, 130, 131, 133, 145, 157, 158, 159, 161, 165, 166, 168, 177, 178, 199, 200, 201, 203, 206, 207, 209, 210, 215, 216, 217, 218, 223, 224, 243, 244, 245, 246, 247, 249, 257, 258, 260, 261, 274, 287, 288, 289, 291, 292, 297, 298, 299, 300], "summary": {"covered_lines": 89, "num_statements": 123, "percent_covered": 72.35772357723577, "percent_covered_display": "72", "missing_lines": 34, "excluded_lines": 0}, "missing_lines": [81, 82, 83, 84, 85, 86, 110, 111, 138, 139, 140, 141, 142, 143, 162, 170, 171, 172, 173, 174, 175, 219, 220, 221, 266, 267, 268, 269, 270, 271, 272, 301, 302, 303], "excluded_lines": [], "functions": {"AppointmentController.__init__": {"executed_lines": [29], "summary": {"covered_lines": 1, "num_statements": 1, "percent_covered": 100.0, "percent_covered_display": "100", "missing_lines": 0, "excluded_lines": 0}, "missing_lines": [], "excluded_lines": []}, "AppointmentController._get_service": {"executed_lines": [36, 37, 38, 39, 40], "summary": {"covered_lines": 5, "num_statements": 5, "percent_covered": 100.0, "percent_covered_display": "100", "missing_lines": 0, "excluded_lines": 0}, "missing_lines": [], "excluded_lines": []}, "AppointmentController.create_appointment": {"executed_lines": [64, 65, 66, 68, 71, 72, 74, 75], "summary": {"covered_lines": 8, "num_statements": 14, "percent_covered": 57.142857142857146, "percent_covered_display": "57", "missing_lines": 6, "excluded_lines": 0}, "missing_lines": [81, 82, 83, 84, 85, 86], "excluded_lines": []}, "AppointmentController.get_all_appointments": {"executed_lines": [103, 104, 107, 109, 114, 115, 116, 119, 120, 122, 130, 131, 133], "summary": {"covered_lines": 13, "num_statements": 21, "percent_covered": 61.904761904761905, "percent_covered_display": "62", "missing_lines": 8, "excluded_lines": 0}, "missing_lines": [110, 111, 138, 139, 140, 141, 142, 143], "excluded_lines": []}, "AppointmentController.get_appointment_by_id": {"executed_lines": [157, 158, 159, 161, 165, 166, 168], "summary": {"covered_lines": 7, "num_statements": 14, "percent_covered": 50.0, "percent_covered_display": "50", "missing_lines": 7, "excluded_lines": 0}, "missing_lines": [162, 170, 171, 172, 173, 174, 175], "excluded_lines": []}, "AppointmentController.update_appointment": {"executed_lines": [199, 200, 201, 203, 206, 207, 209, 210, 215, 216, 217, 218], "summary": {"covered_lines": 12, "num_statements": 15, "percent_covered": 80.0, "percent_covered_display": "80", "missing_lines": 3, "excluded_lines": 0}, "missing_lines": [219, 220, 221], "excluded_lines": []}, "AppointmentController.update_appointment_status": {"executed_lines": [243, 244, 245, 246, 247, 249, 257, 258, 260, 261], "summary": {"covered_lines": 10, "num_statements": 17, "percent_covered": 58.8235294117647, "percent_covered_display": "59", "missing_lines": 7, "excluded_lines": 0}, "missing_lines": [266, 267, 268, 269, 270, 271, 272], "excluded_lines": []}, "AppointmentController.delete_appointment": {"executed_lines": [287, 288, 289, 291, 292, 297, 298, 299, 300], "summary": {"covered_lines": 9, "num_statements": 12, "percent_covered": 75.0, "percent_covered_display": "75", "missing_lines": 3, "excluded_lines": 0}, "missing_lines": [301, 302, 303], "excluded_lines": []}, "": {"executed_lines": [1, 4, 5, 6, 12, 13, 14, 15, 16, 17, 18, 19, 21, 24, 25, 27, 31, 42, 43, 88, 145, 177, 178, 223, 224, 274], "summary": {"covered_lines": 24, "num_statements": 24, "percent_covered": 100.0, "percent_covered_display": "100", "missing_lines": 0, "excluded_lines": 0}, "missing_lines": [], "excluded_lines": []}}, "classes": {"AppointmentController": {"executed_lines": [29, 36, 37, 38, 39, 40, 64, 65, 66, 68, 71, 72, 74, 75, 103, 104, 107, 109, 114, 115, 116, 119, 120, 122, 130, 131, 133, 157, 158, 159, 161, 165, 166, 168, 199, 200, 201, 203, 206, 207, 209, 210, 215, 216, 217, 218, 243, 244, 245, 246, 247, 249, 257, 258, 260, 261, 287, 288, 289, 291, 292, 297, 298, 299, 300], "summary": {"covered_lines": 65, "num_statements": 99, "percent_covered": 65.65656565656566, "percent_covered_display": "66", "missing_lines": 34, "excluded_lines": 0}, "missing_lines": [81, 82, 83, 84, 85, 86, 110, 111, 138, 139, 140, 141, 142, 143, 162, 170, 171, 172, 173, 174, 175, 219, 220, 221, 266, 267, 268, 269, 270, 271, 272, 301, 302, 303], "excluded_lines": []}, "": {"executed_lines": [1, 4, 5, 6, 12, 13, 14, 15, 16, 17, 18, 19, 21, 24, 25, 27, 31, 42, 43, 88, 145, 177, 178, 223, 224, 274], "summary": {"covered_lines": 24, "num_statements": 24, "percent_covered": 100.0, "percent_covered_display": "100", "missing_lines": 0, "excluded_lines": 0}, "missing_lines": [], "excluded_lines": []}}}, "app\\appointments\\models\\__init__.py": {"executed_lines": [1, 3], "summary": {"covered_lines": 2, "num_statements": 2, "percent_covered": 100.0, "percent_covered_display": "100", "missing_lines": 0, "excluded_lines": 0}, "missing_lines": [], "excluded_lines": [], "functions": {"": {"executed_lines": [1, 3], "summary": {"covered_lines": 2, "num_statements": 2, "percent_covered": 100.0, "percent_covered_display": "100", "missing_lines": 0, "excluded_lines": 0}, "missing_lines": [], "excluded_lines": []}}, "classes": {"": {"executed_lines": [1, 3], "summary": {"covered_lines": 2, "num_statements": 2, "percent_covered": 100.0, "percent_covered_display": "100", "missing_lines": 0, "excluded_lines": 0}, "missing_lines": [], "excluded_lines": []}}}, "app\\appointments\\models\\appointment_model.py": {"executed_lines": [1, 2, 3, 4, 7, 8, 13, 14, 16, 17, 18, 21, 22, 23, 26, 27, 28, 29, 30, 31, 34, 35, 38, 41, 42, 43, 46, 47, 50, 51, 54, 57, 58, 61, 62, 64, 67], "summary": {"covered_lines": 36, "num_statements": 38, "percent_covered": 94.73684210526316, "percent_covered_display": "95", "missing_lines": 2, "excluded_lines": 0}, "missing_lines": [65, 69], "excluded_lines": [], "functions": {"Appointment.__repr__": {"executed_lines": [], "summary": {"covered_lines": 0, "num_statements": 1, "percent_covered": 0.0, "percent_covered_display": "0", "missing_lines": 1, "excluded_lines": 0}, "missing_lines": [65], "excluded_lines": []}, "Appointment.to_dict": {"executed_lines": [], "summary": {"covered_lines": 0, "num_statements": 1, "percent_covered": 0.0, "percent_covered_display": "0", "missing_lines": 1, "excluded_lines": 0}, "missing_lines": [69], "excluded_lines": []}, "": {"executed_lines": [1, 2, 3, 4, 7, 8, 13, 14, 16, 17, 18, 21, 22, 23, 26, 27, 28, 29, 30, 31, 34, 35, 38, 41, 42, 43, 46, 47, 50, 51, 54, 57, 58, 61, 62, 64, 67], "summary": {"covered_lines": 36, "num_statements": 36, "percent_covered": 100.0, "percent_covered_display": "100", "missing_lines": 0, "excluded_lines": 0}, "missing_lines": [], "excluded_lines": []}}, "classes": {"Appointment": {"executed_lines": [], "summary": {"covered_lines": 0, "num_statements": 2, "percent_covered": 0.0, "percent_covered_display": "0", "missing_lines": 2, "excluded_lines": 0}, "missing_lines": [65, 69], "excluded_lines": []}, "": {"executed_lines": [1, 2, 3, 4, 7, 8, 13, 14, 16, 17, 18, 21, 22, 23, 26, 27, 28, 29, 30, 31, 34, 35, 38, 41, 42, 43, 46, 47, 50, 51, 54, 57, 58, 61, 62, 64, 67], "summary": {"covered_lines": 36, "num_statements": 36, "percent_covered": 100.0, "percent_covered_display": "100", "missing_lines": 0, "excluded_lines": 0}, "missing_lines": [], "excluded_lines": []}}}, "app\\appointments\\repositories\\__init__.py": {"executed_lines": [1, 3], "summary": {"covered_lines": 2, "num_statements": 2, "percent_covered": 100.0, "percent_covered_display": "100", "missing_lines": 0, "excluded_lines": 0}, "missing_lines": [], "excluded_lines": [], "functions": {"": {"executed_lines": [1, 3], "summary": {"covered_lines": 2, "num_statements": 2, "percent_covered": 100.0, "percent_covered_display": "100", "missing_lines": 0, "excluded_lines": 0}, "missing_lines": [], "excluded_lines": []}}, "classes": {"": {"executed_lines": [1, 3], "summary": {"covered_lines": 2, "num_statements": 2, "percent_covered": 100.0, "percent_covered_display": "100", "missing_lines": 0, "excluded_lines": 0}, "missing_lines": [], "excluded_lines": []}}}, "app\\appointments\\repositories\\appointment_repository.py": {"executed_lines": [1, 4, 5, 6, 7, 8, 9, 10, 11, 13, 16, 17, 19, 20, 22, 35, 36, 37, 38, 39, 40, 45, 55, 56, 60, 61, 62, 67, 86, 87, 91, 92, 94, 97, 100, 101, 102, 107, 137, 151, 152, 153, 154, 156, 157, 158, 163, 178, 179, 182, 186, 189, 190, 191, 196, 206, 207, 208, 209, 214], "summary": {"covered_lines": 58, "num_statements": 99, "percent_covered": 58.58585858585859, "percent_covered_display": "59", "missing_lines": 41, "excluded_lines": 0}, "missing_lines": [41, 42, 43, 63, 64, 65, 95, 98, 103, 104, 105, 118, 119, 120, 122, 131, 132, 133, 134, 135, 159, 160, 161, 183, 184, 185, 187, 192, 193, 194, 210, 211, 212, 224, 225, 229, 230, 231, 232, 233, 234], "excluded_lines": [], "functions": {"AppointmentRepository.__init__": {"executed_lines": [20], "summary": {"covered_lines": 1, "num_statements": 1, "percent_covered": 100.0, "percent_covered_display": "100", "missing_lines": 0, "excluded_lines": 0}, "missing_lines": [], "excluded_lines": []}, "AppointmentRepository.create": {"executed_lines": [35, 36, 37, 38, 39, 40], "summary": {"covered_lines": 6, "num_statements": 9, "percent_covered": 66.66666666666667, "percent_covered_display": "67", "missing_lines": 3, "excluded_lines": 0}, "missing_lines": [41, 42, 43], "excluded_lines": []}, "AppointmentRepository.get_by_id": {"executed_lines": [55, 56, 60, 61, 62], "summary": {"covered_lines": 5, "num_statements": 8, "percent_covered": 62.5, "percent_covered_display": "62", "missing_lines": 3, "excluded_lines": 0}, "missing_lines": [63, 64, 65], "excluded_lines": []}, "AppointmentRepository.get_by_chef_id": {"executed_lines": [86, 87, 91, 92, 94, 97, 100, 101, 102], "summary": {"covered_lines": 9, "num_statements": 14, "percent_covered": 64.28571428571429, "percent_covered_display": "64", "missing_lines": 5, "excluded_lines": 0}, "missing_lines": [95, 98, 103, 104, 105], "excluded_lines": []}, "AppointmentRepository.get_upcoming_appointments": {"executed_lines": [], "summary": {"covered_lines": 0, "num_statements": 9, "percent_covered": 0.0, "percent_covered_display": "0", "missing_lines": 9, "excluded_lines": 0}, "missing_lines": [118, 119, 120, 122, 131, 132, 133, 134, 135], "excluded_lines": []}, "AppointmentRepository.update": {"executed_lines": [151, 152, 153, 154, 156, 157, 158], "summary": {"covered_lines": 7, "num_statements": 10, "percent_covered": 70.0, "percent_covered_display": "70", "missing_lines": 3, "excluded_lines": 0}, "missing_lines": [159, 160, 161], "excluded_lines": []}, "AppointmentRepository.update_status": {"executed_lines": [178, 179, 182, 186, 189, 190, 191], "summary": {"covered_lines": 7, "num_statements": 14, "percent_covered": 50.0, "percent_covered_display": "50", "missing_lines": 7, "excluded_lines": 0}, "missing_lines": [183, 184, 185, 187, 192, 193, 194], "excluded_lines": []}, "AppointmentRepository.delete": {"executed_lines": [206, 207, 208, 209], "summary": {"covered_lines": 4, "num_statements": 7, "percent_covered": 57.142857142857146, "percent_covered_display": "57", "missing_lines": 3, "excluded_lines": 0}, "missing_lines": [210, 211, 212], "excluded_lines": []}, "AppointmentRepository.get_by_external_calendar_id": {"executed_lines": [], "summary": {"covered_lines": 0, "num_statements": 8, "percent_covered": 0.0, "percent_covered_display": "0", "missing_lines": 8, "excluded_lines": 0}, "missing_lines": [224, 225, 229, 230, 231, 232, 233, 234], "excluded_lines": []}, "": {"executed_lines": [1, 4, 5, 6, 7, 8, 9, 10, 11, 13, 16, 17, 19, 22, 45, 67, 107, 137, 163, 196, 214], "summary": {"covered_lines": 19, "num_statements": 19, "percent_covered": 100.0, "percent_covered_display": "100", "missing_lines": 0, "excluded_lines": 0}, "missing_lines": [], "excluded_lines": []}}, "classes": {"AppointmentRepository": {"executed_lines": [20, 35, 36, 37, 38, 39, 40, 55, 56, 60, 61, 62, 86, 87, 91, 92, 94, 97, 100, 101, 102, 151, 152, 153, 154, 156, 157, 158, 178, 179, 182, 186, 189, 190, 191, 206, 207, 208, 209], "summary": {"covered_lines": 39, "num_statements": 80, "percent_covered": 48.75, "percent_covered_display": "49", "missing_lines": 41, "excluded_lines": 0}, "missing_lines": [41, 42, 43, 63, 64, 65, 95, 98, 103, 104, 105, 118, 119, 120, 122, 131, 132, 133, 134, 135, 159, 160, 161, 183, 184, 185, 187, 192, 193, 194, 210, 211, 212, 224, 225, 229, 230, 231, 232, 233, 234], "excluded_lines": []}, "": {"executed_lines": [1, 4, 5, 6, 7, 8, 9, 10, 11, 13, 16, 17, 19, 22, 45, 67, 107, 137, 163, 196, 214], "summary": {"covered_lines": 19, "num_statements": 19, "percent_covered": 100.0, "percent_covered_display": "100", "missing_lines": 0, "excluded_lines": 0}, "missing_lines": [], "excluded_lines": []}}}, "app\\appointments\\routes\\__init__.py": {"executed_lines": [1, 3], "summary": {"covered_lines": 2, "num_statements": 2, "percent_covered": 100.0, "percent_covered_display": "100", "missing_lines": 0, "excluded_lines": 0}, "missing_lines": [], "excluded_lines": [], "functions": {"": {"executed_lines": [1, 3], "summary": {"covered_lines": 2, "num_statements": 2, "percent_covered": 100.0, "percent_covered_display": "100", "missing_lines": 0, "excluded_lines": 0}, "missing_lines": [], "excluded_lines": []}}, "classes": {"": {"executed_lines": [1, 3], "summary": {"covered_lines": 2, "num_statements": 2, "percent_covered": 100.0, "percent_covered_display": "100", "missing_lines": 0, "excluded_lines": 0}, "missing_lines": [], "excluded_lines": []}}}, "app\\appointments\\routes\\appointment_routes.py": {"executed_lines": [1, 5, 6, 7, 10, 13, 16, 17, 18, 24, 25, 28, 29, 30, 42, 43, 46, 47, 48, 54, 55, 58, 59, 60, 66, 67, 70, 71, 72, 78, 79, 82, 83, 84, 90, 91], "summary": {"covered_lines": 35, "num_statements": 35, "percent_covered": 100.0, "percent_covered_display": "100", "missing_lines": 0, "excluded_lines": 0}, "missing_lines": [], "excluded_lines": [], "functions": {"create_appointment": {"executed_lines": [24, 25], "summary": {"covered_lines": 2, "num_statements": 2, "percent_covered": 100.0, "percent_covered_display": "100", "missing_lines": 0, "excluded_lines": 0}, "missing_lines": [], "excluded_lines": []}, "get_all_appointments": {"executed_lines": [42, 43], "summary": {"covered_lines": 2, "num_statements": 2, "percent_covered": 100.0, "percent_covered_display": "100", "missing_lines": 0, "excluded_lines": 0}, "missing_lines": [], "excluded_lines": []}, "get_appointment_by_id": {"executed_lines": [54, 55], "summary": {"covered_lines": 2, "num_statements": 2, "percent_covered": 100.0, "percent_covered_display": "100", "missing_lines": 0, "excluded_lines": 0}, "missing_lines": [], "excluded_lines": []}, "update_appointment": {"executed_lines": [66, 67], "summary": {"covered_lines": 2, "num_statements": 2, "percent_covered": 100.0, "percent_covered_display": "100", "missing_lines": 0, "excluded_lines": 0}, "missing_lines": [], "excluded_lines": []}, "update_appointment_status": {"executed_lines": [78, 79], "summary": {"covered_lines": 2, "num_statements": 2, "percent_covered": 100.0, "percent_covered_display": "100", "missing_lines": 0, "excluded_lines": 0}, "missing_lines": [], "excluded_lines": []}, "delete_appointment": {"executed_lines": [90, 91], "summary": {"covered_lines": 2, "num_statements": 2, "percent_covered": 100.0, "percent_covered_display": "100", "missing_lines": 0, "excluded_lines": 0}, "missing_lines": [], "excluded_lines": []}, "": {"executed_lines": [1, 5, 6, 7, 10, 13, 16, 17, 18, 28, 29, 30, 46, 47, 48, 58, 59, 60, 70, 71, 72, 82, 83, 84], "summary": {"covered_lines": 23, "num_statements": 23, "percent_covered": 100.0, "percent_covered_display": "100", "missing_lines": 0, "excluded_lines": 0}, "missing_lines": [], "excluded_lines": []}}, "classes": {"": {"executed_lines": [1, 5, 6, 7, 10, 13, 16, 17, 18, 24, 25, 28, 29, 30, 42, 43, 46, 47, 48, 54, 55, 58, 59, 60, 66, 67, 70, 71, 72, 78, 79, 82, 83, 84, 90, 91], "summary": {"covered_lines": 35, "num_statements": 35, "percent_covered": 100.0, "percent_covered_display": "100", "missing_lines": 0, "excluded_lines": 0}, "missing_lines": [], "excluded_lines": []}}}, "app\\appointments\\schemas\\__init__.py": {"executed_lines": [1, 8], "summary": {"covered_lines": 2, "num_statements": 2, "percent_covered": 100.0, "percent_covered_display": "100", "missing_lines": 0, "excluded_lines": 0}, "missing_lines": [], "excluded_lines": [], "functions": {"": {"executed_lines": [1, 8], "summary": {"covered_lines": 2, "num_statements": 2, "percent_covered": 100.0, "percent_covered_display": "100", "missing_lines": 0, "excluded_lines": 0}, "missing_lines": [], "excluded_lines": []}}, "classes": {"": {"executed_lines": [1, 8], "summary": {"covered_lines": 2, "num_statements": 2, "percent_covered": 100.0, "percent_covered_display": "100", "missing_lines": 0, "excluded_lines": 0}, "missing_lines": [], "excluded_lines": []}}}, "app\\appointments\\schemas\\appointment_schema.py": {"executed_lines": [1, 4, 5, 6, 9, 10, 11, 12, 13, 14, 15, 16, 17, 18, 21, 22, 24, 25, 27, 31, 32, 33, 34, 35, 36, 37, 38, 39, 40, 42, 43, 45, 49, 50, 51, 52, 55, 56, 57, 58, 59, 60, 61, 64, 65, 66, 67, 68, 69, 70, 71, 72, 73, 74, 75, 76, 77, 78, 79, 80, 81, 82, 83, 86, 87, 89, 91, 93, 101, 103, 104, 105], "summary": {"covered_lines": 66, "num_statements": 70, "percent_covered": 94.28571428571429, "percent_covered_display": "94", "missing_lines": 4, "excluded_lines": 0}, "missing_lines": [28, 46, 92, 106], "excluded_lines": [], "functions": {"AppointmentCreateSchema.validate_scheduled_at": {"executed_lines": [27], "summary": {"covered_lines": 1, "num_statements": 2, "percent_covered": 50.0, "percent_covered_display": "50", "missing_lines": 1, "excluded_lines": 0}, "missing_lines": [28], "excluded_lines": []}, "AppointmentUpdateSchema.validate_scheduled_at": {"executed_lines": [45], "summary": {"covered_lines": 1, "num_statements": 2, "percent_covered": 50.0, "percent_covered_display": "50", "missing_lines": 1, "excluded_lines": 0}, "missing_lines": [46], "excluded_lines": []}, "AppointmentResponseSchema.get_client": {"executed_lines": [91, 93], "summary": {"covered_lines": 2, "num_statements": 3, "percent_covered": 66.66666666666667, "percent_covered_display": "67", "missing_lines": 1, "excluded_lines": 0}, "missing_lines": [92], "excluded_lines": []}, "AppointmentResponseSchema.get_end_time": {"executed_lines": [103, 104, 105], "summary": {"covered_lines": 3, "num_statements": 4, "percent_covered": 75.0, "percent_covered_display": "75", "missing_lines": 1, "excluded_lines": 0}, "missing_lines": [106], "excluded_lines": []}, "": {"executed_lines": [1, 4, 5, 6, 9, 10, 11, 12, 13, 14, 15, 16, 17, 18, 21, 22, 24, 25, 31, 32, 33, 34, 35, 36, 37, 38, 39, 40, 42, 43, 49, 50, 51, 52, 55, 56, 57, 58, 59, 60, 61, 64, 65, 66, 67, 68, 69, 70, 71, 72, 73, 74, 75, 76, 77, 78, 79, 80, 81, 82, 83, 86, 87, 89, 101], "summary": {"covered_lines": 59, "num_statements": 59, "percent_covered": 100.0, "percent_covered_display": "100", "missing_lines": 0, "excluded_lines": 0}, "missing_lines": [], "excluded_lines": []}}, "classes": {"AppointmentCreateSchema": {"executed_lines": [27], "summary": {"covered_lines": 1, "num_statements": 2, "percent_covered": 50.0, "percent_covered_display": "50", "missing_lines": 1, "excluded_lines": 0}, "missing_lines": [28], "excluded_lines": []}, "AppointmentUpdateSchema": {"executed_lines": [45], "summary": {"covered_lines": 1, "num_statements": 2, "percent_covered": 50.0, "percent_covered_display": "50", "missing_lines": 1, "excluded_lines": 0}, "missing_lines": [46], "excluded_lines": []}, "AppointmentStatusUpdateSchema": {"executed_lines": [], "summary": {"covered_lines": 0, "num_statements": 0, "percent_covered": 100.0, "percent_covered_display": "100", "missing_lines": 0, "excluded_lines": 0}, "missing_lines": [], "excluded_lines": []}, "AppointmentClientSchema": {"executed_lines": [], "summary": {"covered_lines": 0, "num_statements": 0, "percent_covered": 100.0, "percent_covered_display": "100", "missing_lines": 0, "excluded_lines": 0}, "missing_lines": [], "excluded_lines": []}, "AppointmentResponseSchema": {"executed_lines": [91, 93, 103, 104, 105], "summary": {"covered_lines": 5, "num_statements": 7, "percent_covered": 71.42857142857143, "percent_covered_display": "71", "missing_lines": 2, "excluded_lines": 0}, "missing_lines": [92, 106], "excluded_lines": []}, "": {"executed_lines": [1, 4, 5, 6, 9, 10, 11, 12, 13, 14, 15, 16, 17, 18, 21, 22, 24, 25, 31, 32, 33, 34, 35, 36, 37, 38, 39, 40, 42, 43, 49, 50, 51, 52, 55, 56, 57, 58, 59, 60, 61, 64, 65, 66, 67, 68, 69, 70, 71, 72, 73, 74, 75, 76, 77, 78, 79, 80, 81, 82, 83, 86, 87, 89, 101], "summary": {"covered_lines": 59, "num_statements": 59, "percent_covered": 100.0, "percent_covered_display": "100", "missing_lines": 0, "excluded_lines": 0}, "missing_lines": [], "excluded_lines": []}}}, "app\\appointments\\services\\__init__.py": {"executed_lines": [1, 3], "summary": {"covered_lines": 2, "num_statements": 2, "percent_covered": 100.0, "percent_covered_display": "100", "missing_lines": 0, "excluded_lines": 0}, "missing_lines": [], "excluded_lines": [], "functions": {"": {"executed_lines": [1, 3], "summary": {"covered_lines": 2, "num_statements": 2, "percent_covered": 100.0, "percent_covered_display": "100", "missing_lines": 0, "excluded_lines": 0}, "missing_lines": [], "excluded_lines": []}}, "classes": {"": {"executed_lines": [1, 3], "summary": {"covered_lines": 2, "num_statements": 2, "percent_covered": 100.0, "percent_covered_display": "100", "missing_lines": 0, "excluded_lines": 0}, "missing_lines": [], "excluded_lines": []}}}, "app\\appointments\\services\\appointment_service.py": {"executed_lines": [1, 4, 5, 6, 7, 8, 9, 10, 12, 15, 16, 18, 24, 25, 26, 28, 43, 44, 49, 50, 51, 55, 56, 58, 59, 60, 62, 77, 78, 82, 85, 89, 91, 114, 115, 118, 125, 146, 162, 163, 164, 167, 171, 174, 180, 182, 187, 188, 189, 191, 214, 215, 219, 220, 228, 231, 236, 237, 239, 251, 252, 253, 256, 259, 260, 262], "summary": {"covered_lines": 64, "num_statements": 83, "percent_covered": 77.10843373493977, "percent_covered_display": "77", "missing_lines": 19, "excluded_lines": 0}, "missing_lines": [45, 46, 52, 79, 86, 87, 116, 140, 141, 142, 144, 168, 175, 176, 177, 216, 229, 257, 278], "excluded_lines": [], "functions": {"AppointmentService.__init__": {"executed_lines": [24, 25, 26], "summary": {"covered_lines": 3, "num_statements": 3, "percent_covered": 100.0, "percent_covered_display": "100", "missing_lines": 0, "excluded_lines": 0}, "missing_lines": [], "excluded_lines": []}, "AppointmentService.create_appointment": {"executed_lines": [43, 44, 49, 50, 51, 55, 56, 58, 59, 60], "summary": {"covered_lines": 10, "num_statements": 13, "percent_covered": 76.92307692307692, "percent_covered_display": "77", "missing_lines": 3, "excluded_lines": 0}, "missing_lines": [45, 46, 52], "excluded_lines": []}, "AppointmentService.get_appointment_by_id": {"executed_lines": [77, 78, 82, 85, 89], "summary": {"covered_lines": 5, "num_statements": 8, "percent_covered": 62.5, "percent_covered_display": "62", "missing_lines": 3, "excluded_lines": 0}, "missing_lines": [79, 86, 87], "excluded_lines": []}, "AppointmentService.get_all_appointments": {"executed_lines": [114, 115, 118], "summary": {"covered_lines": 3, "num_statements": 4, "percent_covered": 75.0, "percent_covered_display": "75", "missing_lines": 1, "excluded_lines": 0}, "missing_lines": [116], "excluded_lines": []}, "AppointmentService.get_upcoming_appointments": {"executed_lines": [], "summary": {"covered_lines": 0, "num_statements": 4, "percent_covered": 0.0, "percent_covered_display": "0", "missing_lines": 4, "excluded_lines": 0}, "missing_lines": [140, 141, 142, 144], "excluded_lines": []}, "AppointmentService.update_appointment": {"executed_lines": [162, 163, 164, 167, 171, 174, 180, 182, 187, 188, 189], "summary": {"covered_lines": 11, "num_statements": 15, "percent_covered": 73.33333333333333, "percent_covered_display": "73", "missing_lines": 4, "excluded_lines": 0}, "missing_lines": [168, 175, 176, 177], "excluded_lines": []}, "AppointmentService.update_appointment_status": {"executed_lines": [214, 215, 219, 220, 228, 231, 236, 237], "summary": {"covered_lines": 8, "num_statements": 10, "percent_covered": 80.0, "percent_covered_display": "80", "missing_lines": 2, "excluded_lines": 0}, "missing_lines": [216, 229], "excluded_lines": []}, "AppointmentService.delete_appointment": {"executed_lines": [251, 252, 253, 256, 259, 260], "summary": {"covered_lines": 6, "num_statements": 7, "percent_covered": 85.71428571428571, "percent_covered_display": "86", "missing_lines": 1, "excluded_lines": 0}, "missing_lines": [257], "excluded_lines": []}, "AppointmentService.sync_from_external_calendar": {"executed_lines": [], "summary": {"covered_lines": 0, "num_statements": 1, "percent_covered": 0.0, "percent_covered_display": "0", "missing_lines": 1, "excluded_lines": 0}, "missing_lines": [278], "excluded_lines": []}, "": {"executed_lines": [1, 4, 5, 6, 7, 8, 9, 10, 12, 15, 16, 18, 28, 62, 91, 125, 146, 191, 239, 262], "summary": {"covered_lines": 18, "num_statements": 18, "percent_covered": 100.0, "percent_covered_display": "100", "missing_lines": 0, "excluded_lines": 0}, "missing_lines": [], "excluded_lines": []}}, "classes": {"AppointmentService": {"executed_lines": [24, 25, 26, 43, 44, 49, 50, 51, 55, 56, 58, 59, 60, 77, 78, 82, 85, 89, 114, 115, 118, 162, 163, 164, 167, 171, 174, 180, 182, 187, 188, 189, 214, 215, 219, 220, 228, 231, 236, 237, 251, 252, 253, 256, 259, 260], "summary": {"covered_lines": 46, "num_statements": 65, "percent_covered": 70.76923076923077, "percent_covered_display": "71", "missing_lines": 19, "excluded_lines": 0}, "missing_lines": [45, 46, 52, 79, 86, 87, 116, 140, 141, 142, 144, 168, 175, 176, 177, 216, 229, 257, 278], "excluded_lines": []}, "": {"executed_lines": [1, 4, 5, 6, 7, 8, 9, 10, 12, 15, 16, 18, 28, 62, 91, 125, 146, 191, 239, 262], "summary": {"covered_lines": 18, "num_statements": 18, "percent_covered": 100.0, "percent_covered_display": "100", "missing_lines": 0, "excluded_lines": 0}, "missing_lines": [], "excluded_lines": []}}}, "app\\auth\\__init__.py": {"executed_lines": [1], "summary": {"covered_lines": 0, "num_statements": 0, "percent_covered": 100.0, "percent_covered_display": "100", "missing_lines": 0, "excluded_lines": 0}, "missing_lines": [], "excluded_lines": [], "functions": {"": {"executed_lines": [1], "summary": {"covered_lines": 0, "num_statements": 0, "percent_covered": 100.0, "percent_covered_display": "100", "missing_lines": 0, "excluded_lines": 0}, "missing_lines": [], "excluded_lines": []}}, "classes": {"": {"executed_lines": [1], "summary": {"covered_lines": 0, "num_statements": 0, "percent_covered": 100.0, "percent_covered_display": "100", "missing_lines": 0, "excluded_lines": 0}, "missing_lines": [], "excluded_lines": []}}}, "app\\auth\\controllers\\__init__.py": {"executed_lines": [1, 5, 7], "summary": {"covered_lines": 2, "num_statements": 2, "percent_covered": 100.0, "percent_covered_display": "100", "missing_lines": 0, "excluded_lines": 0}, "missing_lines": [], "excluded_lines": [], "functions": {"": {"executed_lines": [1, 5, 7], "summary": {"covered_lines": 2, "num_statements": 2, "percent_covered": 100.0, "percent_covered_display": "100", "missing_lines": 0, "excluded_lines": 0}, "missing_lines": [], "excluded_lines": []}}, "classes": {"": {"executed_lines": [1, 5, 7], "summary": {"covered_lines": 2, "num_statements": 2, "percent_covered": 100.0, "percent_covered_display": "100", "missing_lines": 0, "excluded_lines": 0}, "missing_lines": [], "excluded_lines": []}}}, "app\\auth\\controllers\\auth_controller.py": {"executed_lines": [1, 6, 7, 8, 9, 10, 11, 12, 13, 15, 18, 19, 21, 23, 25, 30, 31, 32, 34, 35, 52, 54, 57, 59, 60, 66, 67, 69, 73, 74, 76, 77, 87, 88, 104, 106, 109, 111, 116, 117, 120, 121, 127, 128, 130, 136, 137, 147], "summary": {"covered_lines": 46, "num_statements": 62, "percent_covered": 74.19354838709677, "percent_covered_display": "74", "missing_lines": 16, "excluded_lines": 0}, "missing_lines": [70, 83, 84, 85, 122, 123, 124, 143, 144, 145, 157, 159, 163, 165, 166, 167], "excluded_lines": [], "functions": {"AuthController.__init__": {"executed_lines": [23], "summary": {"covered_lines": 1, "num_statements": 1, "percent_covered": 100.0, "percent_covered_display": "100", "missing_lines": 0, "excluded_lines": 0}, "missing_lines": [], "excluded_lines": []}, "AuthController._get_service": {"executed_lines": [30, 31, 32], "summary": {"covered_lines": 3, "num_statements": 3, "percent_covered": 100.0, "percent_covered_display": "100", "missing_lines": 0, "excluded_lines": 0}, "missing_lines": [], "excluded_lines": []}, "AuthController.register": {"executed_lines": [52, 54, 57, 59, 60, 66, 67, 69, 73, 74, 76, 77], "summary": {"covered_lines": 12, "num_statements": 16, "percent_covered": 75.0, "percent_covered_display": "75", "missing_lines": 4, "excluded_lines": 0}, "missing_lines": [70, 83, 84, 85], "excluded_lines": []}, "AuthController.login": {"executed_lines": [104, 106, 109, 111, 116, 117, 120, 121, 127, 128, 130, 136, 137], "summary": {"covered_lines": 13, "num_statements": 19, "percent_covered": 68.42105263157895, "percent_covered_display": "68", "missing_lines": 6, "excluded_lines": 0}, "missing_lines": [122, 123, 124, 143, 144, 145], "excluded_lines": []}, "AuthController.get_current_user": {"executed_lines": [], "summary": {"covered_lines": 0, "num_statements": 6, "percent_covered": 0.0, "percent_covered_display": "0", "missing_lines": 6, "excluded_lines": 0}, "missing_lines": [157, 159, 163, 165, 166, 167], "excluded_lines": []}, "": {"executed_lines": [1, 6, 7, 8, 9, 10, 11, 12, 13, 15, 18, 19, 21, 25, 34, 35, 87, 88, 147], "summary": {"covered_lines": 17, "num_statements": 17, "percent_covered": 100.0, "percent_covered_display": "100", "missing_lines": 0, "excluded_lines": 0}, "missing_lines": [], "excluded_lines": []}}, "classes": {"AuthController": {"executed_lines": [23, 30, 31, 32, 52, 54, 57, 59, 60, 66, 67, 69, 73, 74, 76, 77, 104, 106, 109, 111, 116, 117, 120, 121, 127, 128, 130, 136, 137], "summary": {"covered_lines": 29, "num_statements": 45, "percent_covered": 64.44444444444444, "percent_covered_display": "64", "missing_lines": 16, "excluded_lines": 0}, "missing_lines": [70, 83, 84, 85, 122, 123, 124, 143, 144, 145, 157, 159, 163, 165, 166, 167], "excluded_lines": []}, "": {"executed_lines": [1, 6, 7, 8, 9, 10, 11, 12, 13, 15, 18, 19, 21, 25, 34, 35, 87, 88, 147], "summary": {"covered_lines": 17, "num_statements": 17, "percent_covered": 100.0, "percent_covered_display": "100", "missing_lines": 0, "excluded_lines": 0}, "missing_lines": [], "excluded_lines": []}}}, "app\\auth\\models\\__init__.py": {"executed_lines": [1, 5, 7], "summary": {"covered_lines": 2, "num_statements": 2, "percent_covered": 100.0, "percent_covered_display": "100", "missing_lines": 0, "excluded_lines": 0}, "missing_lines": [], "excluded_lines": [], "functions": {"": {"executed_lines": [1, 5, 7], "summary": {"covered_lines": 2, "num_statements": 2, "percent_covered": 100.0, "percent_covered_display": "100", "missing_lines": 0, "excluded_lines": 0}, "missing_lines": [], "excluded_lines": []}}, "classes": {"": {"executed_lines": [1, 5, 7], "summary": {"covered_lines": 2, "num_statements": 2, "percent_covered": 100.0, "percent_covered_display": "100", "missing_lines": 0, "excluded_lines": 0}, "missing_lines": [], "excluded_lines": []}}}, "app\\auth\\models\\user_model.py": {"executed_lines": [1, 6, 7, 8, 9, 10, 13, 14, 15, 16, 19, 20, 33, 34, 36, 37, 38, 39, 40, 41, 44, 46, 47, 50, 52, 55], "summary": {"covered_lines": 23, "num_statements": 25, "percent_covered": 92.0, "percent_covered_display": "92", "missing_lines": 2, "excluded_lines": 0}, "missing_lines": [53, 57], "excluded_lines": [], "functions": {"User.__repr__": {"executed_lines": [], "summary": {"covered_lines": 0, "num_statements": 1, "percent_covered": 0.0, "percent_covered_display": "0", "missing_lines": 1, "excluded_lines": 0}, "missing_lines": [53], "excluded_lines": []}, "User.to_dict": {"executed_lines": [], "summary": {"covered_lines": 0, "num_statements": 1, "percent_covered": 0.0, "percent_covered_display": "0", "missing_lines": 1, "excluded_lines": 0}, "missing_lines": [57], "excluded_lines": []}, "": {"executed_lines": [1, 6, 7, 8, 9, 10, 13, 14, 15, 16, 19, 20, 33, 34, 36, 37, 38, 39, 40, 41, 44, 46, 47, 50, 52, 55], "summary": {"covered_lines": 23, "num_statements": 23, "percent_covered": 100.0, "percent_covered_display": "100", "missing_lines": 0, "excluded_lines": 0}, "missing_lines": [], "excluded_lines": []}}, "classes": {"UserRole": {"executed_lines": [], "summary": {"covered_lines": 0, "num_statements": 0, "percent_covered": 100.0, "percent_covered_display": "100", "missing_lines": 0, "excluded_lines": 0}, "missing_lines": [], "excluded_lines": []}, "User": {"executed_lines": [], "summary": {"covered_lines": 0, "num_statements": 2, "percent_covered": 0.0, "percent_covered_display": "0", "missing_lines": 2, "excluded_lines": 0}, "missing_lines": [53, 57], "excluded_lines": []}, "": {"executed_lines": [1, 6, 7, 8, 9, 10, 13, 14, 15, 16, 19, 20, 33, 34, 36, 37, 38, 39, 40, 41, 44, 46, 47, 50, 52, 55], "summary": {"covered_lines": 23, "num_statements": 23, "percent_covered": 100.0, "percent_covered_display": "100", "missing_lines": 0, "excluded_lines": 0}, "missing_lines": [], "excluded_lines": []}}}, "app\\auth\\repositories\\__init__.py": {"executed_lines": [1, 5, 7], "summary": {"covered_lines": 2, "num_statements": 2, "percent_covered": 100.0, "percent_covered_display": "100", "missing_lines": 0, "excluded_lines": 0}, "missing_lines": [], "excluded_lines": [], "functions": {"": {"executed_lines": [1, 5, 7], "summary": {"covered_lines": 2, "num_statements": 2, "percent_covered": 100.0, "percent_covered_display": "100", "missing_lines": 0, "excluded_lines": 0}, "missing_lines": [], "excluded_lines": []}}, "classes": {"": {"executed_lines": [1, 5, 7], "summary": {"covered_lines": 2, "num_statements": 2, "percent_covered": 100.0, "percent_covered_display": "100", "missing_lines": 0, "excluded_lines": 0}, "missing_lines": [], "excluded_lines": []}}}, "app\\auth\\repositories\\user_repository.py": {"executed_lines": [1, 6, 7, 8, 9, 10, 12, 15, 16, 18, 25, 27, 37, 38, 39, 40, 41, 4
[...]
: "100", "missing_lines": 0, "excluded_lines": 0}, "missing_lines": [], "excluded_lines": [], "functions": {"": {"executed_lines": [1, 3], "summary": {"covered_lines": 2, "num_statements": 2, "percent_covered": 100.0, "percent_covered_display": "100", "missing_lines": 0, "excluded_lines": 0}, "missing_lines": [], "excluded_lines": []}}, "classes": {"": {"executed_lines": [1, 3], "summary": {"covered_lines": 2, "num_statements": 2, "percent_covered": 100.0, "percent_covered_display": "100", "missing_lines": 0, "excluded_lines": 0}, "missing_lines": [], "excluded_lines": []}}}, "app\\scrapers\\repositories\\scraper_repository.py": {"executed_lines": [1, 2, 3, 4, 5, 6, 8, 11, 12, 16, 17, 19, 20, 21, 22, 23, 25, 26, 28, 30, 33, 35, 36, 38, 40, 41, 43, 45, 46, 48, 49, 50, 52, 53, 54, 56, 57, 59, 60, 61, 62, 66, 67, 75, 76, 103, 104, 116, 117, 119, 120, 125, 126, 127], "summary": {"covered_lines": 53, "num_statements": 69, "percent_covered": 76.81159420289855, "percent_covered_display": "77", "missing_lines": 16, "excluded_lines": 0}, "missing_lines": [31, 69, 70, 71, 72, 73, 89, 91, 92, 94, 95, 97, 98, 99, 101, 106], "excluded_lines": [], "functions": {"ScraperRepository.create_price_source": {"executed_lines": [19, 20, 21, 22, 23], "summary": {"covered_lines": 5, "num_statements": 5, "percent_covered": 100.0, "percent_covered_display": "100", "missing_lines": 0, "excluded_lines": 0}, "missing_lines": [], "excluded_lines": []}, "ScraperRepository.get_all_price_sources": {"executed_lines": [28, 30, 33], "summary": {"covered_lines": 3, "num_statements": 4, "percent_covered": 75.0, "percent_covered_display": "75", "missing_lines": 1, "excluded_lines": 0}, "missing_lines": [31], "excluded_lines": []}, "ScraperRepository.get_price_source_by_id": {"executed_lines": [38], "summary": {"covered_lines": 1, "num_statements": 1, "percent_covered": 100.0, "percent_covered_display": "100", "missing_lines": 0, "excluded_lines": 0}, "missing_lines": [], "excluded_lines": []}, "ScraperRepository.get_price_source_by_name": {"executed_lines": [43], "summary": {"covered_lines": 1, "num_statements": 1, "percent_covered": 100.0, "percent_covered_display": "100", "missing_lines": 0, "excluded_lines": 0}, "missing_lines": [], "excluded_lines": []}, "ScraperRepository.update_price_source": {"executed_lines": [48, 49, 50, 52, 53, 54], "summary": {"covered_lines": 6, "num_statements": 6, "percent_covered": 100.0, "percent_covered_display": "100", "missing_lines": 0, "excluded_lines": 0}, "missing_lines": [], "excluded_lines": []}, "ScraperRepository.delete_price_source": {"executed_lines": [59, 60, 61, 62], "summary": {"covered_lines": 4, "num_statements": 4, "percent_covered": 100.0, "percent_covered_display": "100", "missing_lines": 0, "excluded_lines": 0}, "missing_lines": [], "excluded_lines": []}, "ScraperRepository.create_scraped_price": {"executed_lines": [], "summary": {"covered_lines": 0, "num_statements": 5, "percent_covered": 0.0, "percent_covered_display": "0", "missing_lines": 5, "excluded_lines": 0}, "missing_lines": [69, 70, 71, 72, 73], "excluded_lines": []}, "ScraperRepository.get_scraped_prices": {"executed_lines": [], "summary": {"covered_lines": 0, "num_statements": 9, "percent_covered": 0.0, "percent_covered_display": "0", "missing_lines": 9, "excluded_lines": 0}, "missing_lines": [89, 91, 92, 94, 95, 97, 98, 99, 101], "excluded_lines": []}, "ScraperRepository.get_latest_price": {"executed_lines": [], "summary": {"covered_lines": 0, "num_statements": 1, "percent_covered": 0.0, "percent_covered_display": "0", "missing_lines": 1, "excluded_lines": 0}, "missing_lines": [106], "excluded_lines": []}, "ScraperRepository.delete_old_scraped_prices": {"executed_lines": [119, 120, 125, 126, 127], "summary": {"covered_lines": 5, "num_statements": 5, "percent_covered": 100.0, "percent_covered_display": "100", "missing_lines": 0, "excluded_lines": 0}, "missing_lines": [], "excluded_lines": []}, "": {"executed_lines": [1, 2, 3, 4, 5, 6, 8, 11, 12, 16, 17, 25, 26, 35, 36, 40, 41, 45, 46, 56, 57, 66, 67, 75, 76, 103, 104, 116, 117], "summary": {"covered_lines": 28, "num_statements": 28, "percent_covered": 100.0, "percent_covered_display": "100", "missing_lines": 0, "excluded_lines": 0}, "missing_lines": [], "excluded_lines": []}}, "classes": {"ScraperRepository": {"executed_lines": [19, 20, 21, 22, 23, 28, 30, 33, 38, 43, 48, 49, 50, 52, 53, 54, 59, 60, 61, 62, 119, 120, 125, 126, 127], "summary": {"covered_lines": 25, "num_statements": 41, "percent_covered": 60.97560975609756, "percent_covered_display": "61", "missing_lines": 16, "excluded_lines": 0}, "missing_lines": [31, 69, 70, 71, 72, 73, 89, 91, 92, 94, 95, 97, 98, 99, 101, 106], "excluded_lines": []}, "": {"executed_lines": [1, 2, 3, 4, 5, 6, 8, 11, 12, 16, 17, 25, 26, 35, 36, 40, 41, 45, 46, 56, 57, 66, 67, 75, 76, 103, 104, 116, 117], "summary": {"covered_lines": 28, "num_statements": 28, "percent_covered": 100.0, "percent_covered_display": "100", "missing_lines": 0, "excluded_lines": 0}, "missing_lines": [], "excluded_lines": []}}}, "app\\scrapers\\routes\\__init__.py": {"executed_lines": [1, 3], "summary": {"covered_lines": 2, "num_statements": 2, "percent_covered": 100.0, "percent_covered_display": "100", "missing_lines": 0, "excluded_lines": 0}, "missing_lines": [], "excluded_lines": [], "functions": {"": {"executed_lines": [1, 3], "summary": {"covered_lines": 2, "num_statements": 2, "percent_covered": 100.0, "percent_covered_display": "100", "missing_lines": 0, "excluded_lines": 0}, "missing_lines": [], "excluded_lines": []}}, "classes": {"": {"executed_lines": [1, 3], "summary": {"covered_lines": 2, "num_statements": 2, "percent_covered": 100.0, "percent_covered_display": "100", "missing_lines": 0, "excluded_lines": 0}, "missing_lines": [], "excluded_lines": []}}}, "app\\scrapers\\routes\\scraper_routes.py": {"executed_lines": [1, 2, 3, 4, 5, 11, 16, 17, 18, 19, 25, 28, 29, 30, 37, 40, 41, 42, 48, 51, 52, 53, 54, 60, 63, 64, 65, 71, 76, 77, 78, 79, 86, 89, 90, 91, 98, 101, 102, 103, 110, 113, 114, 115, 122], "summary": {"covered_lines": 45, "num_statements": 45, "percent_covered": 100.0, "percent_covered_display": "100", "missing_lines": 0, "excluded_lines": 0}, "missing_lines": [], "excluded_lines": [], "functions": {"create_price_source": {"executed_lines": [25], "summary": {"covered_lines": 1, "num_statements": 1, "percent_covered": 100.0, "percent_covered_display": "100", "missing_lines": 0, "excluded_lines": 0}, "missing_lines": [], "excluded_lines": []}, "get_price_sources": {"executed_lines": [37], "summary": {"covered_lines": 1, "num_statements": 1, "percent_covered": 100.0, "percent_covered_display": "100", "missing_lines": 0, "excluded_lines": 0}, "missing_lines": [], "excluded_lines": []}, "get_price_source": {"executed_lines": [48], "summary": {"covered_lines": 1, "num_statements": 1, "percent_covered": 100.0, "percent_covered_display": "100", "missing_lines": 0, "excluded_lines": 0}, "missing_lines": [], "excluded_lines": []}, "update_price_source": {"executed_lines": [60], "summary": {"covered_lines": 1, "num_statements": 1, "percent_covered": 100.0, "percent_covered_display": "100", "missing_lines": 0, "excluded_lines": 0}, "missing_lines": [], "excluded_lines": []}, "delete_price_source": {"executed_lines": [71], "summary": {"covered_lines": 1, "num_statements": 1, "percent_covered": 100.0, "percent_covered_display": "100", "missing_lines": 0, "excluded_lines": 0}, "missing_lines": [], "excluded_lines": []}, "scrape_prices": {"executed_lines": [86], "summary": {"covered_lines": 1, "num_statements": 1, "percent_covered": 100.0, "percent_covered_display": "100", "missing_lines": 0, "excluded_lines": 0}, "missing_lines": [], "excluded_lines": []}, "get_scraped_prices": {"executed_lines": [98], "summary": {"covered_lines": 1, "num_statements": 1, "percent_covered": 100.0, "percent_covered_display": "100", "missing_lines": 0, "excluded_lines": 0}, "missing_lines": [], "excluded_lines": []}, "get_price_comparison": {"executed_lines": [110], "summary": {"covered_lines": 1, "num_statements": 1, "percent_covered": 100.0, "percent_covered_display": "100", "missing_lines": 0, "excluded_lines": 0}, "missing_lines": [], "excluded_lines": []}, "cleanup_old_prices": {"executed_lines": [122], "summary": {"covered_lines": 1, "num_statements": 1, "percent_covered": 100.0, "percent_covered_display": "100", "missing_lines": 0, "excluded_lines": 0}, "missing_lines": [], "excluded_lines": []}, "": {"executed_lines": [1, 2, 3, 4, 5, 11, 16, 17, 18, 19, 28, 29, 30, 40, 41, 42, 51, 52, 53, 54, 63, 64, 65, 76, 77, 78, 79, 89, 90, 91, 101, 102, 103, 113, 114, 115], "summary": {"covered_lines": 36, "num_statements": 36, "percent_covered": 100.0, "percent_covered_display": "100", "missing_lines": 0, "excluded_lines": 0}, "missing_lines": [], "excluded_lines": []}}, "classes": {"": {"executed_lines": [1, 2, 3, 4, 5, 11, 16, 17, 18, 19, 25, 28, 29, 30, 37, 40, 41, 42, 48, 51, 52, 53, 54, 60, 63, 64, 65, 71, 76, 77, 78, 79, 86, 89, 90, 91, 98, 101, 102, 103, 110, 113, 114, 115, 122], "summary": {"covered_lines": 45, "num_statements": 45, "percent_covered": 100.0, "percent_covered_display": "100", "missing_lines": 0, "excluded_lines": 0}, "missing_lines": [], "excluded_lines": []}}}, "app\\scrapers\\schemas\\__init__.py": {"executed_lines": [1, 15], "summary": {"covered_lines": 2, "num_statements": 2, "percent_covered": 100.0, "percent_covered_display": "100", "missing_lines": 0, "excluded_lines": 0}, "missing_lines": [], "excluded_lines": [], "functions": {"": {"executed_lines": [1, 15], "summary": {"covered_lines": 2, "num_statements": 2, "percent_covered": 100.0, "percent_covered_display": "100", "missing_lines": 0, "excluded_lines": 0}, "missing_lines": [], "excluded_lines": []}}, "classes": {"": {"executed_lines": [1, 15], "summary": {"covered_lines": 2, "num_statements": 2, "percent_covered": 100.0, "percent_covered_display": "100", "missing_lines": 0, "excluded_lines": 0}, "missing_lines": [], "excluded_lines": []}}}, "app\\scrapers\\schemas\\scraper_schema.py": {"executed_lines": [1, 4, 5, 6, 7, 8, 10, 11, 12, 14, 15, 17, 18, 20, 24, 25, 26, 27, 28, 30, 31, 32, 34, 35, 38, 39, 40, 41, 42, 43, 45, 46, 47, 49, 50, 52, 53, 56, 57, 58, 59, 61, 62, 63, 64, 66, 67, 68, 69, 71, 72, 75, 76, 77, 78, 79, 83, 84, 85, 86, 88, 89, 91], "summary": {"covered_lines": 58, "num_statements": 59, "percent_covered": 98.30508474576271, "percent_covered_display": "98", "missing_lines": 1, "excluded_lines": 0}, "missing_lines": [21], "excluded_lines": [], "functions": {"PriceSourceCreateSchema.validate_template": {"executed_lines": [20], "summary": {"covered_lines": 1, "num_statements": 2, "percent_covered": 50.0, "percent_covered_display": "50", "missing_lines": 1, "excluded_lines": 0}, "missing_lines": [21], "excluded_lines": []}, "": {"executed_lines": [1, 4, 5, 6, 7, 8, 10, 11, 12, 14, 15, 17, 18, 24, 25, 26, 27, 28, 30, 31, 32, 34, 35, 38, 39, 40, 41, 42, 43, 45, 46, 47, 49, 50, 52, 53, 56, 57, 58, 59, 61, 62, 63, 64, 66, 67, 68, 69, 71, 72, 75, 76, 77, 78, 79, 83, 84, 85, 86, 88, 89, 91], "summary": {"covered_lines": 57, "num_statements": 57, "percent_covered": 100.0, "percent_covered_display": "100", "missing_lines": 0, "excluded_lines": 0}, "missing_lines": [], "excluded_lines": []}}, "classes": {"PriceSourceCreateSchema": {"executed_lines": [20], "summary": {"covered_lines": 1, "num_statements": 2, "percent_covered": 50.0, "percent_covered_display": "50", "missing_lines": 1, "excluded_lines": 0}, "missing_lines": [21], "excluded_lines": []}, "PriceSourceUpdateSchema": {"executed_lines": [], "summary": {"covered_lines": 0, "num_statements": 0, "percent_covered": 100.0, "percent_covered_display": "100", "missing_lines": 0, "excluded_lines": 0}, "missing_lines": [], "excluded_lines": []}, "PriceSourceResponseSchema": {"executed_lines": [], "summary": {"covered_lines": 0, "num_statements": 0, "percent_covered": 100.0, "percent_covered_display": "100", "missing_lines": 0, "excluded_lines": 0}, "missing_lines": [], "excluded_lines": []}, "ScrapedPriceResponseSchema": {"executed_lines": [], "summary": {"covered_lines": 0, "num_statements": 0, "percent_covered": 100.0, "percent_covered_display": "100", "missing_lines": 0, "excluded_lines": 0}, "missing_lines": [], "excluded_lines": []}, "ScrapeRequestSchema": {"executed_lines": [], "summary": {"covered_lines": 0, "num_statements": 0, "percent_covered": 100.0, "percent_covered_display": "100", "missing_lines": 0, "excluded_lines": 0}, "missing_lines": [], "excluded_lines": []}, "": {"executed_lines": [1, 4, 5, 6, 7, 8, 10, 11, 12, 14, 15, 17, 18, 24, 25, 26, 27, 28, 30, 31, 32, 34, 35, 38, 39, 40, 41, 42, 43, 45, 46, 47, 49, 50, 52, 53, 56, 57, 58, 59, 61, 62, 63, 64, 66, 67, 68, 69, 71, 72, 75, 76, 77, 78, 79, 83, 84, 85, 86, 88, 89, 91], "summary": {"covered_lines": 57, "num_statements": 57, "percent_covered": 100.0, "percent_covered_display": "100", "missing_lines": 0, "excluded_lines": 0}, "missing_lines": [], "excluded_lines": []}}}, "app\\scrapers\\services\\__init__.py": {"executed_lines": [1, 3], "summary": {"covered_lines": 2, "num_statements": 2, "percent_covered": 100.0, "percent_covered_display": "100", "missing_lines": 0, "excluded_lines": 0}, "missing_lines": [], "excluded_lines": [], "functions": {"": {"executed_lines": [1, 3], "summary": {"covered_lines": 2, "num_statements": 2, "percent_covered": 100.0, "percent_covered_display": "100", "missing_lines": 0, "excluded_lines": 0}, "missing_lines": [], "excluded_lines": []}}, "classes": {"": {"executed_lines": [1, 3], "summary": {"covered_lines": 2, "num_statements": 2, "percent_covered": 100.0, "percent_covered_display": "100", "missing_lines": 0, "excluded_lines": 0}, "missing_lines": [], "excluded_lines": []}}}, "app\\scrapers\\services\\scraper_service.py": {"executed_lines": [1, 2, 3, 4, 5, 6, 7, 8, 9, 11, 14, 15, 17, 18, 22, 25, 26, 29, 31, 33, 35, 37, 38, 39, 40, 42, 44, 47, 48, 49, 52, 54, 56, 57, 61, 113, 120, 122, 125, 126, 127, 131, 142, 144, 145, 148, 151, 152, 155, 158, 159, 163, 166, 167, 171, 172, 174, 179, 180, 181, 182, 183, 186, 197, 206, 212, 215, 217, 218, 220, 222, 223, 224, 225, 229, 242, 244, 246], "summary": {"covered_lines": 77, "num_statements": 122, "percent_covered": 63.114754098360656, "percent_covered_display": "63", "missing_lines": 45, "excluded_lines": 0}, "missing_lines": [27, 50, 80, 81, 82, 84, 86, 87, 89, 91, 92, 94, 95, 96, 97, 98, 99, 102, 103, 104, 105, 107, 108, 109, 111, 123, 129, 160, 161, 168, 169, 175, 176, 199, 200, 201, 202, 203, 204, 236, 251, 253, 254, 260, 262], "excluded_lines": [], "functions": {"ScraperService.__init__": {"executed_lines": [18], "summary": {"covered_lines": 1, "num_statements": 1, "percent_covered": 100.0, "percent_covered_display": "100", "missing_lines": 0, "excluded_lines": 0}, "missing_lines": [], "excluded_lines": []}, "ScraperService.create_price_source": {"executed_lines": [25, 26, 29], "summary": {"covered_lines": 3, "num_statements": 4, "percent_covered": 75.0, "percent_covered_display": "75", "missing_lines": 1, "excluded_lines": 0}, "missing_lines": [27], "excluded_lines": []}, "ScraperService.get_all_price_sources": {"executed_lines": [33], "summary": {"covered_lines": 1, "num_statements": 1, "percent_covered": 100.0, "percent_covered_display": "100", "missing_lines": 0, "excluded_lines": 0}, "missing_lines": [], "excluded_lines": []}, "ScraperService.get_price_source": {"executed_lines": [37, 38, 39, 40], "summary": {"covered_lines": 4, "num_statements": 4, "percent_covered": 100.0, "percent_covered_display": "100", "missing_lines": 0, "excluded_lines": 0}, "missing_lines": [], "excluded_lines": []}, "ScraperService.update_price_source": {"executed_lines": [44, 47, 48, 49, 52], "summary": {"covered_lines": 5, "num_statements": 6, "percent_covered": 83.33333333333333, "percent_covered_display": "83", "missing_lines": 1, "excluded_lines": 0}, "missing_lines": [50], "excluded_lines": []}, "ScraperService.delete_price_source": {"executed_lines": [56, 57], "summary": {"covered_lines": 2, "num_statements": 2, "percent_covered": 100.0, "percent_covered_display": "100", "missing_lines": 0, "excluded_lines": 0}, "missing_lines": [], "excluded_lines": []}, "ScraperService.scrape_ingredient_prices": {"executed_lines": [], "summary": {"covered_lines": 0, "num_statements": 23, "percent_covered": 0.0, "percent_covered_display": "0", "missing_lines": 23, "excluded_lines": 0}, "missing_lines": [80, 81, 82, 84, 86, 87, 89, 91, 92, 94, 95, 96, 97, 98, 99, 102, 103, 104, 105, 107, 108, 109, 111], "excluded_lines": []}, "ScraperService._get_cached_price": {"executed_lines": [120, 122, 125, 126, 127], "summary": {"covered_lines": 5, "num_statements": 7, "percent_covered": 71.42857142857143, "percent_covered_display": "71", "missing_lines": 2, "excluded_lines": 0}, "missing_lines": [123, 129], "excluded_lines": []}, "ScraperService._scrape_from_source": {"executed_lines": [142, 144, 145, 148, 151, 152, 155, 158, 159, 163, 166, 167, 171, 172, 174, 179, 180, 181, 182, 183, 186, 197], "summary": {"covered_lines": 22, "num_statements": 34, "percent_covered": 64.70588235294117, "percent_covered_display": "65", "missing_lines": 12, "excluded_lines": 0}, "missing_lines": [160, 161, 168, 169, 175, 176, 199, 200, 201, 202, 203, 204], "excluded_lines": []}, "ScraperService._extract_price": {"executed_lines": [212, 215, 217, 218, 220, 222, 223, 224, 225], "summary": {"covered_lines": 9, "num_statements": 9, "percent_covered": 100.0, "percent_covered_display": "100", "missing_lines": 0, "excluded_lines": 0}, "missing_lines": [], "excluded_lines": []}, "ScraperService.get_scraped_prices": {"executed_lines": [], "summary": {"covered_lines": 0, "num_statements": 1, "percent_covered": 0.0, "percent_covered_display": "0", "missing_lines": 1, "excluded_lines": 0}, "missing_lines": [236], "excluded_lines": []}, "ScraperService.cleanup_old_prices": {"executed_lines": [244], "summary": {"covered_lines": 1, "num_statements": 1, "percent_covered": 100.0, "percent_covered_display": "100", "missing_lines": 0, "excluded_lines": 0}, "missing_lines": [], "excluded_lines": []}, "ScraperService.get_price_comparison": {"executed_lines": [], "summary": {"covered_lines": 0, "num_statements": 5, "percent_covered": 0.0, "percent_covered_display": "0", "missing_lines": 5, "excluded_lines": 0}, "missing_lines": [251, 253, 254, 260, 262], "excluded_lines": []}, "": {"executed_lines": [1, 2, 3, 4, 5, 6, 7, 8, 9, 11, 14, 15, 17, 22, 31, 35, 42, 54, 61, 113, 131, 206, 229, 242, 246], "summary": {"covered_lines": 24, "num_statements": 24, "percent_covered": 100.0, "percent_covered_display": "100", "missing_lines": 0, "excluded_lines": 0}, "missing_lines": [], "excluded_lines": []}}, "classes": {"ScraperService": {"executed_lines": [18, 25, 26, 29, 33, 37, 38, 39, 40, 44, 47, 48, 49, 52, 56, 57, 120, 122, 125, 126, 127, 142, 144, 145, 148, 151, 152, 155, 158, 159, 163, 166, 167, 171, 172, 174, 179, 180, 181, 182, 183, 186, 197, 212, 215, 217, 218, 220, 222, 223, 224, 225, 244], "summary": {"covered_lines": 53, "num_statements": 98, "percent_covered": 54.08163265306123, "percent_covered_display": "54", "missing_lines": 45, "excluded_lines": 0}, "missing_lines": [27, 50, 80, 81, 82, 84, 86, 87, 89, 91, 92, 94, 95, 96, 97, 98, 99, 102, 103, 104, 105, 107, 108, 109, 111, 123, 129, 160, 161, 168, 169, 175, 176, 199, 200, 201, 202, 203, 204, 236, 251, 253, 254, 260, 262], "excluded_lines": []}, "": {"executed_lines": [1, 2, 3, 4, 5, 6, 7, 8, 9, 11, 14, 15, 17, 22, 31, 35, 42, 54, 61, 113, 131, 206, 229, 242, 246], "summary": {"covered_lines": 24, "num_statements": 24, "percent_covered": 100.0, "percent_covered_display": "100", "missing_lines": 0, "excluded_lines": 0}, "missing_lines": [], "excluded_lines": []}}}}, "totals": {"covered_lines": 3844, "num_statements": 4793, "percent_covered": 80.2002920926351, "percent_covered_display": "80", "missing_lines": 949, "excluded_lines": 0}}