{"meta": {"format": 3, "version": "7.6.8", "timestamp": "2026-01-10T05:52:55.250038", "branch_coverage": false, "show_contexts": false}, "files": {"app\\__init__.py": {"executed_lines": [1, 5, 6, 7, 10, 20, 23, 24, 27, 28, 29, 30, 31, 32, 35, 39, 40, 41, 44, 45, 48, 49, 51, 52, 54, 55, 57, 58, 59, 62, 63, 64, 67, 68, 71, 72, 81, 82, 91, 92, 101, 102, 111, 112, 123, 124, 134, 135, 137, 138, 139, 141, 144, 145, 146, 153, 155, 156, 170, 171, 183, 184, 190, 191, 193, 200, 201, 202, 203, 209, 210, 211, 212, 215, 216, 217, 218, 220, 221, 223, 224, 233, 234, 244, 245, 247], "summary": {"covered_lines": 85, "num_statements": 108, "percent_covered": 78.70370370370371, "percent_covered_display": "79", "missing_lines": 23, "excluded_lines": 0}, "missing_lines": [74, 75, 84, 85, 94, 95, 104, 105, 114, 115, 116, 126, 127, 163, 177, 204, 205, 206, 213, 230, 236, 237, 238], "excluded_lines": [], "functions": {"create_app": {"executed_lines": [20, 23, 24, 27, 28, 29, 30, 31, 32, 35, 39, 40, 41, 44, 45, 48, 49, 54, 55, 62, 63, 64, 67, 68, 71, 72, 81, 82, 91, 92, 101, 102, 111, 112, 123, 124, 134, 135, 170, 171, 183, 184, 223, 224, 233, 234, 244, 245, 247], "summary": {"covered_lines": 49, "num_statements": 49, "percent_covered": 100.0, "percent_covered_display": "100", "missing_lines": 0, "excluded_lines": 0}, "missing_lines": [], "excluded_lines": []}, "create_app.log_request": {"executed_lines": [51, 52], "summary": {"covered_lines": 2, "num_statements": 2, "percent_covered": 100.0, "percent_covered_display": "100", "missing_lines": 0, "excluded_lines": 0}, "missing_lines": [], "excluded_lines": []}, "create_app.log_response": {"executed_lines": [57, 58, 59], "summary": {"covered_lines": 3, "num_statements": 3, "percent_covered": 100.0, "percent_covered_display": "100", "missing_lines": 0, "excluded_lines": 0}, "missing_lines": [], "excluded_lines": []}, "create_app.bad_request": {"executed_lines": [], "summary": {"covered_lines": 0, "num_statements": 2, "percent_covered": 0.0, "percent_covered_display": "0", "missing_lines": 2, "excluded_lines": 0}, "missing_lines": [74, 75], "excluded_lines": []}, "create_app.unauthorized": {"executed_lines": [], "summary": {"covered_lines": 0, "num_statements": 2, "percent_covered": 0.0, "percent_covered_display": "0", "missing_lines": 2, "excluded_lines": 0}, "missing_lines": [84, 85], "excluded_lines": []}, "create_app.forbidden": {"executed_lines": [], "summary": {"covered_lines": 0, "num_statements": 2, "percent_covered": 0.0, "percent_covered_display": "0", "missing_lines": 2, "excluded_lines": 0}, "missing_lines": [94, 95], "excluded_lines": []}, "create_app.not_found": {"executed_lines": [], "summary": {"covered_lines": 0, "num_statements": 2, "percent_covered": 0.0, "percent_covered_display": "0", "missing_lines": 2, "excluded_lines": 0}, "missing_lines": [104, 105], "excluded_lines": []}, "create_app.method_not_allowed": {"executed_lines": [], "summary": {"covered_lines": 0, "num_statements": 3, "percent_covered": 0.0, "percent_covered_display": "0", "missing_lines": 3, "excluded_lines": 0}, "missing_lines": [114, 115, 116], "excluded_lines": []}, "create_app.unprocessable_entity": {"executed_lines": [], "summary": {"covered_lines": 0, "num_statements": 2, "percent_covered": 0.0, "percent_covered_display": "0", "missing_lines": 2, "excluded_lines": 0}, "missing_lines": [126, 127], "excluded_lines": []}, "create_app.handle_exception": {"executed_lines": [137, 138, 139, 141, 144, 145, 146, 153, 155, 156], "summary": {"covered_lines": 10, "num_statements": 11, "percent_covered": 90.9090909090909, "percent_covered_display": "91", "missing_lines": 1, "excluded_lines": 0}, "missing_lines": [163], "excluded_lines": []}, "create_app.health_check": {"executed_lines": [], "summary": {"covered_lines": 0, "num_statements": 1, "percent_covered": 0.0, "percent_covered_display": "0", "missing_lines": 1, "excluded_lines": 0}, "missing_lines": [177], "excluded_lines": []}, "create_app.readiness_check": {"executed_lines": [190, 191, 193, 200, 201, 202, 203, 209, 210, 211, 212, 215, 216, 217, 218, 220, 221], "summary": {"covered_lines": 17, "num_statements": 21, "percent_covered": 80.95238095238095, "percent_covered_display": "81", "missing_lines": 4, "excluded_lines": 0}, "missing_lines": [204, 205, 206, 213], "excluded_lines": []}, "create_app.liveness_check": {"executed_lines": [], "summary": {"covered_lines": 0, "num_statements": 1, "percent_covered": 0.0, "percent_covered_display": "0", "missing_lines": 1, "excluded_lines": 0}, "missing_lines": [230], "excluded_lines": []}, "create_app.test_endpoint": {"executed_lines": [], "summary": {"covered_lines": 0, "num_statements": 3, "percent_covered": 0.0, "percent_covered_display": "0", "missing_lines": 3, "excluded_lines": 0}, "missing_lines": [236, 237, 238], "excluded_lines": []}, "": {"executed_lines": [1, 5, 6, 7, 10], "summary": {"covered_lines": 4, "num_statements": 4, "percent_covered": 100.0, "percent_covered_display": "100", "missing_lines": 0, "excluded_lines": 0}, "missing_lines": [], "excluded_lines": []}}, "classes": {"": {"executed_lines": [1, 5, 6, 7, 10, 20, 23, 24, 27, 28, 29, 30, 31, 32, 35, 39, 40, 41, 44, 45, 48, 49, 51, 52, 54, 55, 57, 58, 59, 62, 63, 64, 67, 68, 71, 72, 81, 82, 91, 92, 101, 102, 111, 112, 123, 124, 134, 135, 137, 138, 139, 141, 144, 145, 146, 153, 155, 156, 170, 171, 183, 184, 190, 191, 193, 200, 201, 202, 203, 209, 210, 211, 212, 215, 216, 217, 218, 220, 221, 223, 224, 233, 234, 244, 245, 247], "summary": {"covered_lines": 85, "num_statements": 108, "percent_covered": 78.70370370370371, "percent_covered_display": "79", "missing_lines": 23, "excluded_lines": 0}, "missing_lines": [74, 75, 84, 85, 94, 95, 104, 105, 114, 115, 116, 126, 127, 163, 177, 204, 205, 206, 213, 230, 236, 237, 238], "excluded_lines": []}}}, "app\\admin\\__init__.py": {"executed_lines": [1], "summary": {"covered_lines": 0, "num_statements": 0, "percent_covered": 100.0, "percent_covered_display": "100", "missing_lines": 0, "excluded_lines": 0}, "missing_lines": [], "excluded_lines": [], "functions": {"": {"executed_lines": [1], "summary": {"covered_lines": 0, "num_statements": 0, "percent_covered": 100.0, "percent_covered_display": "100", "missing_lines": 0, "excluded_lines": 0}, "missing_lines": [], "excluded_lines": []}}, "classes": {"": {"executed_lines": [1], "summary": {"covered_lines": 0, "num_statements": 0, "percent_covered": 100.0, "percent_covered_display": "100", "missing_lines": 0, "excluded_lines": 0}, "missing_lines": [], "excluded_lines": []}}}, "app\\admin\\controllers\\__init__.py": {"executed_lines": [1, 2, 4], "summary": {"covered_lines": 2, "num_statements": 2, "percent_covered": 100.0, "percent_covered_display": "100", "missing_lines": 0, "excluded_lines": 0}, "missing_lines": [], "excluded_lines": [], "functions": {"": {"executed_lines": [1, 2, 4], "summary": {"covered_lines": 2, "num_statements": 2, "percent_covered": 100.0, "percent_covered_display": "100", "missing_lines": 0, "excluded_lines": 0}, "missing_lines": [], "excluded_lines": []}}, "classes": {"": {"executed_lines": [1, 2, 4], "summary": {"covered_lines": 2, "num_statements": 2, "percent_covered": 100.0, "percent_covered_display": "100", "missing_lines": 0, "excluded_lines": 0}, "missing_lines": [], "excluded_lines": []}}}, "app\\admin\\controllers\\admin_controller.py": {"executed_lines": [1, 5, 6, 7, 8, 9, 12, 13, 15, 16, 18, 28, 33, 34, 35, 36, 38, 43, 44, 49, 54, 55, 56, 59, 60, 61, 62, 63, 64, 66, 76, 93, 98, 99, 100, 101, 103, 104, 109, 120, 125, 126, 127, 128, 130, 131, 136, 137, 139, 146, 147, 152, 163, 168, 169, 172, 173, 174, 175, 176, 178, 179, 188, 205, 210, 211, 212, 215, 216, 221, 222, 227, 228, 233, 235, 236, 242, 243, 248, 259, 264, 265, 268, 269, 270, 271, 274, 275, 276, 281, 282, 289, 290, 296, 299, 305, 317, 322, 323, 324, 325, 328, 329, 330, 331, 332, 333, 335, 345, 358, 375, 380, 381, 383, 384, 387, 392, 405], "summary": {"covered_lines": 116, "num_statements": 136, "percent_covered": 85.29411764705883, "percent_covered_display": "85", "missing_lines": 20, "excluded_lines": 0}, "missing_lines": [23, 24, 25, 26, 87, 88, 114, 115, 157, 158, 199, 200, 253, 254, 311, 312, 369, 370, 397, 398], "excluded_lines": [], "functions": {"AdminController.__init__": {"executed_lines": [16], "summary": {"covered_lines": 1, "num_statements": 1, "percent_covered": 100.0, "percent_covered_display": "100", "missing_lines": 0, "excluded_lines": 0}, "missing_lines": [], "excluded_lines": []}, "AdminController._get_service": {"executed_lines": [], "summary": {"covered_lines": 0, "num_statements": 4, "percent_covered": 0.0, "percent_covered_display": "0", "missing_lines": 4, "excluded_lines": 0}, "missing_lines": [23, 24, 25, 26], "excluded_lines": []}, "AdminController.dashboard": {"executed_lines": [33, 34, 35, 36, 38, 43, 44], "summary": {"covered_lines": 7, "num_statements": 7, "percent_covered": 100.0, "percent_covered_display": "100", "missing_lines": 0, "excluded_lines": 0}, "missing_lines": [], "excluded_lines": []}, "AdminController.list_chefs": {"executed_lines": [54, 55, 56, 59, 60, 61, 62, 63, 64, 66, 76], "summary": {"covered_lines": 11, "num_statements": 13, "percent_covered": 84.61538461538461, "percent_covered_display": "85", "missing_lines": 2, "excluded_lines": 0}, "missing_lines": [87, 88], "excluded_lines": []}, "AdminController.get_chef": {"executed_lines": [98, 99, 100, 101, 103, 104, 109], "summary": {"covered_lines": 7, "num_statements": 9, "percent_covered": 77.77777777777777, "percent_covered_display": "78", "missing_lines": 2, "excluded_lines": 0}, "missing_lines": [114, 115], "excluded_lines": []}, "AdminController.update_chef_status": {"executed_lines": [125, 126, 127, 128, 130, 131, 136, 137, 139, 146, 147, 152], "summary": {"covered_lines": 12, "num_statements": 14, "percent_covered": 85.71428571428571, "percent_covered_display": "86", "missing_lines": 2, "excluded_lines": 0}, "missing_lines": [157, 158], "excluded_lines": []}, "AdminController.list_users": {"executed_lines": [168, 169, 172, 173, 174, 175, 176, 178, 179, 188], "summary": {"covered_lines": 10, "num_statements": 12, "percent_covered": 83.33333333333333, "percent_covered_display": "83", "missing_lines": 2, "excluded_lines": 0}, "missing_lines": [199, 200], "excluded_lines": []}, "AdminController.delete_user": {"executed_lines": [210, 211, 212, 215, 216, 221, 222, 227, 228, 233, 235, 236, 242, 243, 248], "summary": {"covered_lines": 15, "num_statements": 17, "percent_covered": 88.23529411764706, "percent_covered_display": "88", "missing_lines": 2, "excluded_lines": 0}, "missing_lines": [253, 254], "excluded_lines": []}, "AdminController.generate_report": {"executed_lines": [264, 265, 268, 269, 270, 271, 274, 275, 276, 281, 282, 289, 290, 296, 299, 305], "summary": {"covered_lines": 16, "num_statements": 18, "percent_covered": 88.88888888888889, "percent_covered_display": "89", "missing_lines": 2, "excluded_lines": 0}, "missing_lines": [311, 312], "excluded_lines": []}, "AdminController.get_audit_logs": {"executed_lines": [322, 323, 324, 325, 328, 329, 330, 331, 332, 333, 335, 345, 358], "summary": {"covered_lines": 13, "num_statements": 15, "percent_covered": 86.66666666666667, "percent_covered_display": "87", "missing_lines": 2, "excluded_lines": 0}, "missing_lines": [369, 370], "excluded_lines": []}, "AdminController.get_audit_statistics": {"executed_lines": [380, 381, 383, 384, 387, 392], "summary": {"covered_lines": 6, "num_statements": 8, "percent_covered": 75.0, "percent_covered_display": "75", "missing_lines": 2, "excluded_lines": 0}, "missing_lines": [397, 398], "excluded_lines": []}, "": {"executed_lines": [1, 5, 6, 7, 8, 9, 12, 13, 15, 18, 28, 49, 93, 120, 163, 205, 259, 317, 375, 405], "summary": {"covered_lines": 18, "num_statements": 18, "percent_covered": 100.0, "percent_covered_display": "100", "missing_lines": 0, "excluded_lines": 0}, "missing_lines": [], "excluded_lines": []}}, "classes": {"AdminController": {"executed_lines": [16, 33, 34, 35, 36, 38, 43, 44, 54, 55, 56, 59, 60, 61, 62, 63, 64, 66, 76, 98, 99, 100, 101, 103, 104, 109, 125, 126, 127, 128, 130, 131, 136, 137, 139, 146, 147, 152, 168, 169, 172, 173, 174, 175, 176, 178, 179, 188, 210, 211, 212, 215, 216, 221, 222, 227, 228, 233, 235, 236, 242, 243, 248, 264, 265, 268, 269, 270, 271, 274, 275, 276, 281, 282, 289, 290, 296, 299, 305, 322, 323, 324, 325, 328, 329, 330, 331, 332, 333, 335, 345, 358, 380, 381, 383, 384, 387, 392], "summary": {"covered_lines": 98, "num_statements": 118, "percent_covered": 83.05084745762711, "percent_covered_display": "83", "missing_lines": 20, "excluded_lines": 0}, "missing_lines": [23, 24, 25, 26, 87, 88, 114, 115, 157, 158, 199, 200, 253, 254, 311, 312, 369, 370, 397, 398], "excluded_lines": []}, "": {"executed_lines": [1, 5, 6, 7, 8, 9, 12, 13, 15, 18, 28, 49, 93, 120, 163, 205, 259, 317, 375, 405], "summary": {"covered_lines": 18, "num_statements": 18, "percent_covered": 100.0, "percent_covered_display": "100", "missing_lines": 0, "excluded_lines": 0}, "missing_lines": [], "excluded_lines": []}}}, "app\\admin\\models\\__init__.py": {"executed_lines": [1, 2, 4], "summary": {"covered_lines": 2, "num_statements": 2, "percent_covered": 100.0, "percent_covered_display": "100", "missing_lines": 0, "excluded_lines": 0}, "missing_lines": [], "excluded_lines": [], "functions": {"": {"executed_lines": [1, 2, 4], "summary": {"covered_lines": 2, "num_statements": 2, "percent_covered": 100.0, "percent_covered_display": "100", "missing_lines": 0, "excluded_lines": 0}, "missing_lines": [], "excluded_lines": []}}, "classes": {"": {"executed_lines": [1, 2, 4], "summary": {"covered_lines": 2, "num_statements": 2, "percent_covered": 100.0, "percent_covered_display": "100", "missing_lines": 0, "excluded_lines": 0}, "missing_lines": [], "excluded_lines": []}}}, "app\\admin\\models\\audit_log_model.py": {"executed_lines": [1, 5, 6, 7, 10, 11, 14, 15, 17, 18, 19, 20, 21, 22, 23, 24, 25, 27], "summary": {"covered_lines": 16, "num_statements": 17, "percent_covered": 94.11764705882354, "percent_covered_display": "94", "missing_lines": 1, "excluded_lines": 0}, "missing_lines": [29], "excluded_lines": [], "functions": {"AuditLog.to_dict": {"executed_lines": [], "summary": {"covered_lines": 0, "num_statements": 1, "percent_covered": 0.0, "percent_covered_display": "0", "missing_lines": 1, "excluded_lines": 0}, "missing_lines": [29], "excluded_lines": []}, "": {"executed_lines": [1, 5, 6, 7, 10, 11, 14, 15, 17, 18, 19, 20, 21, 22, 23, 24, 25, 27], "summary": {"covered_lines": 16, "num_statements": 16, "percent_covered": 100.0, "percent_covered_display": "100", "missing_lines": 0, "excluded_lines": 0}, "missing_lines": [], "excluded_lines": []}}, "classes": {"AuditLog": {"executed_lines": [], "summary": {"covered_lines": 0, "num_statements": 1, "percent_covered": 0.0, "percent_covered_display": "0", "missing_lines": 1, "excluded_lines": 0}, "missing_lines": [29], "excluded_lines": []}, "": {"executed_lines": [1, 5, 6, 7, 10, 11, 14, 15, 17, 18, 19, 20, 21, 22, 23, 24, 25, 27], "summary": {"covered_lines": 16, "num_statements": 16, "percent_covered": 100.0, "percent_covered_display": "100", "missing_lines": 0, "excluded_lines": 0}, "missing_lines": [], "excluded_lines": []}}}, "app\\admin\\repositories\\__init__.py": {"executed_lines": [1, 2, 3, 5], "summary": {"covered_lines": 3, "num_statements": 3, "percent_covered": 100.0, "percent_covered_display": "100", "missing_lines": 0, "excluded_lines": 0}, "missing_lines": [], "excluded_lines": [], "functions": {"": {"executed_lines": [1, 2, 3, 5], "summary": {"covered_lines": 3, "num_statements": 3, "percent_covered": 100.0, "percent_covered_display": "100", "missing_lines": 0, "excluded_lines": 0}, "missing_lines": [], "excluded_lines": []}}, "classes": {"": {"executed_lines": [1, 2, 3, 5], "summary": {"covered_lines": 3, "num_statements": 3, "percent_covered": 100.0, "percent_covered_display": "100", "missing_lines": 0, "excluded_lines": 0}, "missing_lines": [], "excluded_lines": []}}}, "app\\admin\\repositories\\admin_repository.py": {"executed_lines": [1, 5, 6, 7, 8, 9, 10, 11, 12, 13, 14, 17, 18, 20, 21, 23, 31, 32, 33, 36, 37, 38, 39, 40, 43, 44, 46, 47, 48, 51, 62, 88, 106, 117, 118, 119, 120, 123, 124, 125, 134, 137, 138, 139, 140, 144, 145, 147, 150, 153, 154, 157, 175, 177, 185, 190, 191, 193, 196, 197, 198, 199, 200, 203, 210, 211, 214, 221, 222, 225, 229, 233, 268, 275, 276, 277, 280, 283, 284, 287, 288, 290, 307, 310, 311, 312, 313, 314, 315, 317, 318, 321, 322, 323, 324, 327, 328, 329, 337, 340, 343, 344, 347, 348, 349, 359, 361, 373, 374, 377, 378, 379, 382, 383, 388, 389, 392, 395, 396, 397, 398, 400, 401, 403, 415, 418, 419, 421, 423, 424, 426, 429, 434, 439, 444, 449, 454, 460, 468, 471, 479, 481, 499, 507, 508, 509, 512, 524, 535, 541, 574, 586, 589, 590, 592, 594, 595, 597, 600, 605, 608, 616, 619, 620, 623, 637], "summary": {"covered_lines": 164, "num_statements": 166, "percent_covered": 98.79518072289157, "percent_covered_display": "99", "missing_lines": 2, "excluded_lines": 0}, "missing_lines": [142, 285], "excluded_lines": [], "functions": {"AdminRepository.__init__": {"executed_lines": [21], "summary": {"covered_lines": 1, "num_statements": 1, "percent_covered": 100.0, "percent_covered_display": "100", "missing_lines": 0, "excluded_lines": 0}, "missing_lines": [], "excluded_lines": []}, "AdminRepository.get_dashboard_statistics": {"executed_lines": [31, 32, 33, 36, 37, 38, 39, 40, 43, 44, 46, 47, 48, 51, 62], "summary": {"covered_lines": 15, "num_statements": 15, "percent_covered": 100.0, "percent_covered_display": "100", "missing_lines": 0, "excluded_lines": 0}, "missing_lines": [], "excluded_lines": []}, "AdminRepository.get_all_chefs": {"executed_lines": [106, 117, 118, 119, 120, 123, 124, 125, 134, 137, 138, 139, 140, 144, 145, 147, 150, 153, 154, 157, 175], "summary": {"covered_lines": 21, "num_statements": 22, "percent_covered": 95.45454545454545, "percent_covered_display": "95", "missing_lines": 1, "excluded_lines": 0}, "missing_lines": [142], "excluded_lines": []}, "AdminRepository.get_chef_details": {"executed_lines": [185, 190, 191, 193, 196, 197, 198, 199, 200, 203, 210, 211, 214, 221, 222, 225, 229, 233], "summary": {"covered_lines": 18, "num_statements": 18, "percent_covered": 100.0, "percent_covered_display": "100", "missing_lines": 0, "excluded_lines": 0}, "missing_lines": [], "excluded_lines": []}, "AdminRepository.update_chef_status": {"executed_lines": [275, 276, 277, 280, 283, 284, 287, 288], "summary": {"covered_lines": 8, "num_statements": 9, "percent_covered": 88.88888888888889, "percent_covered_display": "89", "missing_lines": 1, "excluded_lines": 0}, "missing_lines": [285], "excluded_lines": []}, "AdminRepository.get_all_users": {"executed_lines": [307, 310, 311, 312, 313, 314, 315, 317, 318, 321, 322, 323, 324, 327, 328, 329, 337, 340, 343, 344, 347, 348, 349, 359], "summary": {"covered_lines": 24, "num_statements": 24, "percent_covered": 100.0, "percent_covered_display": "100", "missing_lines": 0, "excluded_lines": 0}, "missing_lines": [], "excluded_lines": []}, "AdminRepository.delete_user": {"executed_lines": [373, 374, 377, 378, 379, 382, 383, 388, 389, 392, 395, 396, 397, 398, 400, 401], "summary": {"covered_lines": 16, "num_statements": 16, "percent_covered": 100.0, "percent_covered_display": "100", "missing_lines": 0, "excluded_lines": 0}, "missing_lines": [], "excluded_lines": []}, "AdminRepository.generate_activity_report": {"executed_lines": [415, 418, 419, 421, 423, 424, 426, 429, 434, 439, 444, 449, 454, 460, 468, 471, 479, 481], "summary": {"covered_lines": 18, "num_statements": 18, "percent_covered": 100.0, "percent_covered_display": "100", "missing_lines": 0, "excluded_lines": 0}, "missing_lines": [], "excluded_lines": []}, "AdminRepository.generate_chefs_report": {"executed_lines": [507, 508, 509, 512, 524, 535, 541], "summary": {"covered_lines": 7, "num_statements": 7, "percent_covered": 100.0, "percent_covered_display": "100", "missing_lines": 0, "excluded_lines": 0}, "missing_lines": [], "excluded_lines": []}, "AdminRepository.generate_quotations_report": {"executed_lines": [586, 589, 590, 592, 594, 595, 597, 600, 605, 608, 616, 619, 620, 623, 637], "summary": {"covered_lines": 15, "num_statements": 15, "percent_covered": 100.0, "percent_covered_display": "100", "missing_lines": 0, "excluded_lines": 0}, "missing_lines": [], "excluded_lines": []}, "": {"executed_lines": [1, 5, 6, 7, 8, 9, 10, 11, 12, 13, 14, 17, 18, 20, 23, 88, 177, 268, 290, 361, 403, 499, 574], "summary": {"covered_lines": 21, "num_statements": 21, "percent_covered": 100.0, "percent_covered_display": "100", "missing_lines": 0, "excluded_lines": 0}, "missing_lines": [], "excluded_lines": []}}, "classes": {"AdminRepository": {"executed_lines": [21, 31, 32, 33, 36, 37, 38, 39, 40, 43, 44, 46, 47, 48, 51, 62, 106, 117, 118, 119, 120, 123, 124, 125, 134, 137, 138, 139, 140, 144, 145, 147, 150, 153, 154, 157, 175, 185, 190, 191, 193, 196, 197, 198, 199, 200, 203, 210, 211, 214, 221, 222, 225, 229, 233, 275, 276, 277, 280, 283, 284, 287, 288, 307, 310, 311, 312, 313, 314, 315, 317, 318, 321, 322, 323, 324, 327, 328, 329, 337, 340, 343, 344, 347, 348, 349, 359, 373, 374, 377, 378, 379, 382, 383, 388, 389, 392, 395, 396, 397, 398, 400, 401, 415, 418, 419, 421, 423, 424, 426, 429, 434, 439, 444, 449, 454, 460, 468, 471, 479, 481, 507, 508, 509, 512, 524, 535, 541, 586, 589, 590, 592, 594, 595, 597, 600, 605, 608, 616, 619, 620, 623, 637], "summary": {"covered_lines": 143, "num_statements": 145, "percent_covered": 98.62068965517241, "percent_covered_display": "99", "missing_lines": 2, "excluded_lines": 0}, "missing_lines": [142, 285], "excluded_lines": []}, "": {"executed_lines": [1, 5, 6, 7, 8, 9, 10, 11, 12, 13, 14, 17, 18, 20, 23, 88, 177, 268, 290, 361, 403, 499, 574], "summary": {"covered_lines": 21, "num_statements": 21, "percent_covered": 100.0, "percent_covered_display": "100", "missing_lines": 0, "excluded_lines": 0}, "missing_lines": [], "excluded_lines": []}}}, "app\\admin\\repositories\\audit_log_repository.py": {"executed_lines": [1, 5, 6, 7, 8, 9, 10, 11, 14, 17, 18, 20, 21, 23, 41, 43, 53, 54, 55, 56, 57, 60, 61, 62, 64, 75, 76, 79, 80, 82, 83, 85, 86, 88, 89, 92, 95, 98, 99, 101, 102, 103, 104, 106, 113, 120, 127, 129, 131, 134, 140, 143, 144, 149, 156, 165, 166, 167], "summary": {"covered_lines": 56, "num_statements": 58, "percent_covered": 96.55172413793103, "percent_covered_display": "97", "missing_lines": 2, "excluded_lines": 0}, "missing_lines": [108, 115], "excluded_lines": [], "functions": {"AuditLogRepository.__init__": {"executed_lines": [21], "summary": {"covered_lines": 1, "num_statements": 1, "percent_covered": 100.0, "percent_covered_display": "100", "missing_lines": 0, "excluded_lines": 0}, "missing_lines": [], "excluded_lines": []}, "AuditLogRepository.create": {"executed_lines": [41, 43, 53, 54, 55, 56, 57, 60, 61, 62], "summary": {"covered_lines": 10, "num_statements": 10, "percent_covered": 100.0, "percent_covered_display": "100", "missing_lines": 0, "excluded_lines": 0}, "missing_lines": [], "excluded_lines": []}, "AuditLogRepository.find_all": {"executed_lines": [75, 76, 79, 80, 82, 83, 85, 86, 88, 89, 92, 95, 98, 99, 101, 102, 103, 104], "summary": {"covered_lines": 18, "num_statements": 18, "percent_covered": 100.0, "percent_covered_display": "100", "missing_lines": 0, "excluded_lines": 0}, "missing_lines": [], "excluded_lines": []}, "AuditLogRepository.find_by_admin": {"executed_lines": [], "summary": {"covered_lines": 0, "num_statements": 1, "percent_covered": 0.0, "percent_covered_display": "0", "missing_lines": 1, "excluded_lines": 0}, "missing_lines": [108], "excluded_lines": []}, "AuditLogRepository.find_by_target": {"executed_lines": [], "summary": {"covered_lines": 0, "num_statements": 1, "percent_covered": 0.0, "percent_covered_display": "0", "missing_lines": 1, "excluded_lines": 0}, "missing_lines": [115], "excluded_lines": []}, "AuditLogRepository.get_statistics": {"executed_lines": [127, 129, 131, 134, 140, 143, 144, 149, 156, 165, 166, 167], "summary": {"covered_lines": 12, "num_statements": 12, "percent_covered": 100.0, "percent_covered_display": "100", "missing_lines": 0, "excluded_lines": 0}, "missing_lines": [], "excluded_lines": []}, "": {"executed_lines": [1, 5, 6, 7, 8, 9, 10, 11, 14, 17, 18, 20, 23, 64, 106, 113, 120], "summary": {"covered_lines": 15, "num_statements": 15, "percent_covered": 100.0, "percent_covered_display": "100", "missing_lines": 0, "excluded_lines": 0}, "missing_lines": [], "excluded_lines": []}}, "classes": {"AuditLogRepository": {"executed_lines": [21, 41, 43, 53, 54, 55, 56, 57, 60, 61, 62, 75, 76, 79, 80, 82, 83, 85, 86, 88, 89, 92, 95, 98, 99, 101, 102, 103, 104, 127, 129, 131, 134, 140, 143, 144, 149, 156, 165, 166, 167], "summary": {"covered_lines": 41, "num_statements": 43, "percent_covered": 95.34883720930233, "percent_covered_display": "95", "missing_lines": 2, "excluded_lines": 0}, "missing_lines": [108, 115], "excluded_lines": []}, "": {"executed_lines": [1, 5, 6, 7, 8, 9, 10, 11, 14, 17, 18, 20, 23, 64, 106, 113, 120], "summary": {"covered_lines": 15, "num_statements": 15, "percent_covered": 100.0, "percent_covered_display": "100", "missing_lines": 0, "excluded_lines": 0}, "missing_lines": [], "excluded_lines": []}}}, "app\\admin\\routes\\__init__.py": {"executed_lines": [1, 2, 4], "summary": {"covered_lines": 2, "num_statements": 2, "percent_covered": 100.0, "percent_covered_display": "100", "missing_lines": 0, "excluded_lines": 0}, "missing_lines": [], "excluded_lines": [], "functions": {"": {"executed_lines": [1, 2, 4], "summary": {"covered_lines": 2, "num_statements": 2, "percent_covered": 100.0, "percent_covered_display": "100", "missing_lines": 0, "excluded_lines": 0}, "missing_lines": [], "excluded_lines": []}}, "classes": {"": {"executed_lines": [1, 2, 4], "summary": {"covered_lines": 2, "num_statements": 2, "percent_covered": 100.0, "percent_covered_display": "100", "missing_lines": 0, "excluded_lines": 0}, "missing_lines": [], "excluded_lines": []}}}, "app\\admin\\routes\\admin_routes.py": {"executed_lines": [1, 5, 6, 7, 8, 11, 14, 15, 16, 17, 22, 23, 24, 25, 30, 31, 32, 33, 35, 38, 39, 40, 41, 46, 47, 48, 49, 54, 55, 56, 57, 62, 63, 64, 65, 70, 71, 72, 73, 78, 79, 80, 81, 83, 86, 87, 88, 89, 95, 97, 98, 106, 107, 109, 110, 112, 126, 127, 133, 134, 135, 136, 146, 148, 149, 154, 156, 157, 158, 159, 164, 165, 171, 172], "summary": {"covered_lines": 73, "num_statements": 80, "percent_covered": 91.25, "percent_covered_display": "91", "missing_lines": 7, "excluded_lines": 0}, "missing_lines": [19, 27, 43, 51, 59, 67, 75], "excluded_lines": [], "functions": {"dashboard": {"executed_lines": [], "summary": {"covered_lines": 0, "num_statements": 1, "percent_covered": 0.0, "percent_covered_display": "0", "missing_lines": 1, "excluded_lines": 0}, "missing_lines": [19], "excluded_lines": []}, "list_chefs": {"executed_lines": [], "summary": {"covered_lines": 0, "num_statements": 1, "percent_covered": 0.0, "percent_covered_display": "0", "missing_lines": 1, "excluded_lines": 0}, "missing_lines": [27], "excluded_lines": []}, "get_chef": {"executed_lines": [35], "summary": {"covered_lines": 1, "num_statements": 1, "percent_covered": 100.0, "percent_covered_display": "100", "missing_lines": 0, "excluded_lines": 0}, "missing_lines": [], "excluded_lines": []}, "update_chef_status": {"executed_lines": [], "summary": {"covered_lines": 0, "num_statements": 1, "percent_covered": 0.0, "percent_covered_display": "0", "missing_lines": 1, "excluded_lines": 0}, "missing_lines": [43], "excluded_lines": []}, "list_users": {"executed_lines": [], "summary": {"covered_lines": 0, "num_statements": 1, "percent_covered": 0.0, "percent_covered_display": "0", "missing_lines": 1, "excluded_lines": 0}, "missing_lines": [51], "excluded_lines": []}, "delete_user": {"executed_lines": [], "summary": {"covered_lines": 0, "num_statements": 1, "percent_covered": 0.0, "percent_covered_display": "0", "missing_lines": 1, "excluded_lines": 0}, "missing_lines": [59], "excluded_lines": []}, "generate_report": {"executed_lines": [], "summary": {"covered_lines": 0, "num_statements": 1, "percent_covered": 0.0, "percent_covered_display": "0", "missing_lines": 1, "excluded_lines": 0}, "missing_lines": [67], "excluded_lines": []}, "get_audit_logs": {"executed_lines": [], "summary": {"covered_lines": 0, "num_statements": 1, "percent_covered": 0.0, "percent_covered_display": "0", "missing_lines": 1, "excluded_lines": 0}, "missing_lines": [75], "excluded_lines": []}, "get_audit_statistics": {"executed_lines": [83], "summary": {"covered_lines": 1, "num_statements": 1, "percent_covered": 100.0, "percent_covered_display": "100", "missing_lines": 0, "excluded_lines": 0}, "missing_lines": [], "excluded_lines": []}, "get_cache_stats": {"executed_lines": [95, 97, 98, 106, 107, 109, 110, 112, 126, 127], "summary": {"covered_lines": 10, "num_statements": 10, "percent_covered": 100.0, "percent_covered_display": "100", "missing_lines": 0, "excluded_lines": 0}, "missing_lines": [], "excluded_lines": []}, "clear_cache": {"executed_lines": [146, 148, 149, 154, 156, 157, 158, 159, 164, 165, 171, 172], "summary": {"covered_lines": 12, "num_statements": 12, "percent_covered": 100.0, "percent_covered_display": "100", "missing_lines": 0, "excluded_lines": 0}, "missing_lines": [], "excluded_lines": []}, "": {"executed_lines": [1, 5, 6, 7, 8, 11, 14, 15, 16, 17, 22, 23, 24, 25, 30, 31, 32, 33, 38, 39, 40, 41, 46, 47, 48, 49, 54, 55, 56, 57, 62, 63, 64, 65, 70, 71, 72, 73, 78, 79, 80, 81, 86, 87, 88, 89, 133, 134, 135, 136], "summary": {"covered_lines": 49, "num_statements": 49, "percent_covered": 100.0, "percent_covered_display": "100", "missing_lines": 0, "excluded_lines": 0}, "missing_lines": [], "excluded_lines": []}}, "classes": {"": {"executed_lines": [1, 5, 6, 7, 8, 11, 14, 15, 16, 17, 22, 23, 24, 25, 30, 31, 32, 33, 35, 38, 39, 40, 41, 46, 47, 48, 49, 54, 55, 56, 57, 62, 63, 64, 65, 70, 71, 72, 73, 78, 79, 80, 81, 83, 86, 87, 88, 89, 95, 97, 98, 106, 107, 109, 110, 112, 126, 127, 133, 134, 135, 136, 146, 148, 149, 154, 156, 157, 158, 159, 164, 165, 171, 172], "summary": {"covered_lines": 73, "num_statements": 80, "percent_covered": 91.25, "percent_covered_display": "91", "missing_lines": 7, "excluded_lines": 0}, "missing_lines": [19, 27, 43, 51, 59, 67, 75], "excluded_lines": []}}}, "app\\admin\\schemas\\__init__.py": {"executed_lines": [1, 2, 11], "summary": {"covered_lines": 2, "num_statements": 2, "percent_covered": 100.0, "percent_covered_display": "100", "missing_lines": 0, "excluded_lines": 0}, "missing_lines": [], "excluded_lines": [], "functions": {"": {"executed_lines": [1, 2, 11], "summary": {"covered_lines": 2, "num_statements": 2, "percent_covered": 100.0, "percent_covered_display": "100", "missing_lines": 0, "excluded_lines": 0}, "missing_lines": [], "excluded_lines": []}}, "classes": {"": {"executed_lines": [1, 2, 11], "summary": {"covered_lines": 2, "num_statements": 2, "percent_covered": 100.0, "percent_covered_display": "100", "missing_lines": 0, "excluded_lines": 0}, "missing_lines": [], "excluded_lines": []}}}, "app\\admin\\schemas\\admin_schemas.py": {"executed_lines": [1, 5, 8, 9, 10, 11, 14, 15, 16, 17, 20, 21, 22, 23, 24, 25, 28, 29, 30, 31, 32, 35, 36, 37, 38, 39, 40, 41, 42, 43, 44, 47, 48, 49, 50, 51, 54, 55, 56, 57, 58, 59, 60, 61, 62, 65, 66, 67, 68, 69, 72, 73, 74, 75, 76, 77, 78, 79, 80, 81, 82, 83, 84, 87, 88, 89, 90, 93, 94, 95, 96, 97, 98, 99, 100, 101, 102, 105, 106, 107, 108, 109, 112, 113, 114, 115, 116, 119, 120, 121, 122, 125, 126, 127, 128, 129, 130, 131, 132, 133, 136, 137, 138, 139, 140], "summary": {"covered_lines": 88, "num_statements": 88, "percent_covered": 100.0, "percent_covered_display": "100", "missing_lines": 0, "excluded_lines": 0}, "missing_lines": [], "excluded_lines": [], "functions": {"": {"executed_lines": [1, 5, 8, 9, 10, 11, 14, 15, 16, 17, 20, 21, 22, 23, 24, 25, 28, 29, 30, 31, 32, 35, 36, 37, 38, 39, 40, 41, 42, 43, 44, 47, 48, 49, 50, 51, 54, 55, 56, 57, 58, 59, 60, 61, 62, 65, 66, 67, 68, 69, 72, 73, 74, 75, 76, 77, 78, 79, 80, 81, 82, 83, 84, 87, 88, 89, 90, 93, 94, 95, 96, 97, 98, 99, 100, 101, 102, 105, 106, 107, 108, 109, 112, 113, 114, 115, 116, 119, 120, 121, 122, 125, 126, 127, 128, 129, 130, 131, 132, 133, 136, 137, 138, 139, 140], "summary": {"covered_lines": 88, "num_statements": 88, "percent_covered": 100.0, "percent_covered_display": "100", "missing_lines": 0, "excluded_lines": 0}, "missing_lines": [], "excluded_lines": []}}, "classes": {"ChefStatusUpdateSchema": {"executed_lines": [], "summary": {"covered_lines": 0, "num_statements": 0, "percent_covered": 100.0, "percent_covered_display": "100", "missing_lines": 0, "excluded_lines": 0}, "missing_lines": [], "excluded_lines": []}, "UserDeleteSchema": {"executed_lines": [], "summary": {"covered_lines": 0, "num_statements": 0, "percent_covered": 100.0, "percent_covered_display": "100", "missing_lines": 0, "excluded_lines": 0}, "missing_lines": [], "excluded_lines": []}, "PaginationSchema": {"executed_lines": [], "summary": {"covered_lines": 0, "num_statements": 0, "percent_covered": 100.0, "percent_covered_display": "100", "missing_lines": 0, "excluded_lines": 0}, "missing_lines": [], "excluded_lines": []}, "ChefStatsSchema": {"executed_lines": [], "summary": {"covered_lines": 0, "num_statements": 0, "percent_covered": 100.0, "percent_covered_display": "100", "missing_lines": 0, "excluded_lines": 0}, "missing_lines": [], "excluded_lines": []}, "ChefListItemSchema": {"executed_lines": [], "summary": {"covered_lines": 0, "num_statements": 0, "percent_covered": 100.0, "percent_covered_display": "100", "missing_lines": 0, "excluded_lines": 0}, "missing_lines": [], "excluded_lines": []}, "ChefListResponseSchema": {"executed_lines": [], "summary": {"covered_lines": 0, "num_statements": 0, "percent_covered": 100.0, "percent_covered_display": "100", "missing_lines": 0, "excluded_lines": 0}, "missing_lines": [], "excluded_lines": []}, "DetailedStatsSchema": {"executed_lines": [], "summary": {"covered_lines": 0, "num_statements": 0, "percent_covered": 100.0, "percent_covered_display": "100", "missing_lines": 0, "excluded_lines": 0}, "missing_lines": [], "excluded_lines": []}, "RecentActivitySchema": {"executed_lines": [], "summary": {"covered_lines": 0, "num_statements": 0, "percent_covered": 100.0, "percent_covered_display": "100", "missing_lines": 0, "excluded_lines": 0}, "missing_lines": [], "excluded_lines": []}, "ChefDetailsSchema": {"executed_lines": [], "summary": {"covered_lines": 0, "num_statements": 0, "percent_covered": 100.0, "percent_covered_display": "100", "missing_lines": 0, "excluded_lines": 0}, "missing_lines": [], "excluded_lines": []}, "ChefDetailsResponseSchema": {"executed_lines": [], "summary": {"covered_lines": 0, "num_statements": 0, "percent_covered": 100.0, "percent_covered_display": "100", "missing_lines": 0, "excluded_lines": 0}, "missing_lines": [], "excluded_lines": []}, "DashboardStatisticsSchema": {"executed_lines": [], "summary": {"covered_lines": 0, "num_statements": 0, "percent_covered": 100.0, "percent_covered_display": "100", "missing_lines": 0, "excluded_lines": 0}, "missing_lines": [], "excluded_lines": []}, "RecentActivityStatsSchema": {"executed_lines": [], "summary": {"covered_lines": 0, "num_statements": 0, "percent_covered": 100.0, "percent_covered_display": "100", "missing_lines": 0, "excluded_lines": 0}, "missing_lines": [], "excluded_lines": []}, "TopChefSchema": {"executed_lines": [], "summary": {"covered_lines": 0, "num_statements": 0, "percent_covered": 100.0, "percent_covered_display": "100", "missing_lines": 0, "excluded_lines": 0}, "missing_lines": [], "excluded_lines": []}, "DashboardResponseSchema": {"executed_lines": [], "summary": {"covered_lines": 0, "num_statements": 0, "percent_covered": 100.0, "percent_covered_display": "100", "missing_lines": 0, "excluded_lines": 0}, "missing_lines": [], "excluded_lines": []}, "UserListItemSchema": {"executed_lines": [], "summary": {"covered_lines": 0, "num_statements": 0, "percent_covered": 100.0, "percent_covered_display": "100", "missing_lines": 0, "excluded_lines": 0}, "missing_lines": [], "excluded_lines": []}, "UserListResponseSchema": {"executed_lines": [], "summary": {"covered_lines": 0, "num_statements": 0, "percent_covered": 100.0, "percent_covered_display": "100", "missing_lines": 0, "excluded_lines": 0}, "missing_lines": [], "excluded_lines": []}, "": {"executed_lines": [1, 5, 8, 9, 10, 11, 14, 15, 16, 17, 20, 21, 22, 23, 24, 25, 28, 29, 30, 31, 32, 35, 36, 37, 38, 39, 40, 41, 42, 43, 44, 47, 48, 49, 50, 51, 54, 55, 56, 57, 58, 59, 60, 61, 62, 65, 66, 67, 68, 69, 72, 73, 74, 75, 76, 77, 78, 79, 80, 81, 82, 83, 84, 87, 88, 89, 90, 93, 94, 95, 96, 97, 98, 99, 100, 101, 102, 105, 106, 107, 108, 109, 112, 113, 114, 115, 116, 119, 120, 121, 122, 125, 126, 127, 128, 129, 130, 131, 132, 133, 136, 137, 138, 139, 140], "summary": {"covered_lines": 88, "num_statements": 88, "percent_covered": 100.0, "percent_covered_display": "100", "missing_lines": 0, "excluded_lines": 0}, "missing_lines": [], "excluded_lines": []}}}, "app\\admin\\services\\__init__.py": {"executed_lines": [1, 2, 3, 5], "summary": {"covered_lines": 3, "num_statements": 3, "percent_covered": 100.0, "percent_covered_display": "100", "missing_lines": 0, "excluded_lines": 0}, "missing_lines": [], "excluded_lines": [], "functions": {"": {"executed_lines": [1, 2, 3, 5], "summary": {"covered_lines": 3, "num_statements": 3, "percent_covered": 100.0, "percent_covered_display": "100", "missing_lines": 0, "excluded_lines": 0}, "missing_lines": [], "excluded_lines": []}}, "classes": {"": {"executed_lines": [1, 2, 3, 5], "summary": {"covered_lines": 3, "num_statements": 3, "percent_covered": 100.0, "percent_covered_display": "100", "missing_lines": 0, "excluded_lines": 0}, "missing_lines": [], "excluded_lines": []}}}, "app\\admin\\services\\admin_service.py": {"executed_lines": [1, 5, 6, 7, 8, 11, 12, 14, 15, 16, 18, 28, 31, 36, 38, 56, 66, 77, 85, 96, 98, 99, 102, 109, 111, 125, 127, 128, 131, 132, 141, 143, 160, 169, 181, 189, 202, 204, 205, 208, 216, 218, 233, 235, 236, 237, 238, 239, 240, 242, 245, 255], "summary": {"covered_lines": 50, "num_statements": 50, "percent_covered": 100.0, "percent_covered_display": "100", "missing_lines": 0, "excluded_lines": 0}, "missing_lines": [], "excluded_lines": [], "functions": {"AdminService.__init__": {"executed_lines": [15, 16], "summary": {"covered_lines": 2, "num_statements": 2, "percent_covered": 100.0, "percent_covered_display": "100", "missing_lines": 0, "excluded_lines": 0}, "missing_lines": [], "excluded_lines": []}, "AdminService.get_dashboard": {"executed_lines": [28, 31, 36], "summary": {"covered_lines": 3, "num_statements": 3, "percent_covered": 100.0, "percent_covered_display": "100", "missing_lines": 0, "excluded_lines": 0}, "missing_lines": [], "excluded_lines": []}, "AdminService.get_all_chefs": {"executed_lines": [56, 66, 77], "summary": {"covered_lines": 3, "num_statements": 3, "percent_covered": 100.0, "percent_covered_display": "100", "missing_lines": 0, "excluded_lines": 0}, "missing_lines": [], "excluded_lines": []}, "AdminService.get_chef_details": {"executed_lines": [96, 98, 99, 102, 109], "summary": {"covered_lines": 5, "num_statements": 5, "percent_covered": 100.0, "percent_covered_display": "100", "missing_lines": 0, "excluded_lines": 0}, "missing_lines": [], "excluded_lines": []}, "AdminService.update_chef_status": {"executed_lines": [125, 127, 128, 131, 132, 141], "summary": {"covered_lines": 6, "num_statements": 6, "percent_covered": 100.0, "percent_covered_display": "100", "missing_lines": 0, "excluded_lines": 0}, "missing_lines": [], "excluded_lines": []}, "AdminService.get_all_users": {"executed_lines": [160, 169, 181], "summary": {"covered_lines": 3, "num_statements": 3, "percent_covered": 100.0, "percent_covered_display": "100", "missing_lines": 0, "excluded_lines": 0}, "missing_lines": [], "excluded_lines": []}, "AdminService.delete_user": {"executed_lines": [202, 204, 205, 208, 216], "summary": {"covered_lines": 5, "num_statements": 5, "percent_covered": 100.0, "percent_covered_display": "100", "missing_lines": 0, "excluded_lines": 0}, "missing_lines": [], "excluded_lines": []}, "AdminService.generate_report": {"executed_lines": [233, 235, 236, 237, 238, 239, 240, 242, 245, 255], "summary": {"covered_lines": 10, "num_statements": 10, "percent_covered": 100.0, "percent_covered_display": "100", "missing_lines": 0, "excluded_lines": 0}, "missing_lines": [], "excluded_lines": []}, "": {"executed_lines": [1, 5, 6, 7, 8, 11, 12, 14, 18, 38, 85, 111, 143, 189, 218], "summary": {"covered_lines": 13, "num_statements": 13, "percent_covered": 100.0, "percent_covered_display": "100", "missing_lines": 0, "excluded_lines": 0}, "missing_lines": [], "excluded_lines": []}}, "classes": {"AdminService": {"executed_lines": [15, 16, 28, 31, 36, 56, 66, 77, 96, 98, 99, 102, 109, 125, 127, 128, 131, 132, 141, 160, 169, 181, 202, 204, 205, 208, 216, 233, 235, 236, 237, 238, 239, 240, 242, 245, 255], "summary": {"covered_lines": 37, "num_statements": 37, "percent_covered": 100.0, "percent_covered_display": "100", "missing_lines": 0, "excluded_lines": 0}, "missing_lines": [], "excluded_lines": []}, "": {"executed_lines": [1, 5, 6, 7, 8, 11, 12, 14, 18, 38, 85, 111, 143, 189, 218], "summary": {"covered_lines": 13, "num_statements": 13, "percent_covered": 100.0, "percent_covered_display": "100", "missing_lines": 0, "excluded_lines": 0}, "missing_lines": [], "excluded_lines": []}}}, "app\\admin\\services\\audit_service.py": {"executed_lines": [1, 5, 6, 9, 10, 12, 13, 15, 32, 41, 64, 71], "summary": {"covered_lines": 10, "num_statements": 12, "percent_covered": 83.33333333333333, "percent_covered_display": "83", "missing_lines": 2, "excluded_lines": 0}, "missing_lines": [47, 56], "excluded_lines": [], "functions": {"AuditService.__init__": {"executed_lines": [13], "summary": {"covered_lines": 1, "num_statements": 1, "percent_covered": 100.0, "percent_covered_display": "100", "missing_lines": 0, "excluded_lines": 0}, "missing_lines": [], "excluded_lines": []}, "AuditService.log_action": {"executed_lines": [32], "summary": {"covered_lines": 1, "num_statements": 1, "percent_covered": 100.0, "percent_covered_display": "100", "missing_lines": 0, "excluded_lines": 0}, "missing_lines": [], "excluded_lines": []}, "AuditService.get_logs": {"executed_lines": [], "summary": {"covered_lines": 0, "num_statements": 2, "percent_covered": 0.0, "percent_covered_display": "0", "missing_lines": 2, "excluded_lines": 0}, "missing_lines": [47, 56], "excluded_lines": []}, "AuditService.get_audit_statistics": {"executed_lines": [71], "summary": {"covered_lines": 1, "num_statements": 1, "percent_covered": 100.0, "percent_covered_display": "100", "missing_lines": 0, "excluded_lines": 0}, "missing_lines": [], "excluded_lines": []}, "": {"executed_lines": [1, 5, 6, 9, 10, 12, 15, 41, 64], "summary": {"covered_lines": 7, "num_statements": 7, "percent_covered": 100.0, "percent_covered_display": "100", "missing_lines": 0, "excluded_lines": 0}, "missing_lines": [], "excluded_lines": []}}, "classes": {"AuditService": {"executed_lines": [13, 32, 71], "summary": {"covered_lines": 3, "num_statements": 5, "percent_covered": 60.0, "percent_covered_display": "60", "missing_lines": 2, "excluded_lines": 0}, "missing_lines": [47, 56], "excluded_lines": []}, "": {"executed_lines": [1, 5, 6, 9, 10, 12, 15, 41, 64], "summary": {"covered_lines": 7, "num_statements": 7, "percent_covered": 100.0, "percent_covered_display": "100", "missing_lines": 0, "excluded_lines": 0}, "missing_lines": [], "excluded_lines": []}}}, "app\\appointments\\__init__.py": {"executed_lines": [1], "summary": {"covered_lines": 0, "num_statements": 0, "percent_covered": 100.0, "percent_covered_display": "100", "missing_lines": 0, "excluded_lines": 0}, "missing_lines": [], "excluded_lines": [], "functions": {"": {"executed_lines": [1], "summary": {"covered_lines": 0, "num_statements": 0, "percent_covered": 100.0, "percent_covered_display": "100", "missing_lines": 0, "excluded_lines": 0}, "missing_lines": [], "excluded_lines": []}}, "classes": {"": {"executed_lines": [1], "summary": {"covered_lines": 0, "num_statements": 0, "percent_covered": 100.0, "percent_covered_display": "100", "missing_lines": 0, "excluded_lines": 0}, "missing_lines": [], "excluded_lines": []}}}, "app\\appointments\\controllers\\__init__.py": {"executed_lines": [1, 3], "summary": {"covered_lines": 2, "num_statements": 2, "percent_covered": 100.0, "percent_covered_display": "100", "missing_lines": 0, "excluded_lines": 0}, "missing_lines": [], "excluded_lines": [], "functions": {"": {"executed_lines": [1, 3], "summary": {"covered_lines": 2, "num_statements": 2, "percent_covered": 100.0, "percent_covered_display": "100", "missing_lines": 0, "excluded_lines": 0}, "missing_lines": [], "excluded_lines": []}}, "classes": {"": {"executed_lines": [1, 3], "summary": {"covered_lines": 2, "num_statements": 2, "percent_covered": 100.0, "percent_covered_display": "100", "missing_lines": 0, "excluded_lines": 0}, "missing_lines": [], "excluded_lines": []}}}, "app\\appointments\\controllers\\appointment_controller.py": {"executed_lines": [1, 4, 5, 6, 12, 13, 14, 15, 16, 17, 18, 19, 20, 22, 25, 26, 28, 30, 32, 43, 44, 89, 146, 178, 179, 224, 225, 275, 299], "summary": {"covered_lines": 27, "num_statements": 143, "percent_covered": 18.88111888111888, "percent_covered_display": "19", "missing_lines": 116, "excluded_lines": 0}, "missing_lines": [37, 38, 39, 40, 41, 65, 66, 67, 69, 72, 73, 75, 76, 82, 83, 84, 85, 86, 87, 104, 105, 108, 110, 111, 112, 115, 116, 117, 120, 121, 123, 131, 132, 134, 139, 140, 141, 142, 143, 144, 158, 159, 160, 162, 163, 166, 167, 169, 171, 172, 173, 174, 175, 176, 200, 201, 202, 204, 207, 208, 210, 211, 216, 217, 218, 219, 220, 221, 222, 244, 245, 246, 247, 248, 250, 258, 259, 261, 262, 267, 268, 269, 270, 271, 272, 273, 277, 278, 279, 280, 281, 283, 284, 285, 287, 289, 290, 291, 292, 293, 294, 295, 296, 297, 312, 313, 314, 316, 317, 322, 323, 324, 325, 326, 327, 328], "excluded_lines": [], "functions": {"AppointmentController.__init__": {"executed_lines": [30], "summary": {"covered_lines": 1, "num_statements": 1, "percent_covered": 100.0, "percent_covered_display": "100", "missing_lines": 0, "excluded_lines": 0}, "missing_lines": [], "excluded_lines": []}, "AppointmentController._get_service": {"executed_lines": [], "summary": {"covered_lines": 0, "num_statements": 5, "percent_covered": 0.0, "percent_covered_display": "0", "missing_lines": 5, "excluded_lines": 0}, "missing_lines": [37, 38, 39, 40, 41], "excluded_lines": []}, "AppointmentController.create_appointment": {"executed_lines": [], "summary": {"covered_lines": 0, "num_statements": 14, "percent_covered": 0.0, "percent_covered_display": "0", "missing_lines": 14, "excluded_lines": 0}, "missing_lines": [65, 66, 67, 69, 72, 73, 75, 76, 82, 83, 84, 85, 86, 87], "excluded_lines": []}, "AppointmentController.get_all_appointments": {"executed_lines": [], "summary": {"covered_lines": 0, "num_statements": 21, "percent_covered": 0.0, "percent_covered_display": "0", "missing_lines": 21, "excluded_lines": 0}, "missing_lines": [104, 105, 108, 110, 111, 112, 115, 116, 117, 120, 121, 123, 131, 132, 134, 139, 140, 141, 142, 143, 144], "excluded_lines": []}, "AppointmentController.get_appointment_by_id": {"executed_lines": [], "summary": {"covered_lines": 0, "num_statements": 14, "percent_covered": 0.0, "percent_covered_display": "0", "missing_lines": 14, "excluded_lines": 0}, "missing_lines": [158, 159, 160, 162, 163, 166, 167, 169, 171, 172, 173, 174, 175, 176], "excluded_lines": []}, "AppointmentController.update_appointment": {"executed_lines": [], "summary": {"covered_lines": 0, "num_statements": 15, "percent_covered": 0.0, "percent_covered_display": "0", "missing_lines": 15, "excluded_lines": 0}, "missing_lines": [200, 201, 202, 204, 207, 208, 210, 211, 216, 217, 218, 219, 220, 221, 222], "excluded_lines": []}, "AppointmentController.update_appointment_status": {"executed_lines": [], "summary": {"covered_lines": 0, "num_statements": 17, "percent_covered": 0.0, "percent_covered_display": "0", "missing_lines": 17, "excluded_lines": 0}, "missing_lines": [244, 245, 246, 247, 248, 250, 258, 259, 261, 262, 267, 268, 269, 270, 271, 272, 273], "excluded_lines": []}, "AppointmentController.download_appointment_ics": {"executed_lines": [], "summary": {"covered_lines": 0, "num_statements": 18, "percent_covered": 0.0, "percent_covered_display": "0", "missing_lines": 18, "excluded_lines": 0}, "missing_lines": [277, 278, 279, 280, 281, 283, 284, 285, 287, 289, 290, 291, 292, 293, 294, 295, 296, 297], "excluded_lines": []}, "AppointmentController.delete_appointment": {"executed_lines": [], "summary": {"covered_lines": 0, "num_statements": 12, "percent_covered": 0.0, "percent_covered_display": "0", "missing_lines": 12, "excluded_lines": 0}, "missing_lines": [312, 313, 314, 316, 317, 322, 323, 324, 325, 326, 327, 328], "excluded_lines": []}, "": {"executed_lines": [1, 4, 5, 6, 12, 13, 14, 15, 16, 17, 18, 19, 20, 22, 25, 26, 28, 32, 43, 44, 89, 146, 178, 179, 224, 225, 275, 299], "summary": {"covered_lines": 26, "num_statements": 26, "percent_covered": 100.0, "percent_covered_display": "100", "missing_lines": 0, "excluded_lines": 0}, "missing_lines": [], "excluded_lines": []}}, "classes": {"AppointmentController": {"executed_lines": [30], "summary": {"covered_lines": 1, "num_statements": 117, "percent_covered": 0.8547008547008547, "percent_covered_display": "1", "missing_lines": 116, "excluded_lines": 0}, "missing_lines": [37, 38, 39, 40, 41, 65, 66, 67, 69, 72, 73, 75, 76, 82, 83, 84, 85, 86, 87, 104, 105, 108, 110, 111, 112, 115, 116, 117, 120, 121, 123, 131, 132, 134, 139, 140, 141, 142, 143, 144, 158, 159, 160, 162, 163, 166, 167, 169, 171, 172, 173, 174, 175, 176, 200, 201, 202, 204, 207, 208, 210, 211, 216, 217, 218, 219, 220, 221, 222, 244, 245, 246, 247, 248, 250, 258, 259, 261, 262, 267, 268, 269, 270, 271, 272, 273, 277, 278, 279, 280, 281, 283, 284, 285, 287, 289, 290, 291, 292, 293, 294, 295, 296, 297, 312, 313, 314, 316, 317, 322, 323, 324, 325, 326, 327, 328], "excluded_lines": []}, "": {"executed_lines": [1, 4, 5, 6, 12, 13, 14, 15, 16, 17, 18, 19, 20, 22, 25, 26, 28, 32, 43, 44, 89, 146, 178, 179, 224, 225, 275, 299], "summary": {"covered_lines": 26, "num_statements": 26, "percent_covered": 100.0, "percent_covered_display": "100", "missing_lines": 0, "excluded_lines": 0}, "missing_lines": [], "excluded_lines": []}}}, "app\\appointments\\models\\__init__.py": {"executed_lines": [1, 3], "summary": {"covered_lines": 2, "num_statements": 2, "percent_covered": 100.0, "percent_covered_display": "100", "missing_lines": 0, "excluded_lines": 0}, "missing_lines": [], "excluded_lines": [], "functions": {"": {"executed_lines": [1, 3], "summary": {"covered_lines": 2, "num_statements": 2, "percent_covered": 100.0, "percent_covered_display": "100", "missing_lines": 0, "excluded_lines": 0}, "missing_lines": [], "excluded_lines": []}}, "classes": {"": {"executed_lines": [1, 3], "summary": {"covered_lines": 2, "num_statements": 2, "percent_covered": 100.0, "percent_covered_display": "100", "missing_lines": 0, "excluded_lines": 0}, "missing_lines": [], "excluded_lines": []}}}, "app\\appointments\\models\\appointment_model.py": {"executed_lines": [1, 2, 3, 4, 7, 8, 13, 14, 16, 17, 18, 21, 22, 23, 26, 27, 28, 29, 30, 31, 34, 35, 38, 41, 42, 43, 46, 47, 50, 51, 54, 57, 58, 61, 62, 64, 67], "summary": {"covered_lines": 36, "num_statements": 38, "percent_covered": 94.73684210526316, "percent_covered_display": "95", "missing_lines": 2, "excluded_lines": 0}, "missing_lines": [65, 69], "excluded_lines": [], "functions": {"Appointment.__repr__": {"executed_lines": [], "summary": {"covered_lines": 0, "num_statements": 1, "percent_covered": 0.0, "percent_covered_display": "0", "missing_lines": 1, "excluded_lines": 0}, "missing_lines": [65], "excluded_lines": []}, "Appointment.to_dict": {"executed_lines": [], "summary": {"covered_lines": 0, "num_statements": 1, "percent_covered": 0.0, "percent_covered_display": "0", "missing_lines": 1, "excluded_lines": 0}, "missing_lines": [69], "excluded_lines": []}, "": {"executed_lines": [1, 2, 3, 4, 7, 8, 13, 14, 16, 17, 18, 21, 22, 23, 26, 27, 28, 29, 30, 31, 34, 35, 38, 41, 42, 43, 46, 47, 50, 51, 54, 57, 58, 61, 62, 64, 67], "summary": {"covered_lines": 36, "num_statements": 36, "percent_covered": 100.0, "percent_covered_display": "100", "missing_lines": 0, "excluded_lines": 0}, "missing_lines": [], "excluded_lines": []}}, "classes": {"Appointment": {"executed_lines": [], "summary": {"covered_lines": 0, "num_statements": 2, "percent_covered": 0.0, "percent_covered_display": "0", "missing_lines": 2, "excluded_lines": 0}, "missing_lines": [65, 69], "excluded_lines": []}, "": {"executed_lines": [1, 2, 3, 4, 7, 8, 13, 14, 16, 17, 18, 21, 22, 23, 26, 27, 28, 29, 30, 31, 34, 35, 38, 41, 42, 43, 46, 47, 50, 51, 54, 57, 58, 61, 62, 64, 67], "summary": {"covered_lines": 36, "num_statements": 36, "percent_covered": 100.0, "percent_covered_display": "100", "missing_lines": 0, "excluded_lines": 0}, "missing_lines": [], "excluded_lines": []}}}, "app\\appointments\\repositories\\__init__.py": {"executed_lines": [1, 3], "summary": {"covered_lines": 2, "num_statements": 2, "percent_covered": 100.0, "percent_covered_display": "100", "missing_lines": 0, "excluded_lines": 0}, "missing_lines": [], "excluded_lines": [], "functions": {"": {"executed_lines": [1, 3], "summary": {"covered_lines": 2, "num_statements": 2, "percent_covered": 100.0, "percent_covered_display": "100", "missing_lines": 0, "excluded_lines": 0}, "missing_lines": [], "excluded_lines": []}}, "classes": {"": {"executed_lines": [1, 3], "summary": {"covered_lines": 2, "num_statements": 2, "percent_covered": 100.0, "percent_covered_display": "100", "missing_lines": 0, "excluded_lines": 0}, "missing_lines": [], "excluded_lines": []}}}, "app\\appointments\\repositories\\appointment_repository.py": {"executed_lines": [1, 4, 5, 6, 7, 8, 9, 10, 11, 13, 16, 17, 19, 22, 45, 67, 107, 137, 163, 196, 214], "summary": {"covered_lines": 19, "num_statements": 99, "percent_covered": 19.19191919191919, "percent_covered_display": "19", "missing_lines": 80, "excluded_lines": 0}, "missing_lines": [20, 35, 36, 37, 38, 39, 40, 41, 42, 43, 55, 56, 60, 61, 62, 63, 64, 65, 86, 87, 91, 92, 94, 95, 97, 98, 100, 101, 102, 103, 104, 105, 118, 119, 120, 122, 131, 132, 133, 134, 135, 151, 152, 153, 154, 156, 157, 158, 159, 160, 161, 178, 179, 182, 183, 184, 185, 186, 187, 189, 190, 191, 192, 193, 194, 206, 207, 208, 209, 210, 211, 212, 224, 225, 229, 230, 231, 232, 233, 234], "excluded_lines": [], "functions": {"AppointmentRepository.__init__": {"executed_lines": [], "summary": {"covered_lines": 0, "num_statements": 1, "percent_covered": 0.0, "percent_covered_display": "0", "missing_lines": 1, "excluded_lines": 0}, "missing_lines": [20], "excluded_lines": []}, "AppointmentRepository.create": {"executed_lines": [], "summary": {"covered_lines": 0, "num_statements": 9, "percent_covered": 0.0, "percent_covered_display": "0", "missing_lines": 9, "excluded_lines": 0}, "missing_lines": [35, 36, 37, 38, 39, 40, 41, 42, 43], "excluded_lines": []}, "AppointmentRepository.get_by_id": {"executed_lines": [], "summary": {"covered_lines": 0, "num_statements": 8, "percent_covered": 0.0, "percent_covered_display": "0", "missing_lines": 8, "excluded_lines": 0}, "missing_lines": [55, 56, 60, 61, 62, 63, 64, 65], "excluded_lines": []}, "AppointmentRepository.get_by_chef_id": {"executed_lines": [], "summary": {"covered_lines": 0, "num_statements": 14, "percent_covered": 0.0, "percent_covered_display": "0", "missing_lines": 14, "excluded_lines": 0}, "missing_lines": [86, 87, 91, 92, 94, 95, 97, 98, 100, 101, 102, 103, 104, 105], "excluded_lines": []}, "AppointmentRepository.get_upcoming_appointments": {"executed_lines": [], "summary": {"covered_lines": 0, "num_statements": 9, "percent_covered": 0.0, "percent_covered_display": "0", "missing_lines": 9, "excluded_lines": 0}, "missing_lines": [118, 119, 120, 122, 131, 132, 133, 134, 135], "excluded_lines": []}, "AppointmentRepository.update": {"executed_lines": [], "summary": {"covered_lines": 0, "num_statements": 10, "percent_covered": 0.0, "percent_covered_display": "0", "missing_lines": 10, "excluded_lines": 0}, "missing_lines": [151, 152, 153, 154, 156, 157, 158, 159, 160, 161], "excluded_lines": []}, "AppointmentRepository.update_status": {"executed_lines": [], "summary": {"covered_lines": 0, "num_statements": 14, "percent_covered": 0.0, "percent_covered_display": "0", "missing_lines": 14, "excluded_lines": 0}, "missing_lines": [178, 179, 182, 183, 184, 185, 186, 187, 189, 190, 191, 192, 193, 194], "excluded_lines": []}, "AppointmentRepository.delete": {"executed_lines": [], "summary": {"covered_lines": 0, "num_statements": 7, "percent_covered": 0.0, "percent_covered_display": "0", "missing_lines": 7, "excluded_lines": 0}, "missing_lines": [206, 207, 208, 209, 210, 211, 212], "excluded_lines": []}, "AppointmentRepository.get_by_external_calendar_id": {"executed_lines": [], "summary": {"covered_lines": 0, "num_statements": 8, "percent_covered": 0.0, "percent_covered_display": "0", "missing_lines": 8, "excluded_lines": 0}, "missing_lines": [224, 225, 229, 230, 231, 232, 233, 234], "excluded_lines": []}, "": {"executed_lines": [1, 4, 5, 6, 7, 8, 9, 10, 11, 13, 16, 17, 19, 22, 45, 67, 107, 137, 163, 196, 214], "summary": {"covered_lines": 19, "num_statements": 19, "percent_covered": 100.0, "percent_covered_display": "100", "missing_lines": 0, "excluded_lines": 0}, "missing_lines": [], "excluded_lines": []}}, "classes": {"AppointmentRepository": {"executed_lines": [], "summary": {"covered_lines": 0, "num_statements": 80, "percent_covered": 0.0, "percent_covered_display": "0", "missing_lines": 80, "excluded_lines": 0}, "missing_lines": [20, 35, 36, 37, 38, 39, 40, 41, 42, 43, 55, 56, 60, 61, 62, 63, 64, 65, 86, 87, 91, 92, 94, 95, 97, 98, 100, 101, 102, 103, 104, 105, 118, 119, 120, 122, 131, 132, 133, 134, 135, 151, 152, 153, 154, 156, 157, 158, 159, 160, 161, 178, 179, 182, 183, 184, 185, 186, 187, 189, 190, 191, 192, 193, 194, 206, 207, 208, 209, 210, 211, 212, 224, 225, 229, 230, 231, 232, 233, 234], "excluded_lines": []}, "": {"executed_lines": [1, 4, 5, 6, 7, 8, 9, 10, 11, 13, 16, 17, 19, 22, 45, 67, 107, 137, 163, 196, 214], "summary": {"covered_lines": 19, "num_statements": 19, "percent_covered": 100.0, "percent_covered_display": "100", "missing_lines": 0, "excluded_lines": 0}, "missing_lines": [], "excluded_lines": []}}}, "app\\appointments\\routes\\__init__.py": {"executed_lines": [1, 3], "summary": {"covered_lines": 2, "num_statements": 2, "percent_covered": 100.0, "percent_covered_display": "100", "missing_lines": 0, "excluded_lines": 0}, "missing_lines": [], "excluded_lines": [], "functions": {"": {"executed_lines": [1, 3], "summary": {"covered_lines": 2, "num_statements": 2, "percent_covered": 100.0, "percent_covered_display": "100", "missing_lines": 0, "excluded_lines": 0}, "missing_lines": [], "excluded_lines": []}}, "classes": {"": {"executed_lines": [1, 3], "summary": {"covered_lines": 2, "num_statements": 2, "percent_covered": 100.0, "percent_covered_display": "100", "missing_lines": 0, "excluded_lines": 0}, "missing_lines": [], "excluded_lines": []}}}, "app\\appointments\\routes\\appointment_routes.py": {"executed_lines": [1, 5, 6, 7, 10, 13, 16, 17, 18, 28, 29, 30, 46, 47, 48, 58, 59, 60, 70, 71, 72, 82, 83, 84, 94, 95, 96], "summary": {"covered_lines": 26, "num_statements": 40, "percent_covered": 65.0, "percent_covered_display": "65", "missing_lines": 14, "excluded_lines": 0}, "missing_lines": [24, 25, 42, 43, 54, 55, 66, 67, 78, 79, 90, 91, 98, 99], "excluded_lines": [], "functions": {"create_appointment": {"executed_lines": [], "summary": {"covered_lines": 0, "num_statements": 2, "percent_covered": 0.0, "percent_covered_display": "0", "missing_lines": 2, "excluded_lines": 0}, "missing_lines": [24, 25], "excluded_lines": []}, "get_all_appointments": {"executed_lines": [], "summary": {"covered_lines": 0, "num_statements": 2, "percent_covered": 0.0, "percent_covered_display": "0", "missing_lines": 2, "excluded_lines": 0}, "missing_lines": [42, 43], "excluded_lines": []}, "get_appointment_by_id": {"executed_lines": [], "summary": {"covered_lines": 0, "num_statements": 2, "percent_covered": 0.0, "percent_covered_display": "0", "missing_lines": 2, "excluded_lines": 0}, "missing_lines": [54, 55], "excluded_lines": []}, "update_appointment": {"executed_lines": [], "summary": {"covered_lines": 0, "num_statements": 2, "percent_covered": 0.0, "percent_covered_display": "0", "missing_lines": 2, "excluded_lines": 0}, "missing_lines": [66, 67], "excluded_lines": []}, "update_appointment_status": {"executed_lines": [], "summary": {"covered_lines": 0, "num_statements": 2, "percent_covered": 0.0, "percent_covered_display": "0", "missing_lines": 2, "excluded_lines": 0}, "missing_lines": [78, 79], "excluded_lines": []}, "delete_appointment": {"executed_lines": [], "summary": {"covered_lines": 0, "num_statements": 2, "percent_covered": 0.0, "percent_covered_display": "0", "missing_lines": 2, "excluded_lines": 0}, "missing_lines": [90, 91], "excluded_lines": []}, "download_appointment_ics": {"executed_lines": [], "summary": {"covered_lines": 0, "num_statements": 2, "percent_covered": 0.0, "percent_covered_display": "0", "missing_lines": 2, "excluded_lines": 0}, "missing_lines": [98, 99], "excluded_lines": []}, "": {"executed_lines": [1, 5, 6, 7, 10, 13, 16, 17, 18, 28, 29, 30, 46, 47, 48, 58, 59, 60, 70, 71, 72, 82, 83, 84, 94, 95, 96], "summary": {"covered_lines": 26, "num_statements": 26, "percent_covered": 100.0, "percent_covered_display": "100", "missing_lines": 0, "excluded_lines": 0}, "missing_lines": [], "excluded_lines": []}}, "classes": {"": {"executed_lines": [1, 5, 6, 7, 10, 13, 16, 17, 18, 28, 29, 30, 46, 47, 48, 58, 59, 60, 70, 71, 72, 82, 83, 84, 94, 95, 96], "summary": {"covered_lines": 26, "num_statements": 40, "percent_covered": 65.0, "percent_covered_display": "65", "missing_lines": 14, "excluded_lines": 0}, "missing_lines": [24, 25, 42, 43, 54, 55, 66, 67, 78, 79, 90, 91, 98, 99], "excluded_lines": []}}}, "app\\appointments\\schemas\\__init__.py": {"executed_lines": [1, 8], "summary": {"covered_lines": 2, "num_statements": 2, "percent_covered": 100.0, "percent_covered_display": "100", "missing_lines": 0, "excluded_lines": 0}, "missing_lines": [], "excluded_lines": [], "functions": {"": {"executed_lines": [1, 8], "summary": {"covered_lines": 2, "num_statements": 2, "percent_covered": 100.0, "percent_covered_display": "100", "missing_lines": 0, "excluded_lines": 0}, "missing_lines": [], "excluded_lines": []}}, "classes": {"": {"executed_lines": [1, 8], "summary": {"covered_lines": 2, "num_statements": 2, "percent_covered": 100.0, "percent_covered_display": "100", "missing_lines": 0, "excluded_lines": 0}, "missing_lines": [], "excluded_lines": []}}}, "app\\appointments\\schemas\\appointment_schema.py": {"executed_lines": [1, 4, 5, 6, 9, 10, 11, 12, 13, 14, 15, 16, 17, 18, 21, 22, 24, 25, 31, 32, 33, 34, 35, 36, 37, 38, 39, 40, 42, 43, 49, 50, 51, 52, 55, 56, 57, 58, 59, 60, 61, 64, 65, 66, 67, 68, 69, 70, 71, 72, 73, 74, 75, 76, 77, 78, 79, 80, 81, 82, 83, 86, 87, 89, 101], "summary": {"covered_lines": 59, "num_statements": 70, "percent_covered": 84.28571428571429, "percent_covered_display": "84", "missing_lines": 11, "excluded_lines": 0}, "missing_lines": [27, 28, 45, 46, 91, 92, 93, 103, 104, 105, 106], "excluded_lines": [], "functions": {"AppointmentCreateSchema.validate_scheduled_at": {"executed_lines": [], "summary": {"covered_lines": 0, "num_statements": 2, "percent_covered": 0.0, "percent_covered_display": "0", "missing_lines": 2, "excluded_lines": 0}, "missing_lines": [27, 28], "excluded_lines": []}, "AppointmentUpdateSchema.validate_scheduled_at": {"executed_lines": [], "summary": {"covered_lines": 0, "num_statements": 2, "percent_covered": 0.0, "percent_covered_display": "0", "missing_lines": 2, "excluded_lines": 0}, "missing_lines": [45, 46], "excluded_lines": []}, "AppointmentResponseSchema.get_client": {"executed_lines": [], "summary": {"covered_lines": 0, "num_statements": 3, "percent_covered": 0.0, "percent_covered_display": "0", "missing_lines": 3, "excluded_lines": 0}, "missing_lines": [91, 92, 93], "excluded_lines": []}, "AppointmentResponseSchema.get_end_time": {"executed_lines": [], "summary": {"covered_lines": 0, "num_statements": 4, "percent_covered": 0.0, "percent_covered_display": "0", "missing_lines": 4, "excluded_lines": 0}, "missing_lines": [103, 104, 105, 106], "excluded_lines": []}, "": {"executed_lines": [1, 4, 5, 6, 9, 10, 11, 12, 13, 14, 15, 16, 17, 18, 21, 22, 24, 25, 31, 32, 33, 34, 35, 36, 37, 38, 39, 40, 42, 43, 49, 50, 51, 52, 55, 56, 57, 58, 59, 60, 61, 64, 65, 66, 67, 68, 69, 70, 71, 72, 73, 74, 75, 76, 77, 78, 79, 80, 81, 82, 83, 86, 87, 89, 101], "summary": {"covered_lines": 59, "num_statements": 59, "percent_covered": 100.0, "percent_covered_display": "100", "missing_lines": 0, "excluded_lines": 0}, "missing_lines": [], "excluded_lines": []}}, "classes": {"AppointmentCreateSchema": {"executed_lines": [], "summary": {"covered_lines": 0, "num_statements": 2, "percent_covered": 0.0, "percent_covered_display": "0", "missing_lines": 2, "excluded_lines": 0}, "missing_lines": [27, 28], "excluded_lines": []}, "AppointmentUpdateSchema": {"executed_lines": [], "summary": {"covered_lines": 0, "num_statements": 2, "percent_covered": 0.0, "percent_covered_display": "0", "missing_lines": 2, "excluded_lines": 0}, "missing_lines": [45, 46], "excluded_lines": []}, "AppointmentStatusUpdateSchema": {"executed_lines": [], "summary": {"covered_lines": 0, "num_statements": 0, "percent_covered": 100.0, "percent_covered_display": "100", "missing_lines": 0, "excluded_lines": 0}, "missing_lines": [], "excluded_lines": []}, "AppointmentClientSchema": {"executed_lines": [], "summary": {"covered_lines": 0, "num_statements": 0, "percent_covered": 100.0, "percent_covered_display": "100", "missing_lines": 0, "excluded_lines": 0}, "missing_lines": [], "excluded_lines": []}, "AppointmentResponseSchema": {"executed_lines": [], "summary": {"covered_lines": 0, "num_statements": 7, "percent_covered": 0.0, "percent_covered_display": "0", "missing_lines": 7, "excluded_lines": 0}, "missing_lines": [91, 92, 93, 103, 104, 105, 106], "excluded_lines": []}, "": {"executed_lines": [1, 4, 5, 6, 9, 10, 11, 12, 13, 14, 15, 16, 17, 18, 21, 22, 24, 25, 31, 32, 33, 34, 35, 36, 37, 38, 39, 40, 42, 43, 49, 50, 51, 52, 55, 56, 57, 58, 59, 60, 61, 64, 65, 66, 67, 68, 69, 70, 71, 72, 73, 74, 75, 76, 77, 78, 79, 80, 81, 82, 83, 86, 87, 89, 101], "summary": {"covered_lines": 59, "num_statements": 59, "percent_covered": 100.0, "percent_covered_display": "100", "missing_lines": 0, "excluded_lines": 0}, "missing_lines": [], "excluded_lines": []}}}, "app\\appointments\\services\\__init__.py": {"executed_lines": [1, 3], "summary": {"covered_lines": 2, "num_statements": 2, "percent_covered": 100.0, "percent_covered_display": "100", "missing_lines": 0, "excluded_lines": 0}, "missing_lines": [], "excluded_lines": [], "functions": {"": {"executed_lines": [1, 3], "summary": {"covered_lines": 2, "num_statements": 2, "percent_covered": 100.0, "percent_covered_display": "100", "missing_lines": 0, "excluded_lines": 0}, "missing_lines": [], "excluded_lines": []}}, "classes": {"": {"executed_lines": [1, 3], "summary": {"covered_lines": 2, "num_statements": 2, "percent_covered": 100.0, "percent_covered_display": "100", "missing_lines": 0, "excluded_lines": 0}, "missing_lines": [], "excluded_lines": []}}}, "app\\appointments\\services\\appointment_service.py": {"executed_lines": [1, 4, 5, 6, 7, 8, 9, 10, 12, 15, 16, 18, 28, 62, 91, 125, 146, 191, 239, 262], "summary": {"covered_lines": 18, "num_statements": 83, "percent_covered": 21.686746987951807, "percent_covered_display": "22", "missing_lines": 65, "excluded_lines": 0}, "missing_lines": [24, 25, 26, 43, 44, 45, 46, 49, 50, 51, 52, 55, 56, 58, 59, 60, 77, 78, 79, 82, 85, 86, 87, 89, 114, 115, 116, 118, 140, 141, 142, 144, 162, 163, 164, 167, 168, 171, 174, 175, 176, 177, 180, 182, 187, 188, 189, 214, 215, 216, 219, 220, 228, 229, 231, 236, 237, 251, 252, 253, 256, 257, 259, 260, 278], "excluded_lines": [], "functions": {"AppointmentService.__init__": {"executed_lines": [], "summary": {"covered_lines": 0, "num_statements": 3, "percent_covered": 0.0, "percent_covered_display": "0", "missing_lines": 3, "excluded_lines": 0}, "missing_lines": [24, 25, 26], "excluded_lines": []}, "AppointmentService.create_appointment": {"executed_lines": [], "summary": {"covered_lines": 0, "num_statements": 13, "percent_covered": 0.0, "percent_covered_display": "0", "missing_lines": 13, "excluded_lines": 0}, "missing_lines": [43, 44, 45, 46, 49, 50, 51, 52, 55, 56, 58, 59, 60], "excluded_lines": []}, "AppointmentService.get_appointment_by_id": {"executed_lines": [], "summary": {"covered_lines": 0, "num_statements": 8, "percent_covered": 0.0, "percent_covered_display": "0", "missing_lines": 8, "excluded_lines": 0}, "missing_lines": [77, 78, 79, 82, 85, 86, 87, 89], "excluded_lines": []}, "AppointmentService.get_all_appointments": {"executed_lines": [], "summary": {"covered_lines": 0, "num_statements": 4, "percent_covered": 0.0, "percent_covered_display": "0", "missing_lines": 4, "excluded_lines": 0}, "missing_lines": [114, 115, 116, 118], "excluded_lines": []}, "AppointmentService.get_upcoming_appointments": {"executed_lines": [], "summary": {"covered_lines": 0, "num_statements": 4, "percent_covered": 0.0, "percent_covered_display": "0", "missing_lines": 4, "excluded_lines": 0}, "missing_lines": [140, 141, 142, 144], "excluded_lines": []}, "AppointmentService.update_appointment": {"executed_lines": [], "summary": {"covered_lines": 0, "num_statements": 15, "percent_covered": 0.0, "percent_covered_display": "0", "missing_lines": 15, "excluded_lines": 0}, "missing_lines": [162, 163, 164, 167, 168, 171, 174, 175, 176, 177, 180, 182, 187, 188, 189], "excluded_lines": []}, "AppointmentService.update_appointment_status": {"executed_lines": [], "summary": {"covered_lines": 0, "num_statements": 10, "percent_covered": 0.0, "percent_covered_display": "0", "missing_lines": 10, "excluded_lines": 0}, "missing_lines": [214, 215, 216, 219, 220, 228, 229, 231, 236, 237], "excluded_lines": []}, "AppointmentService.delete_appointment": {"executed_lines": [], "summary": {"covered_lines": 0, "num_statements": 7, "percent_covered": 0.0, "percent_covered_display": "0", "missing_lines": 7, "excluded_lines": 0}, "missing_lines": [251, 252, 253, 256, 257, 259, 260], "excluded_lines": []}, "AppointmentService.sync_from_external_calendar": {"executed_lines": [], "summary": {"covered_lines": 0, "num_statements": 1, "percent_covered": 0.0, "percent_covered_display": "0", "missing_lines": 1, "excluded_lines": 0}, "missing_lines": [278], "excluded_lines": []}, "": {"executed_lines": [1, 4, 5, 6, 7, 8, 9, 10, 12, 15, 16, 18, 28, 62, 91, 125, 146, 191, 239, 262], "summary": {"covered_lines": 18, "num_statements": 18, "percent_covered": 100.0, "percent_covered_display": "100", "missing_lines": 0, "excluded_lines": 0}, "missing_lines": [], "excluded_lines": []}}, "classes": {"AppointmentService": {"executed_lines": [], "summary": {"covered_lines": 0, "num_statements": 65, "percent_covered": 0.0, "percent_covered_display": "0", "missing_lines": 65, "excluded_lines": 0}, "missing_lines": [24, 25, 26, 43, 44, 45, 46, 49, 50, 51, 52, 55, 56, 58, 59, 60, 77, 78, 79, 82, 85, 86, 87, 89, 114, 115, 116, 118, 140, 141, 142, 144, 162, 163, 164, 167, 168, 171, 174, 175, 176, 177, 180, 182, 187, 188, 189, 214, 215, 216, 219, 220, 228, 229, 231, 236, 237, 251, 252, 253, 256, 257, 259, 260, 278], "excluded_lines": []}, "": {"executed_lines": [1, 4, 5, 6, 7, 8, 9, 10, 12, 15, 16, 18, 28, 62, 91, 125, 146, 191, 239, 262], "summary": {"covered_lines": 18, "num_statements": 18, "percent_covered": 100.0, "percent_covered_display": "100", "missing_lines": 0, "excluded_lines": 0}, "missing_lines": [], "excluded_lines": []}}}, "app\\appointments\\services\\calendar_ics_service.py": {"executed_lines": [1, 3, 5, 6, 7, 10, 11, 13, 17, 19, 20, 21, 22, 23, 26, 27, 28, 29, 30, 31, 32, 33, 34, 36, 37, 38, 40, 62, 63, 64, 65, 66, 67, 69, 70, 71, 73, 74, 75, 76, 77, 78, 79, 81, 82, 83, 85, 86, 88], "summary": {"covered_lines": 48, "num_statements": 49, "percent_covered": 97.95918367346938, "percent_covered_display": "98", "missing_lines": 1, "excluded_lines": 0}, "missing_lines": [14], "excluded_lines": [], "functions": {"_dt_to_utc": {"executed_lines": [11, 13], "summary": {"covered_lines": 2, "num_statements": 3, "percent_covered": 66.66666666666667, "percent_covered_display": "67", "missing_lines": 1, "excluded_lines": 0}, "missing_lines": [14], "excluded_lines": []}, "_ics_escape": {"executed_lines": [19, 20, 21, 22, 23], "summary": {"covered_lines": 5, "num_statements": 5, "percent_covered": 100.0, "percent_covered_display": "100", "missing_lines": 0, "excluded_lines": 0}, "missing_lines": [], "excluded_lines": []}, "IcsEvent.to_ics": {"executed_lines": [37, 38, 40], "summary": {"covered_lines": 3, "num_statements": 3, "percent_covered": 100.0, "percent_covered_display": "100", "missing_lines": 0, "excluded_lines": 0}, "missing_lines": [], "excluded_lines": []}, "CalendarIcsService.appointment_to_event": {"executed_lines": [65, 66, 67, 69, 70, 71, 73, 74, 75, 76, 77, 78, 79, 81, 82, 83, 85, 86, 88], "summary": {"covered_lines": 19, "num_statements": 19, "percent_covered": 100.0, "percent_covered_display": "100", "missing_lines": 0, "excluded_lines": 0}, "missing_lines": [], "excluded_lines": []}, "": {"executed_lines": [1, 3, 5, 6, 7, 10, 17, 26, 27, 28, 29, 30, 31, 32, 33, 34, 36, 62, 63, 64], "summary": {"covered_lines": 19, "num_statements": 19, "percent_covered": 100.0, "percent_covered_display": "100", "missing_lines": 0, "excluded_lines": 0}, "missing_lines": [], "excluded_lines": []}}, "classes": {"IcsEvent": {"executed_lines": [37, 38, 40], "summary": {"covered_lines": 3, "num_statements": 3, "percent_covered": 100.0, "percent_covered_display": "100", "missing_lines": 0, "excluded_lines": 0}, "missing_lines": [], "excluded_lines": []}, "CalendarIcsService": {"executed_lines": [65, 66, 67, 69, 70, 71, 73, 74, 75, 76, 77, 78, 79, 81, 82, 83, 85, 86, 88], "summary": {"covered_lines": 19, "num_statements": 19, "percent_covered": 100.0, "percent_covered_display": "100", "missing_lines": 0, "excluded_lines": 0}, "missing_lines": [], "excluded_lines": []}, "": {"executed_lines": [1, 3, 5, 6, 7, 10, 11, 13, 17, 19, 20, 21, 22, 23, 26, 27, 28, 29, 30, 31, 32, 33, 34, 36, 62, 63, 64], "summary": {"covered_lines": 26, "num_statements": 27, "percent_covered": 96.29629629629629, "percent_covered_display": "96", "missing_lines": 1, "excluded_lines": 0}, "missing_lines": [14], "excluded_lines": []}}}, "app\\auth\\__init__.py": {"executed_lines": [1], "summary": {"covered_lines": 0, "num_statements": 0, "percent_covered": 100.0, "percent_covered_display": "100", "missing_lines": 0, "excluded_lines": 0}, "missing_lines": [], "excluded_lines": [], "functions": {"": {"executed_lines": [1], "summary": {"covered_lines": 0, "num_statements": 0, "percent_covered": 100.0, "percent_covered_display": "100", "missing_lines": 0, "excluded_lines": 0}, "missing_lines": [], "excluded_lines": []}}, "classes": {"": {"executed_lines": [1], "summary": {"covered_lines": 0, "num_statements": 0, "percent_covered": 100.0, "percent_covered_display": "100", "missing_lines": 0, "excluded_lines": 0}, "missing_lines": [], "excluded_lines": []}}}, "app\\auth\\controllers\\__init__.py": {"executed_lines": [1, 5, 7], "summary": {"covered_lines": 2, "num_statements": 2, "percent_covered": 100.0, "percent_covered_display": "100", "missing_lines": 0, "excluded_lines": 0}, "missing_lines": [], "excluded_lines": [], "functions": {"": {"executed_lines": [1, 5, 7], "summary": {"covered_lines": 2, "num_statements": 2, "percent_covered": 100.0, "percent_covered_display": "100", "missing_lines": 0, "excluded_lines": 0}, "missing_lines": [], "excluded_lines": []}}, "classes": {"": {"executed_lines": [1, 5, 7], "summary": {"covered_lines": 2, "num_statements": 2, "percent_covered": 100.0, "percent_covered_display": "100", "missing_lines": 0, "excluded_lines": 0}, "missing_lines": [], "excluded_lines": []}}}, "app\\auth\\controllers\\auth_controller.py": {"executed_lines": [1, 6, 7, 8, 9, 10, 11, 12, 13, 14, 16, 19, 20, 22, 24, 26, 35, 36, 95, 96, 155], "summary": {"covered_lines": 19, "num_statements": 67, "percent_covered": 28.35820895522388, "percent_covered_display": "28", "missing_lines": 48, "excluded_lines": 0}, "missing_lines": [31, 32, 33, 53, 55, 58, 60, 61, 67, 68, 70, 71, 74, 75, 77, 80, 81, 82, 83, 85, 91, 92, 93, 112, 114, 117, 119, 124, 125, 128, 129, 130, 131, 132, 135, 136, 138, 144, 145, 151, 152, 153, 165, 167, 171, 173, 174, 175], "excluded_lines": [], "functions": {"AuthController.__init__": {"executed_lines": [24], "summary": {"covered_lines": 1, "num_statements": 1, "percent_covered": 100.0, "percent_covered_display": "100", "missing_lines": 0, "excluded_lines": 0}, "missing_lines": [], "excluded_lines": []}, "AuthController._get_service": {"executed_lines": [], "summary": {"covered_lines": 0, "num_statements": 3, "percent_covered": 0.0, "percent_covered_display": "0", "missing_lines": 3, "excluded_lines": 0}, "missing_lines": [31, 32, 33], "excluded_lines": []}, "AuthController.register": {"executed_lines": [], "summary": {"covered_lines": 0, "num_statements": 20, "percent_covered": 0.0, "percent_covered_display": "0", "missing_lines": 20, "excluded_lines": 0}, "missing_lines": [53, 55, 58, 60, 61, 67, 68, 70, 71, 74, 75, 77, 80, 81, 82, 83, 85, 91, 92, 93], "excluded_lines": []}, "AuthController.login": {"executed_lines": [], "summary": {"covered_lines": 0, "num_statements": 19, "percent_covered": 0.0, "percent_covered_display": "0", "missing_lines": 19, "excluded_lines": 0}, "missing_lines": [112, 114, 117, 119, 124, 125, 128, 129, 130, 131, 132, 135, 136, 138, 144, 145, 151, 152, 153], "excluded_lines": []}, "AuthController.get_current_user": {"executed_lines": [], "summary": {"covered_lines": 0, "num_statements": 6, "percent_covered": 0.0, "percent_covered_display": "0", "missing_lines": 6, "excluded_lines": 0}, "missing_lines": [165, 167, 171, 173, 174, 175], "excluded_lines": []}, "": {"executed_lines": [1, 6, 7, 8, 9, 10, 11, 12, 13, 14, 16, 19, 20, 22, 26, 35, 36, 95, 96, 155], "summary": {"covered_lines": 18, "num_statements": 18, "percent_covered": 100.0, "percent_covered_display": "100", "missing_lines": 0, "excluded_lines": 0}, "missing_lines": [], "excluded_lines": []}}, "classes": {"AuthController": {"executed_lines": [24], "summary": {"covered_lines": 1, "num_statements": 49, "percent_covered": 2.0408163265306123, "percent_covered_display": "2", "missing_lines": 48, "excluded_lines": 0}, "missing_lines": [31, 32, 33, 53, 55, 58, 60, 61, 67, 68, 70, 71, 74, 75, 77, 80, 81, 82, 83, 85, 91, 92, 93, 112, 114, 117, 119, 124, 125, 128, 129, 130, 131, 132, 135, 136, 138, 144, 145, 151, 152, 153, 165, 167, 171, 173, 174, 175], "excluded_lines": []}, "": {"executed_lines": [1, 6, 7, 8, 9, 10, 11, 12, 13, 14, 16, 19, 20, 22, 26, 35, 36, 95, 96, 155], "summary": {"covered_lines": 18, "num_statements": 18, "percent_covered": 100.0, "percent_covered_display": "100", "missing_lines": 0, "excluded_lines": 0}, "missing_lines": [], "excluded_lines": []}}}, "app\\auth\\models\\__ini
[...]
atements": 2, "percent_covered": 100.0, "percent_covered_display": "100", "missing_lines": 0, "excluded_lines": 0}, "missing_lines": [], "excluded_lines": [], "functions": {"": {"executed_lines": [1, 3], "summary": {"covered_lines": 2, "num_statements": 2, "percent_covered": 100.0, "percent_covered_display": "100", "missing_lines": 0, "excluded_lines": 0}, "missing_lines": [], "excluded_lines": []}}, "classes": {"": {"executed_lines": [1, 3], "summary": {"covered_lines": 2, "num_statements": 2, "percent_covered": 100.0, "percent_covered_display": "100", "missing_lines": 0, "excluded_lines": 0}, "missing_lines": [], "excluded_lines": []}}}, "app\\scrapers\\repositories\\scraper_repository.py": {"executed_lines": [1, 2, 3, 4, 5, 6, 8, 11, 12, 16, 17, 25, 26, 35, 36, 40, 41, 45, 46, 56, 57, 66, 67, 75, 76, 103, 104, 116, 117], "summary": {"covered_lines": 28, "num_statements": 69, "percent_covered": 40.57971014492754, "percent_covered_display": "41", "missing_lines": 41, "excluded_lines": 0}, "missing_lines": [19, 20, 21, 22, 23, 28, 30, 31, 33, 38, 43, 48, 49, 50, 52, 53, 54, 59, 60, 61, 62, 69, 70, 71, 72, 73, 89, 91, 92, 94, 95, 97, 98, 99, 101, 106, 119, 120, 125, 126, 127], "excluded_lines": [], "functions": {"ScraperRepository.create_price_source": {"executed_lines": [], "summary": {"covered_lines": 0, "num_statements": 5, "percent_covered": 0.0, "percent_covered_display": "0", "missing_lines": 5, "excluded_lines": 0}, "missing_lines": [19, 20, 21, 22, 23], "excluded_lines": []}, "ScraperRepository.get_all_price_sources": {"executed_lines": [], "summary": {"covered_lines": 0, "num_statements": 4, "percent_covered": 0.0, "percent_covered_display": "0", "missing_lines": 4, "excluded_lines": 0}, "missing_lines": [28, 30, 31, 33], "excluded_lines": []}, "ScraperRepository.get_price_source_by_id": {"executed_lines": [], "summary": {"covered_lines": 0, "num_statements": 1, "percent_covered": 0.0, "percent_covered_display": "0", "missing_lines": 1, "excluded_lines": 0}, "missing_lines": [38], "excluded_lines": []}, "ScraperRepository.get_price_source_by_name": {"executed_lines": [], "summary": {"covered_lines": 0, "num_statements": 1, "percent_covered": 0.0, "percent_covered_display": "0", "missing_lines": 1, "excluded_lines": 0}, "missing_lines": [43], "excluded_lines": []}, "ScraperRepository.update_price_source": {"executed_lines": [], "summary": {"covered_lines": 0, "num_statements": 6, "percent_covered": 0.0, "percent_covered_display": "0", "missing_lines": 6, "excluded_lines": 0}, "missing_lines": [48, 49, 50, 52, 53, 54], "excluded_lines": []}, "ScraperRepository.delete_price_source": {"executed_lines": [], "summary": {"covered_lines": 0, "num_statements": 4, "percent_covered": 0.0, "percent_covered_display": "0", "missing_lines": 4, "excluded_lines": 0}, "missing_lines": [59, 60, 61, 62], "excluded_lines": []}, "ScraperRepository.create_scraped_price": {"executed_lines": [], "summary": {"covered_lines": 0, "num_statements": 5, "percent_covered": 0.0, "percent_covered_display": "0", "missing_lines": 5, "excluded_lines": 0}, "missing_lines": [69, 70, 71, 72, 73], "excluded_lines": []}, "ScraperRepository.get_scraped_prices": {"executed_lines": [], "summary": {"covered_lines": 0, "num_statements": 9, "percent_covered": 0.0, "percent_covered_display": "0", "missing_lines": 9, "excluded_lines": 0}, "missing_lines": [89, 91, 92, 94, 95, 97, 98, 99, 101], "excluded_lines": []}, "ScraperRepository.get_latest_price": {"executed_lines": [], "summary": {"covered_lines": 0, "num_statements": 1, "percent_covered": 0.0, "percent_covered_display": "0", "missing_lines": 1, "excluded_lines": 0}, "missing_lines": [106], "excluded_lines": []}, "ScraperRepository.delete_old_scraped_prices": {"executed_lines": [], "summary": {"covered_lines": 0, "num_statements": 5, "percent_covered": 0.0, "percent_covered_display": "0", "missing_lines": 5, "excluded_lines": 0}, "missing_lines": [119, 120, 125, 126, 127], "excluded_lines": []}, "": {"executed_lines": [1, 2, 3, 4, 5, 6, 8, 11, 12, 16, 17, 25, 26, 35, 36, 40, 41, 45, 46, 56, 57, 66, 67, 75, 76, 103, 104, 116, 117], "summary": {"covered_lines": 28, "num_statements": 28, "percent_covered": 100.0, "percent_covered_display": "100", "missing_lines": 0, "excluded_lines": 0}, "missing_lines": [], "excluded_lines": []}}, "classes": {"ScraperRepository": {"executed_lines": [], "summary": {"covered_lines": 0, "num_statements": 41, "percent_covered": 0.0, "percent_covered_display": "0", "missing_lines": 41, "excluded_lines": 0}, "missing_lines": [19, 20, 21, 22, 23, 28, 30, 31, 33, 38, 43, 48, 49, 50, 52, 53, 54, 59, 60, 61, 62, 69, 70, 71, 72, 73, 89, 91, 92, 94, 95, 97, 98, 99, 101, 106, 119, 120, 125, 126, 127], "excluded_lines": []}, "": {"executed_lines": [1, 2, 3, 4, 5, 6, 8, 11, 12, 16, 17, 25, 26, 35, 36, 40, 41, 45, 46, 56, 57, 66, 67, 75, 76, 103, 104, 116, 117], "summary": {"covered_lines": 28, "num_statements": 28, "percent_covered": 100.0, "percent_covered_display": "100", "missing_lines": 0, "excluded_lines": 0}, "missing_lines": [], "excluded_lines": []}}}, "app\\scrapers\\routes\\__init__.py": {"executed_lines": [1, 3], "summary": {"covered_lines": 2, "num_statements": 2, "percent_covered": 100.0, "percent_covered_display": "100", "missing_lines": 0, "excluded_lines": 0}, "missing_lines": [], "excluded_lines": [], "functions": {"": {"executed_lines": [1, 3], "summary": {"covered_lines": 2, "num_statements": 2, "percent_covered": 100.0, "percent_covered_display": "100", "missing_lines": 0, "excluded_lines": 0}, "missing_lines": [], "excluded_lines": []}}, "classes": {"": {"executed_lines": [1, 3], "summary": {"covered_lines": 2, "num_statements": 2, "percent_covered": 100.0, "percent_covered_display": "100", "missing_lines": 0, "excluded_lines": 0}, "missing_lines": [], "excluded_lines": []}}}, "app\\scrapers\\routes\\scraper_routes.py": {"executed_lines": [1, 2, 3, 4, 5, 6, 12, 17, 18, 19, 20, 21, 30, 31, 32, 42, 43, 44, 53, 54, 55, 56, 65, 66, 67, 78, 79, 80, 81, 82, 92, 93, 94, 104, 105, 106, 116, 117, 118], "summary": {"covered_lines": 39, "num_statements": 48, "percent_covered": 81.25, "percent_covered_display": "81", "missing_lines": 9, "excluded_lines": 0}, "missing_lines": [27, 39, 50, 62, 73, 89, 101, 113, 125], "excluded_lines": [], "functions": {"create_price_source": {"executed_lines": [], "summary": {"covered_lines": 0, "num_statements": 1, "percent_covered": 0.0, "percent_covered_display": "0", "missing_lines": 1, "excluded_lines": 0}, "missing_lines": [27], "excluded_lines": []}, "get_price_sources": {"executed_lines": [], "summary": {"covered_lines": 0, "num_statements": 1, "percent_covered": 0.0, "percent_covered_display": "0", "missing_lines": 1, "excluded_lines": 0}, "missing_lines": [39], "excluded_lines": []}, "get_price_source": {"executed_lines": [], "summary": {"covered_lines": 0, "num_statements": 1, "percent_covered": 0.0, "percent_covered_display": "0", "missing_lines": 1, "excluded_lines": 0}, "missing_lines": [50], "excluded_lines": []}, "update_price_source": {"executed_lines": [], "summary": {"covered_lines": 0, "num_statements": 1, "percent_covered": 0.0, "percent_covered_display": "0", "missing_lines": 1, "excluded_lines": 0}, "missing_lines": [62], "excluded_lines": []}, "delete_price_source": {"executed_lines": [], "summary": {"covered_lines": 0, "num_statements": 1, "percent_covered": 0.0, "percent_covered_display": "0", "missing_lines": 1, "excluded_lines": 0}, "missing_lines": [73], "excluded_lines": []}, "scrape_prices": {"executed_lines": [], "summary": {"covered_lines": 0, "num_statements": 1, "percent_covered": 0.0, "percent_covered_display": "0", "missing_lines": 1, "excluded_lines": 0}, "missing_lines": [89], "excluded_lines": []}, "get_scraped_prices": {"executed_lines": [], "summary": {"covered_lines": 0, "num_statements": 1, "percent_covered": 0.0, "percent_covered_display": "0", "missing_lines": 1, "excluded_lines": 0}, "missing_lines": [101], "excluded_lines": []}, "get_price_comparison": {"executed_lines": [], "summary": {"covered_lines": 0, "num_statements": 1, "percent_covered": 0.0, "percent_covered_display": "0", "missing_lines": 1, "excluded_lines": 0}, "missing_lines": [113], "excluded_lines": []}, "cleanup_old_prices": {"executed_lines": [], "summary": {"covered_lines": 0, "num_statements": 1, "percent_covered": 0.0, "percent_covered_display": "0", "missing_lines": 1, "excluded_lines": 0}, "missing_lines": [125], "excluded_lines": []}, "": {"executed_lines": [1, 2, 3, 4, 5, 6, 12, 17, 18, 19, 20, 21, 30, 31, 32, 42, 43, 44, 53, 54, 55, 56, 65, 66, 67, 78, 79, 80, 81, 82, 92, 93, 94, 104, 105, 106, 116, 117, 118], "summary": {"covered_lines": 39, "num_statements": 39, "percent_covered": 100.0, "percent_covered_display": "100", "missing_lines": 0, "excluded_lines": 0}, "missing_lines": [], "excluded_lines": []}}, "classes": {"": {"executed_lines": [1, 2, 3, 4, 5, 6, 12, 17, 18, 19, 20, 21, 30, 31, 32, 42, 43, 44, 53, 54, 55, 56, 65, 66, 67, 78, 79, 80, 81, 82, 92, 93, 94, 104, 105, 106, 116, 117, 118], "summary": {"covered_lines": 39, "num_statements": 48, "percent_covered": 81.25, "percent_covered_display": "81", "missing_lines": 9, "excluded_lines": 0}, "missing_lines": [27, 39, 50, 62, 73, 89, 101, 113, 125], "excluded_lines": []}}}, "app\\scrapers\\schemas\\__init__.py": {"executed_lines": [1, 15], "summary": {"covered_lines": 2, "num_statements": 2, "percent_covered": 100.0, "percent_covered_display": "100", "missing_lines": 0, "excluded_lines": 0}, "missing_lines": [], "excluded_lines": [], "functions": {"": {"executed_lines": [1, 15], "summary": {"covered_lines": 2, "num_statements": 2, "percent_covered": 100.0, "percent_covered_display": "100", "missing_lines": 0, "excluded_lines": 0}, "missing_lines": [], "excluded_lines": []}}, "classes": {"": {"executed_lines": [1, 15], "summary": {"covered_lines": 2, "num_statements": 2, "percent_covered": 100.0, "percent_covered_display": "100", "missing_lines": 0, "excluded_lines": 0}, "missing_lines": [], "excluded_lines": []}}}, "app\\scrapers\\schemas\\scraper_schema.py": {"executed_lines": [1, 4, 5, 6, 7, 8, 10, 11, 12, 14, 15, 17, 18, 24, 25, 26, 27, 28, 30, 31, 32, 34, 35, 38, 39, 40, 41, 42, 43, 45, 46, 47, 49, 50, 52, 53, 56, 57, 58, 59, 61, 62, 63, 64, 66, 67, 68, 69, 71, 72, 75, 76, 77, 78, 79, 83, 84, 85, 86, 88, 89, 91], "summary": {"covered_lines": 57, "num_statements": 59, "percent_covered": 96.61016949152543, "percent_covered_display": "97", "missing_lines": 2, "excluded_lines": 0}, "missing_lines": [20, 21], "excluded_lines": [], "functions": {"PriceSourceCreateSchema.validate_template": {"executed_lines": [], "summary": {"covered_lines": 0, "num_statements": 2, "percent_covered": 0.0, "percent_covered_display": "0", "missing_lines": 2, "excluded_lines": 0}, "missing_lines": [20, 21], "excluded_lines": []}, "": {"executed_lines": [1, 4, 5, 6, 7, 8, 10, 11, 12, 14, 15, 17, 18, 24, 25, 26, 27, 28, 30, 31, 32, 34, 35, 38, 39, 40, 41, 42, 43, 45, 46, 47, 49, 50, 52, 53, 56, 57, 58, 59, 61, 62, 63, 64, 66, 67, 68, 69, 71, 72, 75, 76, 77, 78, 79, 83, 84, 85, 86, 88, 89, 91], "summary": {"covered_lines": 57, "num_statements": 57, "percent_covered": 100.0, "percent_covered_display": "100", "missing_lines": 0, "excluded_lines": 0}, "missing_lines": [], "excluded_lines": []}}, "classes": {"PriceSourceCreateSchema": {"executed_lines": [], "summary": {"covered_lines": 0, "num_statements": 2, "percent_covered": 0.0, "percent_covered_display": "0", "missing_lines": 2, "excluded_lines": 0}, "missing_lines": [20, 21], "excluded_lines": []}, "PriceSourceUpdateSchema": {"executed_lines": [], "summary": {"covered_lines": 0, "num_statements": 0, "percent_covered": 100.0, "percent_covered_display": "100", "missing_lines": 0, "excluded_lines": 0}, "missing_lines": [], "excluded_lines": []}, "PriceSourceResponseSchema": {"executed_lines": [], "summary": {"covered_lines": 0, "num_statements": 0, "percent_covered": 100.0, "percent_covered_display": "100", "missing_lines": 0, "excluded_lines": 0}, "missing_lines": [], "excluded_lines": []}, "ScrapedPriceResponseSchema": {"executed_lines": [], "summary": {"covered_lines": 0, "num_statements": 0, "percent_covered": 100.0, "percent_covered_display": "100", "missing_lines": 0, "excluded_lines": 0}, "missing_lines": [], "excluded_lines": []}, "ScrapeRequestSchema": {"executed_lines": [], "summary": {"covered_lines": 0, "num_statements": 0, "percent_covered": 100.0, "percent_covered_display": "100", "missing_lines": 0, "excluded_lines": 0}, "missing_lines": [], "excluded_lines": []}, "": {"executed_lines": [1, 4, 5, 6, 7, 8, 10, 11, 12, 14, 15, 17, 18, 24, 25, 26, 27, 28, 30, 31, 32, 34, 35, 38, 39, 40, 41, 42, 43, 45, 46, 47, 49, 50, 52, 53, 56, 57, 58, 59, 61, 62, 63, 64, 66, 67, 68, 69, 71, 72, 75, 76, 77, 78, 79, 83, 84, 85, 86, 88, 89, 91], "summary": {"covered_lines": 57, "num_statements": 57, "percent_covered": 100.0, "percent_covered_display": "100", "missing_lines": 0, "excluded_lines": 0}, "missing_lines": [], "excluded_lines": []}}}, "app\\scrapers\\services\\__init__.py": {"executed_lines": [1, 3], "summary": {"covered_lines": 2, "num_statements": 2, "percent_covered": 100.0, "percent_covered_display": "100", "missing_lines": 0, "excluded_lines": 0}, "missing_lines": [], "excluded_lines": [], "functions": {"": {"executed_lines": [1, 3], "summary": {"covered_lines": 2, "num_statements": 2, "percent_covered": 100.0, "percent_covered_display": "100", "missing_lines": 0, "excluded_lines": 0}, "missing_lines": [], "excluded_lines": []}}, "classes": {"": {"executed_lines": [1, 3], "summary": {"covered_lines": 2, "num_statements": 2, "percent_covered": 100.0, "percent_covered_display": "100", "missing_lines": 0, "excluded_lines": 0}, "missing_lines": [], "excluded_lines": []}}}, "app\\scrapers\\services\\scraper_service.py": {"executed_lines": [1, 2, 3, 4, 5, 6, 7, 8, 9, 11, 14, 15, 17, 18, 22, 31, 35, 42, 54, 61, 80, 84, 86, 87, 89, 91, 92, 94, 95, 96, 97, 98, 99, 102, 103, 104, 105, 107, 108, 109, 111, 113, 120, 122, 123, 125, 126, 127, 129, 131, 142, 144, 145, 148, 151, 152, 155, 158, 159, 160, 161, 163, 166, 167, 171, 172, 174, 175, 176, 179, 180, 181, 182, 183, 186, 197, 206, 212, 215, 217, 218, 220, 222, 223, 224, 225, 229, 242, 246, 251, 253, 254, 260, 262], "summary": {"covered_lines": 93, "num_statements": 122, "percent_covered": 76.22950819672131, "percent_covered_display": "76", "missing_lines": 29, "excluded_lines": 0}, "missing_lines": [25, 26, 27, 29, 33, 37, 38, 39, 40, 44, 47, 48, 49, 50, 52, 56, 57, 81, 82, 168, 169, 199, 200, 201, 202, 203, 204, 236, 244], "excluded_lines": [], "functions": {"ScraperService.__init__": {"executed_lines": [18], "summary": {"covered_lines": 1, "num_statements": 1, "percent_covered": 100.0, "percent_covered_display": "100", "missing_lines": 0, "excluded_lines": 0}, "missing_lines": [], "excluded_lines": []}, "ScraperService.create_price_source": {"executed_lines": [], "summary": {"covered_lines": 0, "num_statements": 4, "percent_covered": 0.0, "percent_covered_display": "0", "missing_lines": 4, "excluded_lines": 0}, "missing_lines": [25, 26, 27, 29], "excluded_lines": []}, "ScraperService.get_all_price_sources": {"executed_lines": [], "summary": {"covered_lines": 0, "num_statements": 1, "percent_covered": 0.0, "percent_covered_display": "0", "missing_lines": 1, "excluded_lines": 0}, "missing_lines": [33], "excluded_lines": []}, "ScraperService.get_price_source": {"executed_lines": [], "summary": {"covered_lines": 0, "num_statements": 4, "percent_covered": 0.0, "percent_covered_display": "0", "missing_lines": 4, "excluded_lines": 0}, "missing_lines": [37, 38, 39, 40], "excluded_lines": []}, "ScraperService.update_price_source": {"executed_lines": [], "summary": {"covered_lines": 0, "num_statements": 6, "percent_covered": 0.0, "percent_covered_display": "0", "missing_lines": 6, "excluded_lines": 0}, "missing_lines": [44, 47, 48, 49, 50, 52], "excluded_lines": []}, "ScraperService.delete_price_source": {"executed_lines": [], "summary": {"covered_lines": 0, "num_statements": 2, "percent_covered": 0.0, "percent_covered_display": "0", "missing_lines": 2, "excluded_lines": 0}, "missing_lines": [56, 57], "excluded_lines": []}, "ScraperService.scrape_ingredient_prices": {"executed_lines": [80, 84, 86, 87, 89, 91, 92, 94, 95, 96, 97, 98, 99, 102, 103, 104, 105, 107, 108, 109, 111], "summary": {"covered_lines": 21, "num_statements": 23, "percent_covered": 91.30434782608695, "percent_covered_display": "91", "missing_lines": 2, "excluded_lines": 0}, "missing_lines": [81, 82], "excluded_lines": []}, "ScraperService._get_cached_price": {"executed_lines": [120, 122, 123, 125, 126, 127, 129], "summary": {"covered_lines": 7, "num_statements": 7, "percent_covered": 100.0, "percent_covered_display": "100", "missing_lines": 0, "excluded_lines": 0}, "missing_lines": [], "excluded_lines": []}, "ScraperService._scrape_from_source": {"executed_lines": [142, 144, 145, 148, 151, 152, 155, 158, 159, 160, 161, 163, 166, 167, 171, 172, 174, 175, 176, 179, 180, 181, 182, 183, 186, 197], "summary": {"covered_lines": 26, "num_statements": 34, "percent_covered": 76.47058823529412, "percent_covered_display": "76", "missing_lines": 8, "excluded_lines": 0}, "missing_lines": [168, 169, 199, 200, 201, 202, 203, 204], "excluded_lines": []}, "ScraperService._extract_price": {"executed_lines": [212, 215, 217, 218, 220, 222, 223, 224, 225], "summary": {"covered_lines": 9, "num_statements": 9, "percent_covered": 100.0, "percent_covered_display": "100", "missing_lines": 0, "excluded_lines": 0}, "missing_lines": [], "excluded_lines": []}, "ScraperService.get_scraped_prices": {"executed_lines": [], "summary": {"covered_lines": 0, "num_statements": 1, "percent_covered": 0.0, "percent_covered_display": "0", "missing_lines": 1, "excluded_lines": 0}, "missing_lines": [236], "excluded_lines": []}, "ScraperService.cleanup_old_prices": {"executed_lines": [], "summary": {"covered_lines": 0, "num_statements": 1, "percent_covered": 0.0, "percent_covered_display": "0", "missing_lines": 1, "excluded_lines": 0}, "missing_lines": [244], "excluded_lines": []}, "ScraperService.get_price_comparison": {"executed_lines": [251, 253, 254, 260, 262], "summary": {"covered_lines": 5, "num_statements": 5, "percent_covered": 100.0, "percent_covered_display": "100", "missing_lines": 0, "excluded_lines": 0}, "missing_lines": [], "excluded_lines": []}, "": {"executed_lines": [1, 2, 3, 4, 5, 6, 7, 8, 9, 11, 14, 15, 17, 22, 31, 35, 42, 54, 61, 113, 131, 206, 229, 242, 246], "summary": {"covered_lines": 24, "num_statements": 24, "percent_covered": 100.0, "percent_covered_display": "100", "missing_lines": 0, "excluded_lines": 0}, "missing_lines": [], "excluded_lines": []}}, "classes": {"ScraperService": {"executed_lines": [18, 80, 84, 86, 87, 89, 91, 92, 94, 95, 96, 97, 98, 99, 102, 103, 104, 105, 107, 108, 109, 111, 120, 122, 123, 125, 126, 127, 129, 142, 144, 145, 148, 151, 152, 155, 158, 159, 160, 161, 163, 166, 167, 171, 172, 174, 175, 176, 179, 180, 181, 182, 183, 186, 197, 212, 215, 217, 218, 220, 222, 223, 224, 225, 251, 253, 254, 260, 262], "summary": {"covered_lines": 69, "num_statements": 98, "percent_covered": 70.40816326530613, "percent_covered_display": "70", "missing_lines": 29, "excluded_lines": 0}, "missing_lines": [25, 26, 27, 29, 33, 37, 38, 39, 40, 44, 47, 48, 49, 50, 52, 56, 57, 81, 82, 168, 169, 199, 200, 201, 202, 203, 204, 236, 244], "excluded_lines": []}, "": {"executed_lines": [1, 2, 3, 4, 5, 6, 7, 8, 9, 11, 14, 15, 17, 22, 31, 35, 42, 54, 61, 113, 131, 206, 229, 242, 246], "summary": {"covered_lines": 24, "num_statements": 24, "percent_covered": 100.0, "percent_covered_display": "100", "missing_lines": 0, "excluded_lines": 0}, "missing_lines": [], "excluded_lines": []}}}}, "totals": {"covered_lines": 3064, "num_statements": 5170, "percent_covered": 59.26499032882012, "percent_covered_display": "59", "missing_lines": 2106, "excluded_lines": 0}}